gpu01:3541:3541 [0] NCCL INFO NCCL version 2.21.5+cuda12.4
gpu01:3541:3541 [0] NCCL INFO AllReduce: opCount 0 sendbuff 0x7f1ea9600200 recvbuff 0x7f1ea9600200 count 1 datatype 7 op 0 root 0 comm 0x555e1553ce10 [nranks=2] stream 0x555e155278b0
gpu01:3541:3541 [0] NCCL INFO AllReduce: opCount 1 sendbuff 0x7f1ea9600000 recvbuff 0x7f1ea9600000 count 1 datatype 7 op 0 root 0 comm 0x555e1553ce10 [nranks=2] stream 0x555e155278b0
gpu01:3541:3541 [0] NCCL INFO AllReduce: opCount 2 sendbuff 0x7f1ea9600000 recvbuff 0x7f1ea9600000 count 1 datatype 8 op 3 root 0 comm 0x555e1553ce10 [nranks=2] stream 0x555e155278b0
gpu01:3541:3541 [0] NCCL INFO AllReduce: opCount 3 sendbuff 0x7f1ea9600200 recvbuff 0x7f1ea9600200 count 1 datatype 7 op 0 root 0 comm 0x555e1553ce10 [nranks=2] stream 0x555e155278b0
gpu01:3541:3541 [0] NCCL INFO AllReduce: opCount 4 sendbuff 0x7f1ea9600400 recvbuff 0x7f1ea9600400 count 1 datatype 7 op 0 root 0 comm 0x555e1553ce10 [nranks=2] stream 0x555e155278b0
gpu01:3541:3541 [0] NCCL INFO AllGather: opCount 5 sendbuff 0x7f1ea9600600 recvbuff 0x7f1ea9644c00 count 8 datatype 0 op 0 root 0 comm 0x555e1553ce10 [nranks=2] stream 0x555e155278b0
gpu01:3541:3541 [0] NCCL INFO AllGather: opCount 6 sendbuff 0x7f1ea9600400 recvbuff 0x7f1ea9644e00 count 62 datatype 0 op 0 root 0 comm 0x555e1553ce10 [nranks=2] stream 0x555e155278b0
gpu01:3541:3541 [0] NCCL INFO AllGather: opCount 7 sendbuff 0x7f1ea9644c00 recvbuff 0x7f1ea9645000 count 8 datatype 0 op 0 root 0 comm 0x555e1553ce10 [nranks=2] stream 0x555e155278b0
gpu01:3541:3541 [0] NCCL INFO AllGather: opCount 8 sendbuff 0x7f1ea9644a00 recvbuff 0x7f1ea9645200 count 62 datatype 0 op 0 root 0 comm 0x555e1553ce10 [nranks=2] stream 0x555e155278b0
gpu01:3541:3541 [0] NCCL INFO AllReduce: opCount 9 sendbuff 0x7f1ea9600200 recvbuff 0x7f1ea9600200 count 1 datatype 7 op 0 root 0 comm 0x555e1553ce10 [nranks=2] stream 0x555e155278b0
gpu01:3541:3541 [0] NCCL INFO AllReduce: opCount a sendbuff 0x7f1ea9644a00 recvbuff 0x7f1ea9644a00 count 1 datatype 7 op 0 root 0 comm 0x555e1553ce10 [nranks=2] stream 0x555e155278b0
gpu01:3541:3541 [0] NCCL INFO AllReduce: opCount b sendbuff 0x7f1ea9600200 recvbuff 0x7f1ea9600200 count 1 datatype 7 op 0 root 0 comm 0x555e1553ce10 [nranks=2] stream 0x555e155278b0
gpu01:3541:3541 [0] NCCL INFO AllReduce: opCount c sendbuff 0x7f1ea9644a00 recvbuff 0x7f1ea9644a00 count 1 datatype 7 op 0 root 0 comm 0x555e1553ce10 [nranks=2] stream 0x555e155278b0
gpu01:3541:3541 [0] NCCL INFO AllReduce: opCount d sendbuff 0x7f1ea9600200 recvbuff 0x7f1ea9600200 count 1 datatype 7 op 0 root 0 comm 0x555e1553ce10 [nranks=2] stream 0x555e155278b0
gpu01:3541:3541 [0] NCCL INFO Broadcast: opCount e sendbuff 0x7f1ea9600200 recvbuff 0x7f1ea9600200 count 24 datatype 0 op 0 root 0 comm 0x555e1553ce10 [nranks=2] stream 0x555e155278b0
gpu01:3541:3541 [0] NCCL INFO AllReduce: opCount f sendbuff 0x7f1ea9644a00 recvbuff 0x7f1ea9644a00 count 1 datatype 7 op 0 root 0 comm 0x555e1553ce10 [nranks=2] stream 0x555e155278b0
gpu01:3541:3541 [0] NCCL INFO AllReduce: opCount 10 sendbuff 0x7f1ea9600200 recvbuff 0x7f1ea9600200 count 1 datatype 7 op 0 root 0 comm 0x555e1553ce10 [nranks=2] stream 0x555e155278b0
gpu01:3541:3541 [0] NCCL INFO AllGather: opCount 11 sendbuff 0x7f1ea9600200 recvbuff 0x7f1ea9600200 count 8 datatype 0 op 0 root 0 comm 0x555e1553ce10 [nranks=2] stream 0x555e155278b0
gpu01:3541:3541 [0] NCCL INFO AllReduce: opCount 12 sendbuff 0x7f1ea9644a00 recvbuff 0x7f1ea9644a00 count 1 datatype 7 op 0 root 0 comm 0x555e1553ce10 [nranks=2] stream 0x555e155278b0
gpu01:3541:3541 [0] NCCL INFO AllReduce: opCount 13 sendbuff 0x7f1ea9600200 recvbuff 0x7f1ea9600200 count 1 datatype 7 op 0 root 0 comm 0x555e1553ce10 [nranks=2] stream 0x555e155278b0
gpu01:3541:3541 [0] NCCL INFO AllReduce: opCount 14 sendbuff 0x7f1ea9644a00 recvbuff 0x7f1ea9644a00 count 1 datatype 7 op 0 root 0 comm 0x555e1553ce10 [nranks=2] stream 0x555e155278b0
gpu01:3541:3541 [0] NCCL INFO Broadcast: opCount 0 sendbuff 0x7f1ea9644c00 recvbuff 0x7f1ea9644c00 count 4096 datatype 0 op 0 root 0 comm 0x555e1af70e30 [nranks=1] stream 0x555e1554da50
gpu01:3541:3541 [0] NCCL INFO Broadcast: opCount 0 sendbuff 0x7f1ea9645c00 recvbuff 0x7f1ea9645c00 count 4096 datatype 0 op 0 root 0 comm 0x555e1af70e30 [nranks=1] stream 0x555e1554da50
gpu01:3541:3541 [0] NCCL INFO Broadcast: opCount 0 sendbuff 0x7f1ea9646c00 recvbuff 0x7f1ea9646c00 count 2048 datatype 0 op 0 root 0 comm 0x555e1af70e30 [nranks=1] stream 0x555e1554da50
gpu01:3541:3541 [0] NCCL INFO Broadcast: opCount 0 sendbuff 0x7f1ea9647400 recvbuff 0x7f1ea9647400 count 262144 datatype 0 op 0 root 0 comm 0x555e1af70e30 [nranks=1] stream 0x555e1554da50
gpu01:3541:3541 [0] NCCL INFO Broadcast: opCount 0 sendbuff 0x7f1ea9687400 recvbuff 0x7f1ea9687400 count 4096 datatype 0 op 0 root 0 comm 0x555e1af70e30 [nranks=1] stream 0x555e1554da50
gpu01:3541:3541 [0] NCCL INFO AllReduce: opCount 0 sendbuff 0x7f1ea96a4c00 recvbuff 0x7f1ea96a4c00 count 512 datatype 7 op 2 root 0 comm 0x555e1af70e30 [nranks=1] stream 0x555e1554da50
gpu01:3541:3541 [0] NCCL INFO AllReduce: opCount 0 sendbuff 0x7f1ea96a7400 recvbuff 0x7f1ea96a7400 count 1024 datatype 7 op 0 root 0 comm 0x555e1af70e30 [nranks=1] stream 0x555e1554da50
gpu01:3541:3541 [0] NCCL INFO Broadcast: opCount 0 sendbuff 0x7f1ea96a5200 recvbuff 0x7f1ea96a5200 count 4096 datatype 0 op 0 root 0 comm 0x555e1af70e30 [nranks=1] stream 0x555e1554da50
gpu01:3541:3541 [0] NCCL INFO Broadcast: opCount 0 sendbuff 0x7f1ea96a6200 recvbuff 0x7f1ea96a6200 count 4096 datatype 0 op 0 root 0 comm 0x555e1af70e30 [nranks=1] stream 0x555e1554da50
gpu01:3541:3541 [0] NCCL INFO Broadcast: opCount 0 sendbuff 0x7f1ea96a7200 recvbuff 0x7f1ea96a7200 count 2048 datatype 0 op 0 root 0 comm 0x555e1af70e30 [nranks=1] stream 0x555e1554da50
gpu01:3541:3541 [0] NCCL INFO Broadcast: opCount 0 sendbuff 0x7f1ea9644c00 recvbuff 0x7f1ea9644c00 count 262144 datatype 0 op 0 root 0 comm 0x555e1af70e30 [nranks=1] stream 0x555e1554da50
gpu01:3541:3541 [0] NCCL INFO Broadcast: opCount 0 sendbuff 0x7f1ea96a7a00 recvbuff 0x7f1ea96a7a00 count 4096 datatype 0 op 0 root 0 comm 0x555e1af70e30 [nranks=1] stream 0x555e1554da50
gpu01:3541:3541 [0] NCCL INFO AllReduce: opCount 0 sendbuff 0x7f1ea96a0c00 recvbuff 0x7f1ea96a0c00 count 512 datatype 7 op 2 root 0 comm 0x555e1af70e30 [nranks=1] stream 0x555e1554da50
gpu01:3541:3541 [0] NCCL INFO AllReduce: opCount 0 sendbuff 0x7f1ea96a3400 recvbuff 0x7f1ea96a3400 count 1024 datatype 7 op 0 root 0 comm 0x555e1af70e30 [nranks=1] stream 0x555e1554da50
gpu01:3541:3541 [0] NCCL INFO AllReduce: opCount 15 sendbuff 0x7f1ea9600200 recvbuff 0x7f1ea9600200 count 1 datatype 7 op 0 root 0 comm 0x555e1553ce10 [nranks=2] stream 0x555e155278b0
gpu01:3541:3541 [0] NCCL INFO AllReduce: opCount 16 sendbuff 0x7f1ea97ffe00 recvbuff 0x7f1ea97ffe00 count 1 datatype 7 op 0 root 0 comm 0x555e1553ce10 [nranks=2] stream 0x555e155278b0
gpu01:3541:3541 [0] NCCL INFO AllReduce: opCount 17 sendbuff 0x7f1ea9600200 recvbuff 0x7f1ea9600200 count 1 datatype 7 op 0 root 0 comm 0x555e1553ce10 [nranks=2] stream 0x555e155278b0
gpu01:3541:3541 [0] NCCL INFO AllReduce: opCount 18 sendbuff 0x7f1ea97ffe00 recvbuff 0x7f1ea97ffe00 count 1 datatype 7 op 0 root 0 comm 0x555e1553ce10 [nranks=2] stream 0x555e155278b0
gpu01:3541:3541 [0] NCCL INFO Broadcast: opCount 0 sendbuff 0x7f1ea9644a00 recvbuff 0x7f1ea9644a00 count 4 datatype 0 op 0 root 0 comm 0x555e2471a300 [nranks=1] stream 0x555e155569d0
gpu01:3541:3541 [0] NCCL INFO AllReduce: opCount 0 sendbuff 0x7f1ea9644a00 recvbuff 0x7f1ea9644a00 count 1 datatype 2 op 0 root 0 comm 0x555e2471ebf0 [nranks=2] stream 0x555e15556cd0
gpu01:3541:3541 [0] NCCL INFO AllReduce: opCount 19 sendbuff 0x7f1ea96a2800 recvbuff 0x7f1ea96a2800 count 1 datatype 2 op 0 root 0 comm 0x555e1553ce10 [nranks=2] stream 0x555e155278b0
gpu01:3541:3541 [0] NCCL INFO AllReduce: opCount 1a sendbuff 0x7f1ea9600200 recvbuff 0x7f1ea9600200 count 1 datatype 7 op 0 root 0 comm 0x555e1553ce10 [nranks=2] stream 0x555e155278b0
gpu01:3541:3541 [0] NCCL INFO AllReduce: opCount 1b sendbuff 0x7f1ea96a2800 recvbuff 0x7f1ea96a2800 count 1 datatype 7 op 0 root 0 comm 0x555e1553ce10 [nranks=2] stream 0x555e155278b0
gpu01:3541:3541 [0] NCCL INFO AllReduce: opCount 0 sendbuff 0x7f1ea96a2a00 recvbuff 0x7f1ea96a2a00 count 1 datatype 7 op 0 root 0 comm 0x555e247c5b00 [nranks=1] stream 0x555e0f14a6c0
gpu01:3541:3541 [0] NCCL INFO AllReduce: opCount 1c sendbuff 0x7f1ea9600200 recvbuff 0x7f1ea9600200 count 1 datatype 7 op 0 root 0 comm 0x555e1553ce10 [nranks=2] stream 0x555e155278b0
gpu01:3541:3541 [0] NCCL INFO AllReduce: opCount 0 sendbuff 0x7f1ea9600200 recvbuff 0x7f1ea9600200 count 1 datatype 2 op 3 root 0 comm 0x555e247c5b00 [nranks=1] stream 0x555e0f14a6c0
gpu01:3541:3541 [0] NCCL INFO AllReduce: opCount 0 sendbuff 0x7f1ea9600200 recvbuff 0x7f1ea9600200 count 1 datatype 7 op 2 root 0 comm 0x555e247c5b00 [nranks=1] stream 0x555e0f14a6c0
gpu01:3541:3541 [0] NCCL INFO AllReduce: opCount 1 sendbuff 0x7f1ea96a9200 recvbuff 0x7f1ea96a9200 count 2 datatype 7 op 0 root 0 comm 0x555e2471ebf0 [nranks=2] stream 0x555e15556cd0
gpu01:3541:3541 [0] NCCL INFO AllReduce: opCount 0 sendbuff 0x7f1ea96a9200 recvbuff 0x7f1ea96a9200 count 1 datatype 7 op 2 root 0 comm 0x555e247c5b00 [nranks=1] stream 0x555e0f14a6c0
gpu01:3541:3541 [0] NCCL INFO AllReduce: opCount 1d sendbuff 0x7f1ea96a4c00 recvbuff 0x7f1ea96a4c00 count 1 datatype 7 op 0 root 0 comm 0x555e1553ce10 [nranks=2] stream 0x555e155278b0
gpu01:3541:3541 [0] NCCL INFO AllReduce: opCount 1e sendbuff 0x7f1ea96a9200 recvbuff 0x7f1ea96a9200 count 1 datatype 7 op 0 root 0 comm 0x555e1553ce10 [nranks=2] stream 0x555e155278b0
gpu01:3541:3541 [0] NCCL INFO AllGather: opCount 1f sendbuff 0x7f1ea96a4a00 recvbuff 0x7f1ea96a4a00 count 96 datatype 0 op 0 root 0 comm 0x555e1553ce10 [nranks=2] stream 0x555e155278b0
gpu01:3541:3541 [0] NCCL INFO AllReduce: opCount 20 sendbuff 0x7f1ea96a4a00 recvbuff 0x7f1ea96a4a00 count 1 datatype 2 op 2 root 0 comm 0x555e1553ce10 [nranks=2] stream 0x555e155278b0
gpu01:3541:3541 [0] NCCL INFO AllReduce: opCount 21 sendbuff 0x7f1ea96a4c00 recvbuff 0x7f1ea96a4c00 count 1 datatype 7 op 0 root 0 comm 0x555e1553ce10 [nranks=2] stream 0x555e155278b0
gpu01:3541:3541 [0] NCCL INFO Broadcast: opCount 0 sendbuff 0x7f1ea96a0a00 recvbuff 0x7f1ea96a0a00 count 4096 datatype 0 op 0 root 0 comm 0x555e1af70e30 [nranks=1] stream 0x555e1554da50
gpu01:3541:3541 [0] NCCL INFO Broadcast: opCount 0 sendbuff 0x7f1ea96a1a00 recvbuff 0x7f1ea96a1a00 count 4096 datatype 0 op 0 root 0 comm 0x555e1af70e30 [nranks=1] stream 0x555e1554da50
gpu01:3541:3541 [0] NCCL INFO Broadcast: opCount 0 sendbuff 0x7f1ea970f400 recvbuff 0x7f1ea970f400 count 2048 datatype 0 op 0 root 0 comm 0x555e1af70e30 [nranks=1] stream 0x555e1554da50
gpu01:3541:3541 [0] NCCL INFO Broadcast: opCount 0 sendbuff 0x7f1ea970fc00 recvbuff 0x7f1ea970fc00 count 262144 datatype 0 op 0 root 0 comm 0x555e1af70e30 [nranks=1] stream 0x555e1554da50
gpu01:3541:3541 [0] NCCL INFO Broadcast: opCount 0 sendbuff 0x7f1ea974fc00 recvbuff 0x7f1ea974fc00 count 4096 datatype 0 op 0 root 0 comm 0x555e1af70e30 [nranks=1] stream 0x555e1554da50
gpu01:3541:3541 [0] NCCL INFO AllReduce: opCount 0 sendbuff 0x7f19587c4000 recvbuff 0x7f19587c4000 count 512 datatype 7 op 2 root 0 comm 0x555e1af70e30 [nranks=1] stream 0x555e1554da50
gpu01:3541:3541 [0] NCCL INFO AllReduce: opCount 0 sendbuff 0x7f19587c6800 recvbuff 0x7f19587c6800 count 1024 datatype 7 op 0 root 0 comm 0x555e1af70e30 [nranks=1] stream 0x555e1554da50
gpu01:3541:3541 [0] NCCL INFO Broadcast: opCount 0 sendbuff 0x7f1ea97d8c00 recvbuff 0x7f1ea97d8c00 count 4096 datatype 0 op 0 root 0 comm 0x555e1af70e30 [nranks=1] stream 0x555e1554da50
gpu01:3541:3541 [0] NCCL INFO Broadcast: opCount 0 sendbuff 0x7f1ea97dbc00 recvbuff 0x7f1ea97dbc00 count 4096 datatype 0 op 0 root 0 comm 0x555e1af70e30 [nranks=1] stream 0x555e1554da50
gpu01:3541:3541 [0] NCCL INFO Broadcast: opCount 0 sendbuff 0x7f1ea97dec00 recvbuff 0x7f1ea97dec00 count 2048 datatype 0 op 0 root 0 comm 0x555e1af70e30 [nranks=1] stream 0x555e1554da50
gpu01:3541:3541 [0] NCCL INFO Broadcast: opCount 0 sendbuff 0x7f1ea970f400 recvbuff 0x7f1ea970f400 count 262144 datatype 0 op 0 root 0 comm 0x555e1af70e30 [nranks=1] stream 0x555e1554da50
gpu01:3541:3541 [0] NCCL INFO Broadcast: opCount 0 sendbuff 0x7f1ea97e1c00 recvbuff 0x7f1ea97e1c00 count 4096 datatype 0 op 0 root 0 comm 0x555e1af70e30 [nranks=1] stream 0x555e1554da50
gpu01:3541:3541 [0] NCCL INFO AllReduce: opCount 0 sendbuff 0x7f19587c4200 recvbuff 0x7f19587c4200 count 512 datatype 7 op 2 root 0 comm 0x555e1af70e30 [nranks=1] stream 0x555e1554da50
gpu01:3541:3541 [0] NCCL INFO AllReduce: opCount 0 sendbuff 0x7f19587c6a00 recvbuff 0x7f19587c6a00 count 1024 datatype 7 op 0 root 0 comm 0x555e1af70e30 [nranks=1] stream 0x555e1554da50
gpu01:3541:3541 [0] NCCL INFO AllReduce: opCount 22 sendbuff 0x7f19587c4800 recvbuff 0x7f19587c4800 count 1 datatype 7 op 0 root 0 comm 0x555e1553ce10 [nranks=2] stream 0x555e155278b0
gpu01:3541:3541 [0] NCCL INFO AllReduce: opCount 23 sendbuff 0x7f19587c4400 recvbuff 0x7f19587c4400 count 1 datatype 7 op 0 root 0 comm 0x555e1553ce10 [nranks=2] stream 0x555e155278b0
gpu01:3541:3541 [0] NCCL INFO AllReduce: opCount 24 sendbuff 0x7f1ea96a4a00 recvbuff 0x7f1ea96a4a00 count 1 datatype 7 op 0 root 0 comm 0x555e1553ce10 [nranks=2] stream 0x555e155278b0
gpu01:3541:3541 [0] NCCL INFO AllReduce: opCount 25 sendbuff 0x7f19587c4400 recvbuff 0x7f19587c4400 count 1 datatype 7 op 0 root 0 comm 0x555e1553ce10 [nranks=2] stream 0x555e155278b0
gpu01:3541:3541 [0] NCCL INFO Broadcast: opCount 0 sendbuff 0x7f1ea96a4c00 recvbuff 0x7f1ea96a4c00 count 4 datatype 0 op 0 root 0 comm 0x555e2471a300 [nranks=1] stream 0x555e155569d0
gpu01:3541:3541 [0] NCCL INFO AllReduce: opCount 2 sendbuff 0x7f1ea96a4c00 recvbuff 0x7f1ea96a4c00 count 1 datatype 2 op 0 root 0 comm 0x555e2471ebf0 [nranks=2] stream 0x555e15556cd0
gpu01:3541:3541 [0] NCCL INFO AllReduce: opCount 26 sendbuff 0x7f19587c4200 recvbuff 0x7f19587c4200 count 1 datatype 2 op 0 root 0 comm 0x555e1553ce10 [nranks=2] stream 0x555e155278b0
gpu01:3541:3541 [0] NCCL INFO AllReduce: opCount 27 sendbuff 0x7f19587c4400 recvbuff 0x7f19587c4400 count 1 datatype 7 op 0 root 0 comm 0x555e1553ce10 [nranks=2] stream 0x555e155278b0
gpu01:3541:3541 [0] NCCL INFO AllReduce: opCount 28 sendbuff 0x7f19587c4200 recvbuff 0x7f19587c4200 count 1 datatype 7 op 0 root 0 comm 0x555e1553ce10 [nranks=2] stream 0x555e155278b0
gpu01:3541:3541 [0] NCCL INFO AllReduce: opCount 0 sendbuff 0x7f1ea96a4a00 recvbuff 0x7f1ea96a4a00 count 1 datatype 7 op 0 root 0 comm 0x555e247c5b00 [nranks=1] stream 0x555e0f14a6c0
gpu01:3541:3541 [0] NCCL INFO AllReduce: opCount 29 sendbuff 0x7f19587c4400 recvbuff 0x7f19587c4400 count 1 datatype 7 op 0 root 0 comm 0x555e1553ce10 [nranks=2] stream 0x555e155278b0
gpu01:3541:3541 [0] NCCL INFO AllReduce: opCount 0 sendbuff 0x7f19587c4400 recvbuff 0x7f19587c4400 count 1 datatype 2 op 3 root 0 comm 0x555e247c5b00 [nranks=1] stream 0x555e0f14a6c0
gpu01:3541:3541 [0] NCCL INFO AllReduce: opCount 0 sendbuff 0x7f19587c4400 recvbuff 0x7f19587c4400 count 1 datatype 7 op 2 root 0 comm 0x555e247c5b00 [nranks=1] stream 0x555e0f14a6c0
gpu01:3541:3541 [0] NCCL INFO AllReduce: opCount 3 sendbuff 0x7f1ea96a4a00 recvbuff 0x7f1ea96a4a00 count 2 datatype 7 op 0 root 0 comm 0x555e2471ebf0 [nranks=2] stream 0x555e15556cd0
gpu01:3541:3541 [0] NCCL INFO AllReduce: opCount 0 sendbuff 0x7f1ea96a9200 recvbuff 0x7f1ea96a9200 count 1 datatype 7 op 2 root 0 comm 0x555e247c5b00 [nranks=1] stream 0x555e0f14a6c0
gpu01:3541:3541 [0] NCCL INFO AllReduce: opCount 2a sendbuff 0x7f1ea96a4a00 recvbuff 0x7f1ea96a4a00 count 1 datatype 7 op 0 root 0 comm 0x555e1553ce10 [nranks=2] stream 0x555e155278b0
gpu01:3541:3541 [0] NCCL INFO AllReduce: opCount 2b sendbuff 0x7f1ea96a9200 recvbuff 0x7f1ea96a9200 count 1 datatype 7 op 0 root 0 comm 0x555e1553ce10 [nranks=2] stream 0x555e155278b0
gpu01:3541:3541 [0] NCCL INFO AllGather: opCount 2c sendbuff 0x7f1ea9600200 recvbuff 0x7f1ea9600200 count 96 datatype 0 op 0 root 0 comm 0x555e1553ce10 [nranks=2] stream 0x555e155278b0
gpu01:3541:3541 [0] NCCL INFO AllReduce: opCount 2d sendbuff 0x7f1ea9600200 recvbuff 0x7f1ea9600200 count 1 datatype 2 op 2 root 0 comm 0x555e1553ce10 [nranks=2] stream 0x555e155278b0
gpu01:3541:3541 [0] NCCL INFO AllReduce: opCount 2e sendbuff 0x7f1ea96a4a00 recvbuff 0x7f1ea96a4a00 count 1 datatype 7 op 0 root 0 comm 0x555e1553ce10 [nranks=2] stream 0x555e155278b0
gpu01:3541:3541 [0] NCCL INFO Broadcast: opCount 0 sendbuff 0x7f1ea96a0a00 recvbuff 0x7f1ea96a0a00 count 4096 datatype 0 op 0 root 0 comm 0x555e1af70e30 [nranks=1] stream 0x555e1554da50
gpu01:3541:3541 [0] NCCL INFO Broadcast: opCount 0 sendbuff 0x7f1ea96a1a00 recvbuff 0x7f1ea96a1a00 count 4096 datatype 0 op 0 root 0 comm 0x555e1af70e30 [nranks=1] stream 0x555e1554da50
gpu01:3541:3541 [0] NCCL INFO Broadcast: opCount 0 sendbuff 0x7f19587c4600 recvbuff 0x7f19587c4600 count 2048 datatype 0 op 0 root 0 comm 0x555e1af70e30 [nranks=1] stream 0x555e1554da50
gpu01:3541:3541 [0] NCCL INFO Broadcast: opCount 0 sendbuff 0x7f1ea970f400 recvbuff 0x7f1ea970f400 count 262144 datatype 0 op 0 root 0 comm 0x555e1af70e30 [nranks=1] stream 0x555e1554da50
gpu01:3541:3541 [0] NCCL INFO Broadcast: opCount 0 sendbuff 0x7f19587c4e00 recvbuff 0x7f19587c4e00 count 4096 datatype 0 op 0 root 0 comm 0x555e1af70e30 [nranks=1] stream 0x555e1554da50
gpu01:3541:3541 [0] NCCL INFO AllReduce: opCount 0 sendbuff 0x7f1ea97fb400 recvbuff 0x7f1ea97fb400 count 512 datatype 7 op 2 root 0 comm 0x555e1af70e30 [nranks=1] stream 0x555e1554da50
gpu01:3541:3541 [0] NCCL INFO AllReduce: opCount 0 sendbuff 0x7f1ea97fdc00 recvbuff 0x7f1ea97fdc00 count 1024 datatype 7 op 0 root 0 comm 0x555e1af70e30 [nranks=1] stream 0x555e1554da50
gpu01:3541:3541 [0] NCCL INFO Broadcast: opCount 0 sendbuff 0x7f1ea97d4400 recvbuff 0x7f1ea97d4400 count 4096 datatype 0 op 0 root 0 comm 0x555e1af70e30 [nranks=1] stream 0x555e1554da50
gpu01:3541:3541 [0] NCCL INFO Broadcast: opCount 0 sendbuff 0x7f1ea97d9400 recvbuff 0x7f1ea97d9400 count 4096 datatype 0 op 0 root 0 comm 0x555e1af70e30 [nranks=1] stream 0x555e1554da50
gpu01:3541:3541 [0] NCCL INFO Broadcast: opCount 0 sendbuff 0x7f1ea97ff600 recvbuff 0x7f1ea97ff600 count 2048 datatype 0 op 0 root 0 comm 0x555e1af70e30 [nranks=1] stream 0x555e1554da50
gpu01:3541:3541 [0] NCCL INFO Broadcast: opCount 0 sendbuff 0x7f1ea970f400 recvbuff 0x7f1ea970f400 count 262144 datatype 0 op 0 root 0 comm 0x555e1af70e30 [nranks=1] stream 0x555e1554da50
gpu01:3541:3541 [0] NCCL INFO Broadcast: opCount 0 sendbuff 0x7f1ea97e2400 recvbuff 0x7f1ea97e2400 count 4096 datatype 0 op 0 root 0 comm 0x555e1af70e30 [nranks=1] stream 0x555e1554da50
gpu01:3541:3541 [0] NCCL INFO AllReduce: opCount 0 sendbuff 0x7f1ea97fe400 recvbuff 0x7f1ea97fe400 count 512 datatype 7 op 2 root 0 comm 0x555e1af70e30 [nranks=1] stream 0x555e1554da50
gpu01:3541:3541 [0] NCCL INFO AllReduce: opCount 0 sendbuff 0x7f19587c6e00 recvbuff 0x7f19587c6e00 count 1024 datatype 7 op 0 root 0 comm 0x555e1af70e30 [nranks=1] stream 0x555e1554da50
gpu01:3541:3541 [0] NCCL INFO AllReduce: opCount 2f sendbuff 0x7f1ea9600200 recvbuff 0x7f1ea9600200 count 1 datatype 7 op 0 root 0 comm 0x555e1553ce10 [nranks=2] stream 0x555e155278b0
gpu01:3541:3541 [0] NCCL INFO AllReduce: opCount 30 sendbuff 0x7f1ea96a4c00 recvbuff 0x7f1ea96a4c00 count 1 datatype 7 op 0 root 0 comm 0x555e1553ce10 [nranks=2] stream 0x555e155278b0
gpu01:3541:3541 [0] NCCL INFO AllReduce: opCount 31 sendbuff 0x7f1ea9600200 recvbuff 0x7f1ea9600200 count 1 datatype 7 op 0 root 0 comm 0x555e1553ce10 [nranks=2] stream 0x555e155278b0
gpu01:3541:3541 [0] NCCL INFO AllReduce: opCount 32 sendbuff 0x7f1ea96a4c00 recvbuff 0x7f1ea96a4c00 count 1 datatype 7 op 0 root 0 comm 0x555e1553ce10 [nranks=2] stream 0x555e155278b0
gpu01:3541:3541 [0] NCCL INFO Broadcast: opCount 0 sendbuff 0x7f1ea96a4a00 recvbuff 0x7f1ea96a4a00 count 4 datatype 0 op 0 root 0 comm 0x555e2471a300 [nranks=1] stream 0x555e155569d0
gpu01:3541:3541 [0] NCCL INFO AllReduce: opCount 4 sendbuff 0x7f1ea96a4a00 recvbuff 0x7f1ea96a4a00 count 1 datatype 2 op 0 root 0 comm 0x555e2471ebf0 [nranks=2] stream 0x555e15556cd0
gpu01:3541:3541 [0] NCCL INFO AllReduce: opCount 33 sendbuff 0x7f1ea96a4a00 recvbuff 0x7f1ea96a4a00 count 1 datatype 2 op 0 root 0 comm 0x555e1553ce10 [nranks=2] stream 0x555e155278b0
gpu01:3541:3541 [0] NCCL INFO AllReduce: opCount 34 sendbuff 0x7f1ea9600200 recvbuff 0x7f1ea9600200 count 1 datatype 7 op 0 root 0 comm 0x555e1553ce10 [nranks=2] stream 0x555e155278b0
gpu01:3541:3541 [0] NCCL INFO AllReduce: opCount 35 sendbuff 0x7f1ea96a4a00 recvbuff 0x7f1ea96a4a00 count 1 datatype 7 op 0 root 0 comm 0x555e1553ce10 [nranks=2] stream 0x555e155278b0
gpu01:3541:3541 [0] NCCL INFO AllReduce: opCount 0 sendbuff 0x7f1ea96a4e00 recvbuff 0x7f1ea96a4e00 count 1 datatype 7 op 0 root 0 comm 0x555e247c5b00 [nranks=1] stream 0x555e0f14a6c0
gpu01:3541:3541 [0] NCCL INFO AllReduce: opCount 36 sendbuff 0x7f1ea9600200 recvbuff 0x7f1ea9600200 count 1 datatype 7 op 0 root 0 comm 0x555e1553ce10 [nranks=2] stream 0x555e155278b0
gpu01:3541:3541 [0] NCCL INFO AllReduce: opCount 0 sendbuff 0x7f1ea9600200 recvbuff 0x7f1ea9600200 count 1 datatype 2 op 3 root 0 comm 0x555e247c5b00 [nranks=1] stream 0x555e0f14a6c0
gpu01:3541:3541 [0] NCCL INFO AllReduce: opCount 0 sendbuff 0x7f1ea9600200 recvbuff 0x7f1ea9600200 count 1 datatype 7 op 2 root 0 comm 0x555e247c5b00 [nranks=1] stream 0x555e0f14a6c0
gpu01:3541:3541 [0] NCCL INFO AllReduce: opCount 5 sendbuff 0x7f1ea96a4c00 recvbuff 0x7f1ea96a4c00 count 2 datatype 7 op 0 root 0 comm 0x555e2471ebf0 [nranks=2] stream 0x555e15556cd0
gpu01:3541:3541 [0] NCCL INFO AllReduce: opCount 0 sendbuff 0x7f1ea96a9200 recvbuff 0x7f1ea96a9200 count 1 datatype 7 op 2 root 0 comm 0x555e247c5b00 [nranks=1] stream 0x555e0f14a6c0
gpu01:3541:3541 [0] NCCL INFO AllReduce: opCount 37 sendbuff 0x7f1ea96a4a00 recvbuff 0x7f1ea96a4a00 count 1 datatype 7 op 0 root 0 comm 0x555e1553ce10 [nranks=2] stream 0x555e155278b0
gpu01:3541:3541 [0] NCCL INFO AllReduce: opCount 38 sendbuff 0x7f1ea96a9200 recvbuff 0x7f1ea96a9200 count 1 datatype 7 op 0 root 0 comm 0x555e1553ce10 [nranks=2] stream 0x555e155278b0
gpu01:3541:3541 [0] NCCL INFO AllGather: opCount 39 sendbuff 0x7f1ea96a4c00 recvbuff 0x7f1ea96a4c00 count 96 datatype 0 op 0 root 0 comm 0x555e1553ce10 [nranks=2] stream 0x555e155278b0
gpu01:3541:3541 [0] NCCL INFO AllReduce: opCount 3a sendbuff 0x7f1ea96a4c00 recvbuff 0x7f1ea96a4c00 count 1 datatype 2 op 2 root 0 comm 0x555e1553ce10 [nranks=2] stream 0x555e155278b0
gpu01:3541:3541 [0] NCCL INFO AllReduce: opCount 3b sendbuff 0x7f1ea96a4a00 recvbuff 0x7f1ea96a4a00 count 1 datatype 7 op 0 root 0 comm 0x555e1553ce10 [nranks=2] stream 0x555e155278b0
gpu01:3541:3541 [0] NCCL INFO Broadcast: opCount 0 sendbuff 0x7f1ea96a0a00 recvbuff 0x7f1ea96a0a00 count 4096 datatype 0 op 0 root 0 comm 0x555e1af70e30 [nranks=1] stream 0x555e1554da50
gpu01:3541:3541 [0] NCCL INFO Broadcast: opCount 0 sendbuff 0x7f1ea96a1a00 recvbuff 0x7f1ea96a1a00 count 4096 datatype 0 op 0 root 0 comm 0x555e1af70e30 [nranks=1] stream 0x555e1554da50
gpu01:3541:3541 [0] NCCL INFO Broadcast: opCount 0 sendbuff 0x7f1ea970f400 recvbuff 0x7f1ea970f400 count 2048 datatype 0 op 0 root 0 comm 0x555e1af70e30 [nranks=1] stream 0x555e1554da50
gpu01:3541:3541 [0] NCCL INFO Broadcast: opCount 0 sendbuff 0x7f1ea970fc00 recvbuff 0x7f1ea970fc00 count 262144 datatype 0 op 0 root 0 comm 0x555e1af70e30 [nranks=1] stream 0x555e1554da50
gpu01:3541:3541 [0] NCCL INFO Broadcast: opCount 0 sendbuff 0x7f1ea974fc00 recvbuff 0x7f1ea974fc00 count 4096 datatype 0 op 0 root 0 comm 0x555e1af70e30 [nranks=1] stream 0x555e1554da50
gpu01:3541:3541 [0] NCCL INFO AllReduce: opCount 0 sendbuff 0x7f19587c4000 recvbuff 0x7f19587c4000 count 512 datatype 7 op 2 root 0 comm 0x555e1af70e30 [nranks=1] stream 0x555e1554da50
gpu01:3541:3541 [0] NCCL INFO AllReduce: opCount 0 sendbuff 0x7f19587c6800 recvbuff 0x7f19587c6800 count 1024 datatype 7 op 0 root 0 comm 0x555e1af70e30 [nranks=1] stream 0x555e1554da50
gpu01:3541:3541 [0] NCCL INFO Broadcast: opCount 0 sendbuff 0x7f1ea97d8c00 recvbuff 0x7f1ea97d8c00 count 4096 datatype 0 op 0 root 0 comm 0x555e1af70e30 [nranks=1] stream 0x555e1554da50
gpu01:3541:3541 [0] NCCL INFO Broadcast: opCount 0 sendbuff 0x7f1ea97dbc00 recvbuff 0x7f1ea97dbc00 count 4096 datatype 0 op 0 root 0 comm 0x555e1af70e30 [nranks=1] stream 0x555e1554da50
gpu01:3541:3541 [0] NCCL INFO Broadcast: opCount 0 sendbuff 0x7f1ea97dec00 recvbuff 0x7f1ea97dec00 count 2048 datatype 0 op 0 root 0 comm 0x555e1af70e30 [nranks=1] stream 0x555e1554da50
gpu01:3541:3541 [0] NCCL INFO Broadcast: opCount 0 sendbuff 0x7f1ea970f400 recvbuff 0x7f1ea970f400 count 262144 datatype 0 op 0 root 0 comm 0x555e1af70e30 [nranks=1] stream 0x555e1554da50
gpu01:3541:3541 [0] NCCL INFO Broadcast: opCount 0 sendbuff 0x7f1ea97e1c00 recvbuff 0x7f1ea97e1c00 count 4096 datatype 0 op 0 root 0 comm 0x555e1af70e30 [nranks=1] stream 0x555e1554da50
gpu01:3541:3541 [0] NCCL INFO AllReduce: opCount 0 sendbuff 0x7f19587c4200 recvbuff 0x7f19587c4200 count 512 datatype 7 op 2 root 0 comm 0x555e1af70e30 [nranks=1] stream 0x555e1554da50
gpu01:3541:3541 [0] NCCL INFO AllReduce: opCount 0 sendbuff 0x7f19587c6a00 recvbuff 0x7f19587c6a00 count 1024 datatype 7 op 0 root 0 comm 0x555e1af70e30 [nranks=1] stream 0x555e1554da50
gpu01:3541:3541 [0] NCCL INFO AllReduce: opCount 3c sendbuff 0x7f19587c4800 recvbuff 0x7f19587c4800 count 1 datatype 7 op 0 root 0 comm 0x555e1553ce10 [nranks=2] stream 0x555e155278b0
gpu01:3541:3541 [0] NCCL INFO AllReduce: opCount 3d sendbuff 0x7f19587c4400 recvbuff 0x7f19587c4400 count 1 datatype 7 op 0 root 0 comm 0x555e1553ce10 [nranks=2] stream 0x555e155278b0
gpu01:3541:3541 [0] NCCL INFO AllReduce: opCount 3e sendbuff 0x7f1ea96a4c00 recvbuff 0x7f1ea96a4c00 count 1 datatype 7 op 0 root 0 comm 0x555e1553ce10 [nranks=2] stream 0x555e155278b0
gpu01:3541:3541 [0] NCCL INFO AllReduce: opCount 3f sendbuff 0x7f19587c4400 recvbuff 0x7f19587c4400 count 1 datatype 7 op 0 root 0 comm 0x555e1553ce10 [nranks=2] stream 0x555e155278b0
gpu01:3541:3541 [0] NCCL INFO Broadcast: opCount 0 sendbuff 0x7f1ea96a4a00 recvbuff 0x7f1ea96a4a00 count 4 datatype 0 op 0 root 0 comm 0x555e2471a300 [nranks=1] stream 0x555e155569d0
gpu01:3541:3541 [0] NCCL INFO AllReduce: opCount 6 sendbuff 0x7f1ea96a4a00 recvbuff 0x7f1ea96a4a00 count 1 datatype 2 op 0 root 0 comm 0x555e2471ebf0 [nranks=2] stream 0x555e15556cd0
gpu01:3541:3541 [0] NCCL INFO AllReduce: opCount 40 sendbuff 0x7f1ea96a4a00 recvbuff 0x7f1ea96a4a00 count 1 datatype 2 op 0 root 0 comm 0x555e1553ce10 [nranks=2] stream 0x555e155278b0
gpu01:3541:3541 [0] NCCL INFO AllReduce: opCount 41 sendbuff 0x7f19587c4200 recvbuff 0x7f19587c4200 count 1 datatype 7 op 0 root 0 comm 0x555e1553ce10 [nranks=2] stream 0x555e155278b0
gpu01:3541:3541 [0] NCCL INFO AllReduce: opCount 42 sendbuff 0x7f19587c4400 recvbuff 0x7f19587c4400 count 1 datatype 7 op 0 root 0 comm 0x555e1553ce10 [nranks=2] stream 0x555e155278b0
gpu01:3541:3541 [0] NCCL INFO AllReduce: opCount 0 sendbuff 0x7f1ea96a4a00 recvbuff 0x7f1ea96a4a00 count 1 datatype 7 op 0 root 0 comm 0x555e247c5b00 [nranks=1] stream 0x555e0f14a6c0
gpu01:3541:3541 [0] NCCL INFO AllReduce: opCount 43 sendbuff 0x7f19587c4200 recvbuff 0x7f19587c4200 count 1 datatype 7 op 0 root 0 comm 0x555e1553ce10 [nranks=2] stream 0x555e155278b0
gpu01:3541:3541 [0] NCCL INFO AllReduce: opCount 0 sendbuff 0x7f19587c4200 recvbuff 0x7f19587c4200 count 1 datatype 2 op 3 root 0 comm 0x555e247c5b00 [nranks=1] stream 0x555e0f14a6c0
gpu01:3541:3541 [0] NCCL INFO AllReduce: opCount 0 sendbuff 0x7f19587c4200 recvbuff 0x7f19587c4200 count 1 datatype 7 op 2 root 0 comm 0x555e247c5b00 [nranks=1] stream 0x555e0f14a6c0
gpu01:3541:3541 [0] NCCL INFO AllReduce: opCount 7 sendbuff 0x7f1ea96a4a00 recvbuff 0x7f1ea96a4a00 count 2 datatype 7 op 0 root 0 comm 0x555e2471ebf0 [nranks=2] stream 0x555e15556cd0
gpu01:3541:3541 [0] NCCL INFO AllReduce: opCount 0 sendbuff 0x7f1ea96a9200 recvbuff 0x7f1ea96a9200 count 1 datatype 7 op 2 root 0 comm 0x555e247c5b00 [nranks=1] stream 0x555e0f14a6c0
gpu01:3541:3541 [0] NCCL INFO AllReduce: opCount 44 sendbuff 0x7f1ea96a4a00 recvbuff 0x7f1ea96a4a00 count 1 datatype 7 op 0 root 0 comm 0x555e1553ce10 [nranks=2] stream 0x555e155278b0
gpu01:3541:3541 [0] NCCL INFO AllReduce: opCount 45 sendbuff 0x7f1ea96a9200 recvbuff 0x7f1ea96a9200 count 1 datatype 7 op 0 root 0 comm 0x555e1553ce10 [nranks=2] stream 0x555e155278b0
gpu01:3541:3541 [0] NCCL INFO AllGather: opCount 46 sendbuff 0x7f1ea9600200 recvbuff 0x7f1ea9600200 count 96 datatype 0 op 0 root 0 comm 0x555e1553ce10 [nranks=2] stream 0x555e155278b0
gpu01:3541:3541 [0] NCCL INFO AllReduce: opCount 47 sendbuff 0x7f1ea9600200 recvbuff 0x7f1ea9600200 count 1 datatype 2 op 2 root 0 comm 0x555e1553ce10 [nranks=2] stream 0x555e155278b0
gpu01:3541:3541 [0] NCCL INFO AllReduce: opCount 48 sendbuff 0x7f1ea96a4a00 recvbuff 0x7f1ea96a4a00 count 1 datatype 7 op 0 root 0 comm 0x555e1553ce10 [nranks=2] stream 0x555e155278b0
gpu01:3541:3541 [0] NCCL INFO Broadcast: opCount 0 sendbuff 0x7f1ea96a0a00 recvbuff 0x7f1ea96a0a00 count 4096 datatype 0 op 0 root 0 comm 0x555e1af70e30 [nranks=1] stream 0x555e1554da50
gpu01:3541:3541 [0] NCCL INFO Broadcast: opCount 0 sendbuff 0x7f1ea96a1a00 recvbuff 0x7f1ea96a1a00 count 4096 datatype 0 op 0 root 0 comm 0x555e1af70e30 [nranks=1] stream 0x555e1554da50
gpu01:3541:3541 [0] NCCL INFO Broadcast: opCount 0 sendbuff 0x7f19587c4400 recvbuff 0x7f19587c4400 count 2048 datatype 0 op 0 root 0 comm 0x555e1af70e30 [nranks=1] stream 0x555e1554da50
gpu01:3541:3541 [0] NCCL INFO Broadcast: opCount 0 sendbuff 0x7f1ea970f400 recvbuff 0x7f1ea970f400 count 262144 datatype 0 op 0 root 0 comm 0x555e1af70e30 [nranks=1] stream 0x555e1554da50
gpu01:3541:3541 [0] NCCL INFO Broadcast: opCount 0 sendbuff 0x7f19587c4c00 recvbuff 0x7f19587c4c00 count 4096 datatype 0 op 0 root 0 comm 0x555e1af70e30 [nranks=1] stream 0x555e1554da50
gpu01:3541:3541 [0] NCCL INFO AllReduce: opCount 0 sendbuff 0x7f1ea97fb400 recvbuff 0x7f1ea97fb400 count 512 datatype 7 op 2 root 0 comm 0x555e1af70e30 [nranks=1] stream 0x555e1554da50
gpu01:3541:3541 [0] NCCL INFO AllReduce: opCount 0 sendbuff 0x7f1ea97fdc00 recvbuff 0x7f1ea97fdc00 count 1024 datatype 7 op 0 root 0 comm 0x555e1af70e30 [nranks=1] stream 0x555e1554da50
gpu01:3541:3541 [0] NCCL INFO Broadcast: opCount 0 sendbuff 0x7f1ea97d4400 recvbuff 0x7f1ea97d4400 count 4096 datatype 0 op 0 root 0 comm 0x555e1af70e30 [nranks=1] stream 0x555e1554da50
gpu01:3541:3541 [0] NCCL INFO Broadcast: opCount 0 sendbuff 0x7f1ea97d9400 recvbuff 0x7f1ea97d9400 count 4096 datatype 0 op 0 root 0 comm 0x555e1af70e30 [nranks=1] stream 0x555e1554da50
gpu01:3541:3541 [0] NCCL INFO Broadcast: opCount 0 sendbuff 0x7f1ea97ff800 recvbuff 0x7f1ea97ff800 count 2048 datatype 0 op 0 root 0 comm 0x555e1af70e30 [nranks=1] stream 0x555e1554da50
gpu01:3541:3541 [0] NCCL INFO Broadcast: opCount 0 sendbuff 0x7f1ea970f400 recvbuff 0x7f1ea970f400 count 262144 datatype 0 op 0 root 0 comm 0x555e1af70e30 [nranks=1] stream 0x555e1554da50
gpu01:3541:3541 [0] NCCL INFO Broadcast: opCount 0 sendbuff 0x7f1ea97e2400 recvbuff 0x7f1ea97e2400 count 4096 datatype 0 op 0 root 0 comm 0x555e1af70e30 [nranks=1] stream 0x555e1554da50
gpu01:3541:3541 [0] NCCL INFO AllReduce: opCount 0 sendbuff 0x7f1ea97e8c00 recvbuff 0x7f1ea97e8c00 count 512 datatype 7 op 2 root 0 comm 0x555e1af70e30 [nranks=1] stream 0x555e1554da50
gpu01:3541:3541 [0] NCCL INFO AllReduce: opCount 0 sendbuff 0x7f1ea97eb400 recvbuff 0x7f1ea97eb400 count 1024 datatype 7 op 0 root 0 comm 0x555e1af70e30 [nranks=1] stream 0x555e1554da50
gpu01:3541:3541 [0] NCCL INFO AllReduce: opCount 49 sendbuff 0x7f1ea9600200 recvbuff 0x7f1ea9600200 count 1 datatype 7 op 0 root 0 comm 0x555e1553ce10 [nranks=2] stream 0x555e155278b0
gpu01:3541:3541 [0] NCCL INFO AllReduce: opCount 4a sendbuff 0x7f1ea96a4c00 recvbuff 0x7f1ea96a4c00 count 1 datatype 7 op 0 root 0 comm 0x555e1553ce10 [nranks=2] stream 0x555e155278b0
gpu01:3541:3541 [0] NCCL INFO AllReduce: opCount 4b sendbuff 0x7f1ea9600200 recvbuff 0x7f1ea9600200 count 1 datatype 7 op 0 root 0 comm 0x555e1553ce10 [nranks=2] stream 0x555e155278b0
gpu01:3541:3541 [0] NCCL INFO AllReduce: opCount 4c sendbuff 0x7f1ea96a4c00 recvbuff 0x7f1ea96a4c00 count 1 datatype 7 op 0 root 0 comm 0x555e1553ce10 [nranks=2] stream 0x555e155278b0
gpu01:3541:3541 [0] NCCL INFO Broadcast: opCount 0 sendbuff 0x7f1ea96a4a00 recvbuff 0x7f1ea96a4a00 count 4 datatype 0 op 0 root 0 comm 0x555e2471a300 [nranks=1] stream 0x555e155569d0
gpu01:3541:3541 [0] NCCL INFO AllReduce: opCount 8 sendbuff 0x7f1ea96a4a00 recvbuff 0x7f1ea96a4a00 count 1 datatype 2 op 0 root 0 comm 0x555e2471ebf0 [nranks=2] stream 0x555e15556cd0
gpu01:3541:3541 [0] NCCL INFO AllReduce: opCount 4d sendbuff 0x7f1ea96a4a00 recvbuff 0x7f1ea96a4a00 count 1 datatype 2 op 0 root 0 comm 0x555e1553ce10 [nranks=2] stream 0x555e155278b0
gpu01:3541:3541 [0] NCCL INFO AllReduce: opCount 4e sendbuff 0x7f1ea9600200 recvbuff 0x7f1ea9600200 count 1 datatype 7 op 0 root 0 comm 0x555e1553ce10 [nranks=2] stream 0x555e155278b0
gpu01:3541:3541 [0] NCCL INFO AllReduce: opCount 4f sendbuff 0x7f1ea96a4a00 recvbuff 0x7f1ea96a4a00 count 1 datatype 7 op 0 root 0 comm 0x555e1553ce10 [nranks=2] stream 0x555e155278b0
gpu01:3541:3541 [0] NCCL INFO AllReduce: opCount 0 sendbuff 0x7f1ea96a4c00 recvbuff 0x7f1ea96a4c00 count 1 datatype 7 op 0 root 0 comm 0x555e247c5b00 [nranks=1] stream 0x555e0f14a6c0
gpu01:3541:3541 [0] NCCL INFO AllReduce: opCount 50 sendbuff 0x7f1ea9600200 recvbuff 0x7f1ea9600200 count 1 datatype 7 op 0 root 0 comm 0x555e1553ce10 [nranks=2] stream 0x555e155278b0
gpu01:3541:3541 [0] NCCL INFO AllReduce: opCount 0 sendbuff 0x7f1ea9600200 recvbuff 0x7f1ea9600200 count 1 datatype 2 op 3 root 0 comm 0x555e247c5b00 [nranks=1] stream 0x555e0f14a6c0
gpu01:3541:3541 [0] NCCL INFO AllReduce: opCount 0 sendbuff 0x7f1ea9600200 recvbuff 0x7f1ea9600200 count 1 datatype 7 op 2 root 0 comm 0x555e247c5b00 [nranks=1] stream 0x555e0f14a6c0
gpu01:3541:3541 [0] NCCL INFO AllReduce: opCount 9 sendbuff 0x7f1ea96a4c00 recvbuff 0x7f1ea96a4c00 count 2 datatype 7 op 0 root 0 comm 0x555e2471ebf0 [nranks=2] stream 0x555e15556cd0
gpu01:3541:3541 [0] NCCL INFO AllReduce: opCount 0 sendbuff 0x7f1ea96a9200 recvbuff 0x7f1ea96a9200 count 1 datatype 7 op 2 root 0 comm 0x555e247c5b00 [nranks=1] stream 0x555e0f14a6c0
gpu01:3541:3541 [0] NCCL INFO AllReduce: opCount 51 sendbuff 0x7f1ea96a4a00 recvbuff 0x7f1ea96a4a00 count 1 datatype 7 op 0 root 0 comm 0x555e1553ce10 [nranks=2] stream 0x555e155278b0
gpu01:3541:3541 [0] NCCL INFO AllReduce: opCount 52 sendbuff 0x7f1ea96a9200 recvbuff 0x7f1ea96a9200 count 1 datatype 7 op 0 root 0 comm 0x555e1553ce10 [nranks=2] stream 0x555e155278b0
gpu01:3541:3541 [0] NCCL INFO AllGather: opCount 53 sendbuff 0x7f1ea96a4c00 recvbuff 0x7f1ea96a4c00 count 96 datatype 0 op 0 root 0 comm 0x555e1553ce10 [nranks=2] stream 0x555e155278b0
gpu01:3541:3541 [0] NCCL INFO AllReduce: opCount 54 sendbuff 0x7f1ea96a4c00 recvbuff 0x7f1ea96a4c00 count 1 datatype 2 op 2 root 0 comm 0x555e1553ce10 [nranks=2] stream 0x555e155278b0
gpu01:3541:3541 [0] NCCL INFO AllReduce: opCount 55 sendbuff 0x7f1ea96a9200 recvbuff 0x7f1ea96a9200 count 1 datatype 7 op 0 root 0 comm 0x555e1553ce10 [nranks=2] stream 0x555e155278b0
gpu01:3541:3541 [0] NCCL INFO AllReduce: opCount 56 sendbuff 0x7f1ea9600200 recvbuff 0x7f1ea9600200 count 1 datatype 7 op 0 root 0 comm 0x555e1553ce10 [nranks=2] stream 0x555e155278b0
gpu01:3541:3541 [0] NCCL INFO Broadcast: opCount 0 sendbuff 0x7f1ea96a0a00 recvbuff 0x7f1ea96a0a00 count 4096 datatype 0 op 0 root 0 comm 0x555e1af70e30 [nranks=1] stream 0x555e1554da50
gpu01:3541:3541 [0] NCCL INFO Broadcast: opCount 0 sendbuff 0x7f1ea96a1a00 recvbuff 0x7f1ea96a1a00 count 4096 datatype 0 op 0 root 0 comm 0x555e1af70e30 [nranks=1] stream 0x555e1554da50
gpu01:3541:3541 [0] NCCL INFO Broadcast: opCount 0 sendbuff 0x7f1ea96a4a00 recvbuff 0x7f1ea96a4a00 count 2048 datatype 0 op 0 root 0 comm 0x555e1af70e30 [nranks=1] stream 0x555e1554da50
gpu01:3541:3541 [0] NCCL INFO Broadcast: opCount 0 sendbuff 0x7f1ea970f400 recvbuff 0x7f1ea970f400 count 262144 datatype 0 op 0 root 0 comm 0x555e1af70e30 [nranks=1] stream 0x555e1554da50
gpu01:3541:3541 [0] NCCL INFO Broadcast: opCount 0 sendbuff 0x7f1ea974f400 recvbuff 0x7f1ea974f400 count 4096 datatype 0 op 0 root 0 comm 0x555e1af70e30 [nranks=1] stream 0x555e1554da50
gpu01:3541:3541 [0] NCCL INFO AllReduce: opCount 0 sendbuff 0x7f1ea9750400 recvbuff 0x7f1ea9750400 count 512 datatype 7 op 2 root 0 comm 0x555e1af70e30 [nranks=1] stream 0x555e1554da50
gpu01:3541:3541 [0] NCCL INFO AllReduce: opCount 0 sendbuff 0x7f1ea9752e00 recvbuff 0x7f1ea9752e00 count 1024 datatype 7 op 0 root 0 comm 0x555e1af70e30 [nranks=1] stream 0x555e1554da50
gpu01:3541:3541 [0] NCCL INFO Broadcast: opCount 0 sendbuff 0x7f1ea96a1400 recvbuff 0x7f1ea96a1400 count 4096 datatype 0 op 0 root 0 comm 0x555e1af70e30 [nranks=1] stream 0x555e1554da50
gpu01:3541:3541 [0] NCCL INFO Broadcast: opCount 0 sendbuff 0x7f1ea970f400 recvbuff 0x7f1ea970f400 count 4096 datatype 0 op 0 root 0 comm 0x555e1af70e30 [nranks=1] stream 0x555e1554da50
gpu01:3541:3541 [0] NCCL INFO Broadcast: opCount 0 sendbuff 0x7f1ea96a4a00 recvbuff 0x7f1ea96a4a00 count 2048 datatype 0 op 0 root 0 comm 0x555e1af70e30 [nranks=1] stream 0x555e1554da50
gpu01:3541:3541 [0] NCCL INFO Broadcast: opCount 0 sendbuff 0x7f1ea9710400 recvbuff 0x7f1ea9710400 count 262144 datatype 0 op 0 root 0 comm 0x555e1af70e30 [nranks=1] stream 0x555e1554da50
gpu01:3541:3541 [0] NCCL INFO Broadcast: opCount 0 sendbuff 0x7f1ea9750400 recvbuff 0x7f1ea9750400 count 4096 datatype 0 op 0 root 0 comm 0x555e1af70e30 [nranks=1] stream 0x555e1554da50
gpu01:3541:3541 [0] NCCL INFO AllReduce: opCount 0 sendbuff 0x7f1ea9751400 recvbuff 0x7f1ea9751400 count 512 datatype 7 op 2 root 0 comm 0x555e1af70e30 [nranks=1] stream 0x555e1554da50
gpu01:3541:3541 [0] NCCL INFO AllReduce: opCount 0 sendbuff 0x7f1ea9753c00 recvbuff 0x7f1ea9753c00 count 1024 datatype 7 op 0 root 0 comm 0x555e1af70e30 [nranks=1] stream 0x555e1554da50
gpu01:3541:3541 [0] NCCL INFO AllReduce: opCount a sendbuff 0x7f1ea96a0c00 recvbuff 0x7f1ea96a0c00 count 2 datatype 7 op 0 root 0 comm 0x555e2471ebf0 [nranks=2] stream 0x555e15556cd0
gpu01:3541:3541 [0] NCCL INFO AllReduce: opCount 57 sendbuff 0x7f1ea96a0a00 recvbuff 0x7f1ea96a0a00 count 1 datatype 2 op 2 root 0 comm 0x555e1553ce10 [nranks=2] stream 0x555e155278b0
gpu01:3541:3541 [0] NCCL INFO Broadcast: opCount 0 sendbuff 0x7f1ea96a1800 recvbuff 0x7f1ea96a1800 count 4096 datatype 0 op 0 root 0 comm 0x555e1af70e30 [nranks=1] stream 0x555e1554da50
gpu01:3541:3541 [0] NCCL INFO Broadcast: opCount 0 sendbuff 0x7f1ea970f400 recvbuff 0x7f1ea970f400 count 4096 datatype 0 op 0 root 0 comm 0x555e1af70e30 [nranks=1] stream 0x555e1554da50
gpu01:3541:3541 [0] NCCL INFO Broadcast: opCount 0 sendbuff 0x7f1ea96a4a00 recvbuff 0x7f1ea96a4a00 count 2048 datatype 0 op 0 root 0 comm 0x555e1af70e30 [nranks=1] stream 0x555e1554da50
gpu01:3541:3541 [0] NCCL INFO Broadcast: opCount 0 sendbuff 0x7f1ea9710400 recvbuff 0x7f1ea9710400 count 262144 datatype 0 op 0 root 0 comm 0x555e1af70e30 [nranks=1] stream 0x555e1554da50
gpu01:3541:3541 [0] NCCL INFO Broadcast: opCount 0 sendbuff 0x7f1ea9750400 recvbuff 0x7f1ea9750400 count 4096 datatype 0 op 0 root 0 comm 0x555e1af70e30 [nranks=1] stream 0x555e1554da50
gpu01:3541:3541 [0] NCCL INFO AllReduce: opCount 0 sendbuff 0x7f1ea9751400 recvbuff 0x7f1ea9751400 count 512 datatype 7 op 2 root 0 comm 0x555e1af70e30 [nranks=1] stream 0x555e1554da50
gpu01:3541:3541 [0] NCCL INFO AllReduce: opCount 0 sendbuff 0x7f1ea9753c00 recvbuff 0x7f1ea9753c00 count 1024 datatype 7 op 0 root 0 comm 0x555e1af70e30 [nranks=1] stream 0x555e1554da50
gpu01:3541:3541 [0] NCCL INFO Broadcast: opCount 0 sendbuff 0x7f1ea970f400 recvbuff 0x7f1ea970f400 count 4096 datatype 0 op 0 root 0 comm 0x555e1af70e30 [nranks=1] stream 0x555e1554da50
gpu01:3541:3541 [0] NCCL INFO Broadcast: opCount 0 sendbuff 0x7f1ea9710400 recvbuff 0x7f1ea9710400 count 4096 datatype 0 op 0 root 0 comm 0x555e1af70e30 [nranks=1] stream 0x555e1554da50
gpu01:3541:3541 [0] NCCL INFO Broadcast: opCount 0 sendbuff 0x7f1ea96a4a00 recvbuff 0x7f1ea96a4a00 count 2048 datatype 0 op 0 root 0 comm 0x555e1af70e30 [nranks=1] stream 0x555e1554da50
gpu01:3541:3541 [0] NCCL INFO Broadcast: opCount 0 sendbuff 0x7f1ea9711400 recvbuff 0x7f1ea9711400 count 262144 datatype 0 op 0 root 0 comm 0x555e1af70e30 [nranks=1] stream 0x555e1554da50
gpu01:3541:3541 [0] NCCL INFO Broadcast: opCount 0 sendbuff 0x7f1ea9751400 recvbuff 0x7f1ea9751400 count 4096 datatype 0 op 0 root 0 comm 0x555e1af70e30 [nranks=1] stream 0x555e1554da50
gpu01:3541:3541 [0] NCCL INFO AllReduce: opCount 0 sendbuff 0x7f1ea96a1c00 recvbuff 0x7f1ea96a1c00 count 512 datatype 7 op 2 root 0 comm 0x555e1af70e30 [nranks=1] stream 0x555e1554da50
gpu01:3541:3541 [0] NCCL INFO AllReduce: opCount 0 sendbuff 0x7f1ea9754400 recvbuff 0x7f1ea9754400 count 1024 datatype 7 op 0 root 0 comm 0x555e1af70e30 [nranks=1] stream 0x555e1554da50
gpu01:3541:3541 [0] NCCL INFO AllReduce: opCount b sendbuff 0x7f1ea96a1e00 recvbuff 0x7f1ea96a1e00 count 2 datatype 7 op 0 root 0 comm 0x555e2471ebf0 [nranks=2] stream 0x555e15556cd0
gpu01:3541:3541 [0] NCCL INFO AllReduce: opCount 58 sendbuff 0x7f1ea96a1c00 recvbuff 0x7f1ea96a1c00 count 1 datatype 2 op 2 root 0 comm 0x555e1553ce10 [nranks=2] stream 0x555e155278b0
gpu01:3541:3541 [0] NCCL INFO Broadcast: opCount 0 sendbuff 0x7f1ea96a0a00 recvbuff 0x7f1ea96a0a00 count 4096 datatype 0 op 0 root 0 comm 0x555e1af70e30 [nranks=1] stream 0x555e1554da50
gpu01:3541:3541 [0] NCCL INFO Broadcast: opCount 0 sendbuff 0x7f1ea970f400 recvbuff 0x7f1ea970f400 count 4096 datatype 0 op 0 root 0 comm 0x555e1af70e30 [nranks=1] stream 0x555e1554da50
gpu01:3541:3541 [0] NCCL INFO Broadcast: opCount 0 sendbuff 0x7f1ea96a4a00 recvbuff 0x7f1ea96a4a00 count 2048 datatype 0 op 0 root 0 comm 0x555e1af70e30 [nranks=1] stream 0x555e1554da50
gpu01:3541:3541 [0] NCCL INFO Broadcast: opCount 0 sendbuff 0x7f1ea9710400 recvbuff 0x7f1ea9710400 count 262144 datatype 0 op 0 root 0 comm 0x555e1af70e30 [nranks=1] stream 0x555e1554da50
gpu01:3541:3541 [0] NCCL INFO Broadcast: opCount 0 sendbuff 0x7f1ea9750400 recvbuff 0x7f1ea9750400 count 4096 datatype 0 op 0 root 0 comm 0x555e1af70e30 [nranks=1] stream 0x555e1554da50
gpu01:3541:3541 [0] NCCL INFO AllReduce: opCount 0 sendbuff 0x7f1ea9751400 recvbuff 0x7f1ea9751400 count 512 datatype 7 op 2 root 0 comm 0x555e1af70e30 [nranks=1] stream 0x555e1554da50
gpu01:3541:3541 [0] NCCL INFO AllReduce: opCount 0 sendbuff 0x7f1ea9753c00 recvbuff 0x7f1ea9753c00 count 1024 datatype 7 op 0 root 0 comm 0x555e1af70e30 [nranks=1] stream 0x555e1554da50
gpu01:3541:3541 [0] NCCL INFO Broadcast: opCount 0 sendbuff 0x7f1ea970f400 recvbuff 0x7f1ea970f400 count 4096 datatype 0 op 0 root 0 comm 0x555e1af70e30 [nranks=1] stream 0x555e1554da50
gpu01:3541:3541 [0] NCCL INFO Broadcast: opCount 0 sendbuff 0x7f1ea9710400 recvbuff 0x7f1ea9710400 count 4096 datatype 0 op 0 root 0 comm 0x555e1af70e30 [nranks=1] stream 0x555e1554da50
gpu01:3541:3541 [0] NCCL INFO Broadcast: opCount 0 sendbuff 0x7f1ea96a4a00 recvbuff 0x7f1ea96a4a00 count 2048 datatype 0 op 0 root 0 comm 0x555e1af70e30 [nranks=1] stream 0x555e1554da50
gpu01:3541:3541 [0] NCCL INFO Broadcast: opCount 0 sendbuff 0x7f1ea9711400 recvbuff 0x7f1ea9711400 count 262144 datatype 0 op 0 root 0 comm 0x555e1af70e30 [nranks=1] stream 0x555e1554da50
gpu01:3541:3541 [0] NCCL INFO Broadcast: opCount 0 sendbuff 0x7f1ea9751400 recvbuff 0x7f1ea9751400 count 4096 datatype 0 op 0 root 0 comm 0x555e1af70e30 [nranks=1] stream 0x555e1554da50
gpu01:3541:3541 [0] NCCL INFO AllReduce: opCount 0 sendbuff 0x7f1ea96a0c00 recvbuff 0x7f1ea96a0c00 count 512 datatype 7 op 2 root 0 comm 0x555e1af70e30 [nranks=1] stream 0x555e1554da50
gpu01:3541:3541 [0] NCCL INFO AllReduce: opCount 0 sendbuff 0x7f1ea9754400 recvbuff 0x7f1ea9754400 count 1024 datatype 7 op 0 root 0 comm 0x555e1af70e30 [nranks=1] stream 0x555e1554da50
gpu01:3541:3541 [0] NCCL INFO AllReduce: opCount c sendbuff 0x7f1ea96a0e00 recvbuff 0x7f1ea96a0e00 count 2 datatype 7 op 0 root 0 comm 0x555e2471ebf0 [nranks=2] stream 0x555e15556cd0
gpu01:3541:3541 [0] NCCL INFO AllReduce: opCount 59 sendbuff 0x7f1ea96a0c00 recvbuff 0x7f1ea96a0c00 count 1 datatype 2 op 2 root 0 comm 0x555e1553ce10 [nranks=2] stream 0x555e155278b0
gpu01:3541:3541 [0] NCCL INFO Broadcast: opCount 0 sendbuff 0x7f1ea96a1200 recvbuff 0x7f1ea96a1200 count 4096 datatype 0 op 0 root 0 comm 0x555e1af70e30 [nranks=1] stream 0x555e1554da50
gpu01:3541:3541 [0] NCCL INFO Broadcast: opCount 0 sendbuff 0x7f1ea970f400 recvbuff 0x7f1ea970f400 count 4096 datatype 0 op 0 root 0 comm 0x555e1af70e30 [nranks=1] stream 0x555e1554da50
gpu01:3541:3541 [0] NCCL INFO Broadcast: opCount 0 sendbuff 0x7f1ea96a2200 recvbuff 0x7f1ea96a2200 count 2048 datatype 0 op 0 root 0 comm 0x555e1af70e30 [nranks=1] stream 0x555e1554da50
gpu01:3541:3541 [0] NCCL INFO Broadcast: opCount 0 sendbuff 0x7f1ea9710400 recvbuff 0x7f1ea9710400 count 262144 datatype 0 op 0 root 0 comm 0x555e1af70e30 [nranks=1] stream 0x555e1554da50
gpu01:3541:3541 [0] NCCL INFO Broadcast: opCount 0 sendbuff 0x7f1ea9750400 recvbuff 0x7f1ea9750400 count 4096 datatype 0 op 0 root 0 comm 0x555e1af70e30 [nranks=1] stream 0x555e1554da50
gpu01:3541:3541 [0] NCCL INFO AllReduce: opCount 0 sendbuff 0x7f1ea9751400 recvbuff 0x7f1ea9751400 count 512 datatype 7 op 2 root 0 comm 0x555e1af70e30 [nranks=1] stream 0x555e1554da50
gpu01:3541:3541 [0] NCCL INFO AllReduce: opCount 0 sendbuff 0x7f1ea9753c00 recvbuff 0x7f1ea9753c00 count 1024 datatype 7 op 0 root 0 comm 0x555e1af70e30 [nranks=1] stream 0x555e1554da50
gpu01:3541:3541 [0] NCCL INFO Broadcast: opCount 0 sendbuff 0x7f1ea96a1400 recvbuff 0x7f1ea96a1400 count 4096 datatype 0 op 0 root 0 comm 0x555e1af70e30 [nranks=1] stream 0x555e1554da50
gpu01:3541:3541 [0] NCCL INFO Broadcast: opCount 0 sendbuff 0x7f1ea970f400 recvbuff 0x7f1ea970f400 count 4096 datatype 0 op 0 root 0 comm 0x555e1af70e30 [nranks=1] stream 0x555e1554da50
gpu01:3541:3541 [0] NCCL INFO Broadcast: opCount 0 sendbuff 0x7f1ea9710400 recvbuff 0x7f1ea9710400 count 2048 datatype 0 op 0 root 0 comm 0x555e1af70e30 [nranks=1] stream 0x555e1554da50
gpu01:3541:3541 [0] NCCL INFO Broadcast: opCount 0 sendbuff 0x7f1ea9710c00 recvbuff 0x7f1ea9710c00 count 262144 datatype 0 op 0 root 0 comm 0x555e1af70e30 [nranks=1] stream 0x555e1554da50
gpu01:3541:3541 [0] NCCL INFO Broadcast: opCount 0 sendbuff 0x7f1ea9750c00 recvbuff 0x7f1ea9750c00 count 4096 datatype 0 op 0 root 0 comm 0x555e1af70e30 [nranks=1] stream 0x555e1554da50
gpu01:3541:3541 [0] NCCL INFO AllReduce: opCount 0 sendbuff 0x7f1ea9751c00 recvbuff 0x7f1ea9751c00 count 512 datatype 7 op 2 root 0 comm 0x555e1af70e30 [nranks=1] stream 0x555e1554da50
gpu01:3541:3541 [0] NCCL INFO AllReduce: opCount 0 sendbuff 0x7f1ea9754400 recvbuff 0x7f1ea9754400 count 1024 datatype 7 op 0 root 0 comm 0x555e1af70e30 [nranks=1] stream 0x555e1554da50
gpu01:3541:3541 [0] NCCL INFO AllReduce: opCount d sendbuff 0x7f1ea96a0e00 recvbuff 0x7f1ea96a0e00 count 2 datatype 7 op 0 root 0 comm 0x555e2471ebf0 [nranks=2] stream 0x555e15556cd0
gpu01:3541:3541 [0] NCCL INFO AllReduce: opCount 5a sendbuff 0x7f1ea96a0a00 recvbuff 0x7f1ea96a0a00 count 1 datatype 2 op 2 root 0 comm 0x555e1553ce10 [nranks=2] stream 0x555e155278b0
gpu01:3541:3541 [0] NCCL INFO Broadcast: opCount 0 sendbuff 0x7f1ea96a1400 recvbuff 0x7f1ea96a1400 count 4096 datatype 0 op 0 root 0 comm 0x555e1af70e30 [nranks=1] stream 0x555e1554da50
gpu01:3541:3541 [0] NCCL INFO Broadcast: opCount 0 sendbuff 0x7f1ea970fa00 recvbuff 0x7f1ea970fa00 count 4096 datatype 0 op 0 root 0 comm 0x555e1af70e30 [nranks=1] stream 0x555e1554da50
gpu01:3541:3541 [0] NCCL INFO Broadcast: opCount 0 sendbuff 0x7f1ea96a4a00 recvbuff 0x7f1ea96a4a00 count 2048 datatype 0 op 0 root 0 comm 0x555e1af70e30 [nranks=1] stream 0x555e1554da50
gpu01:3541:3541 [0] NCCL INFO Broadcast: opCount 0 sendbuff 0x7f1ea9710a00 recvbuff 0x7f1ea9710a00 count 262144 datatype 0 op 0 root 0 comm 0x555e1af70e30 [nranks=1] stream 0x555e1554da50
gpu01:3541:3541 [0] NCCL INFO Broadcast: opCount 0 sendbuff 0x7f1ea9750a00 recvbuff 0x7f1ea9750a00 count 4096 datatype 0 op 0 root 0 comm 0x555e1af70e30 [nranks=1] stream 0x555e1554da50
gpu01:3541:3541 [0] NCCL INFO AllReduce: opCount 0 sendbuff 0x7f1ea9751a00 recvbuff 0x7f1ea9751a00 count 512 datatype 7 op 2 root 0 comm 0x555e1af70e30 [nranks=1] stream 0x555e1554da50
gpu01:3541:3541 [0] NCCL INFO AllReduce: opCount 0 sendbuff 0x7f1ea9754200 recvbuff 0x7f1ea9754200 count 1024 datatype 7 op 0 root 0 comm 0x555e1af70e30 [nranks=1] stream 0x555e1554da50
gpu01:3541:3541 [0] NCCL INFO Broadcast: opCount 0 sendbuff 0x7f1ea96a1600 recvbuff 0x7f1ea96a1600 count 4096 datatype 0 op 0 root 0 comm 0x555e1af70e30 [nranks=1] stream 0x555e1554da50
gpu01:3541:3541 [0] NCCL INFO Broadcast: opCount 0 sendbuff 0x7f1ea970fa00 recvbuff 0x7f1ea970fa00 count 4096 datatype 0 op 0 root 0 comm 0x555e1af70e30 [nranks=1] stream 0x555e1554da50
gpu01:3541:3541 [0] NCCL INFO Broadcast: opCount 0 sendbuff 0x7f1ea96a4a00 recvbuff 0x7f1ea96a4a00 count 2048 datatype 0 op 0 root 0 comm 0x555e1af70e30 [nranks=1] stream 0x555e1554da50
gpu01:3541:3541 [0] NCCL INFO Broadcast: opCount 0 sendbuff 0x7f1ea9710a00 recvbuff 0x7f1ea9710a00 count 262144 datatype 0 op 0 root 0 comm 0x555e1af70e30 [nranks=1] stream 0x555e1554da50
gpu01:3541:3541 [0] NCCL INFO Broadcast: opCount 0 sendbuff 0x7f1ea9750a00 recvbuff 0x7f1ea9750a00 count 4096 datatype 0 op 0 root 0 comm 0x555e1af70e30 [nranks=1] stream 0x555e1554da50
gpu01:3541:3541 [0] NCCL INFO AllReduce: opCount 0 sendbuff 0x7f1ea9751a00 recvbuff 0x7f1ea9751a00 count 512 datatype 7 op 2 root 0 comm 0x555e1af70e30 [nranks=1] stream 0x555e1554da50
gpu01:3541:3541 [0] NCCL INFO AllReduce: opCount 0 sendbuff 0x7f1ea9754200 recvbuff 0x7f1ea9754200 count 1024 datatype 7 op 0 root 0 comm 0x555e1af70e30 [nranks=1] stream 0x555e1554da50
gpu01:3541:3541 [0] NCCL INFO AllReduce: opCount e sendbuff 0x7f1ea96a1800 recvbuff 0x7f1ea96a1800 count 2 datatype 7 op 0 root 0 comm 0x555e2471ebf0 [nranks=2] stream 0x555e15556cd0
gpu01:3541:3541 [0] NCCL INFO AllReduce: opCount 5b sendbuff 0x7f1ea96a1600 recvbuff 0x7f1ea96a1600 count 1 datatype 2 op 2 root 0 comm 0x555e1553ce10 [nranks=2] stream 0x555e155278b0
gpu01:3541:3541 [0] NCCL INFO Broadcast: opCount 0 sendbuff 0x7f1ea970f400 recvbuff 0x7f1ea970f400 count 4096 datatype 0 op 0 root 0 comm 0x555e1af70e30 [nranks=1] stream 0x555e1554da50
gpu01:3541:3541 [0] NCCL INFO Broadcast: opCount 0 sendbuff 0x7f1ea9710400 recvbuff 0x7f1ea9710400 count 4096 datatype 0 op 0 root 0 comm 0x555e1af70e30 [nranks=1] stream 0x555e1554da50
gpu01:3541:3541 [0] NCCL INFO Broadcast: opCount 0 sendbuff 0x7f1ea96a0a00 recvbuff 0x7f1ea96a0a00 count 2048 datatype 0 op 0 root 0 comm 0x555e1af70e30 [nranks=1] stream 0x555e1554da50
gpu01:3541:3541 [0] NCCL INFO Broadcast: opCount 0 sendbuff 0x7f1ea9711400 recvbuff 0x7f1ea9711400 count 262144 datatype 0 op 0 root 0 comm 0x555e1af70e30 [nranks=1] stream 0x555e1554da50
gpu01:3541:3541 [0] NCCL INFO Broadcast: opCount 0 sendbuff 0x7f1ea9751400 recvbuff 0x7f1ea9751400 count 4096 datatype 0 op 0 root 0 comm 0x555e1af70e30 [nranks=1] stream 0x555e1554da50
gpu01:3541:3541 [0] NCCL INFO AllReduce: opCount 0 sendbuff 0x7f1ea96a1c00 recvbuff 0x7f1ea96a1c00 count 512 datatype 7 op 2 root 0 comm 0x555e1af70e30 [nranks=1] stream 0x555e1554da50
gpu01:3541:3541 [0] NCCL INFO AllReduce: opCount 0 sendbuff 0x7f1ea9754400 recvbuff 0x7f1ea9754400 count 1024 datatype 7 op 0 root 0 comm 0x555e1af70e30 [nranks=1] stream 0x555e1554da50
gpu01:3541:3541 [0] NCCL INFO Broadcast: opCount 0 sendbuff 0x7f1ea970f400 recvbuff 0x7f1ea970f400 count 4096 datatype 0 op 0 root 0 comm 0x555e1af70e30 [nranks=1] stream 0x555e1554da50
gpu01:3541:3541 [0] NCCL INFO Broadcast: opCount 0 sendbuff 0x7f1ea9710400 recvbuff 0x7f1ea9710400 count 4096 datatype 0 op 0 root 0 comm 0x555e1af70e30 [nranks=1] stream 0x555e1554da50
gpu01:3541:3541 [0] NCCL INFO Broadcast: opCount 0 sendbuff 0x7f1ea96a0a00 recvbuff 0x7f1ea96a0a00 count 2048 datatype 0 op 0 root 0 comm 0x555e1af70e30 [nranks=1] stream 0x555e1554da50
gpu01:3541:3541 [0] NCCL INFO Broadcast: opCount 0 sendbuff 0x7f1ea9711400 recvbuff 0x7f1ea9711400 count 262144 datatype 0 op 0 root 0 comm 0x555e1af70e30 [nranks=1] stream 0x555e1554da50
gpu01:3541:3541 [0] NCCL INFO Broadcast: opCount 0 sendbuff 0x7f1ea9751400 recvbuff 0x7f1ea9751400 count 4096 datatype 0 op 0 root 0 comm 0x555e1af70e30 [nranks=1] stream 0x555e1554da50
gpu01:3541:3541 [0] NCCL INFO AllReduce: opCount 0 sendbuff 0x7f1ea96a1c00 recvbuff 0x7f1ea96a1c00 count 512 datatype 7 op 2 root 0 comm 0x555e1af70e30 [nranks=1] stream 0x555e1554da50
gpu01:3541:3541 [0] NCCL INFO AllReduce: opCount 0 sendbuff 0x7f1ea9754400 recvbuff 0x7f1ea9754400 count 1024 datatype 7 op 0 root 0 comm 0x555e1af70e30 [nranks=1] stream 0x555e1554da50
gpu01:3541:3541 [0] NCCL INFO AllReduce: opCount f sendbuff 0x7f1ea96a4c00 recvbuff 0x7f1ea96a4c00 count 2 datatype 7 op 0 root 0 comm 0x555e2471ebf0 [nranks=2] stream 0x555e15556cd0
gpu01:3541:3541 [0] NCCL INFO AllReduce: opCount 5c sendbuff 0x7f1ea96a4a00 recvbuff 0x7f1ea96a4a00 count 1 datatype 2 op 2 root 0 comm 0x555e1553ce10 [nranks=2] stream 0x555e155278b0
gpu01:3541:3541 [0] NCCL INFO Broadcast: opCount 0 sendbuff 0x7f1ea96a0a00 recvbuff 0x7f1ea96a0a00 count 4096 datatype 0 op 0 root 0 comm 0x555e1af70e30 [nranks=1] stream 0x555e1554da50
gpu01:3541:3541 [0] NCCL INFO Broadcast: opCount 0 sendbuff 0x7f1ea970f400 recvbuff 0x7f1ea970f400 count 4096 datatype 0 op 0 root 0 comm 0x555e1af70e30 [nranks=1] stream 0x555e1554da50
gpu01:3541:3541 [0] NCCL INFO Broadcast: opCount 0 sendbuff 0x7f1ea96a2200 recvbuff 0x7f1ea96a2200 count 2048 datatype 0 op 0 root 0 comm 0x555e1af70e30 [nranks=1] stream 0x555e1554da50
gpu01:3541:3541 [0] NCCL INFO Broadcast: opCount 0 sendbuff 0x7f1ea9710400 recvbuff 0x7f1ea9710400 count 262144 datatype 0 op 0 root 0 comm 0x555e1af70e30 [nranks=1] stream 0x555e1554da50
gpu01:3541:3541 [0] NCCL INFO Broadcast: opCount 0 sendbuff 0x7f1ea9750400 recvbuff 0x7f1ea9750400 count 4096 datatype 0 op 0 root 0 comm 0x555e1af70e30 [nranks=1] stream 0x555e1554da50
gpu01:3541:3541 [0] NCCL INFO AllReduce: opCount 0 sendbuff 0x7f1ea9751400 recvbuff 0x7f1ea9751400 count 512 datatype 7 op 2 root 0 comm 0x555e1af70e30 [nranks=1] stream 0x555e1554da50
gpu01:3541:3541 [0] NCCL INFO AllReduce: opCount 0 sendbuff 0x7f1ea9753c00 recvbuff 0x7f1ea9753c00 count 1024 datatype 7 op 0 root 0 comm 0x555e1af70e30 [nranks=1] stream 0x555e1554da50
gpu01:3541:3541 [0] NCCL INFO Broadcast: opCount 0 sendbuff 0x7f1ea96a0a00 recvbuff 0x7f1ea96a0a00 count 4096 datatype 0 op 0 root 0 comm 0x555e1af70e30 [nranks=1] stream 0x555e1554da50
gpu01:3541:3541 [0] NCCL INFO Broadcast: opCount 0 sendbuff 0x7f1ea970f400 recvbuff 0x7f1ea970f400 count 4096 datatype 0 op 0 root 0 comm 0x555e1af70e30 [nranks=1] stream 0x555e1554da50
gpu01:3541:3541 [0] NCCL INFO Broadcast: opCount 0 sendbuff 0x7f1ea96a2200 recvbuff 0x7f1ea96a2200 count 2048 datatype 0 op 0 root 0 comm 0x555e1af70e30 [nranks=1] stream 0x555e1554da50
gpu01:3541:3541 [0] NCCL INFO Broadcast: opCount 0 sendbuff 0x7f1ea9710400 recvbuff 0x7f1ea9710400 count 262144 datatype 0 op 0 root 0 comm 0x555e1af70e30 [nranks=1] stream 0x555e1554da50
gpu01:3541:3541 [0] NCCL INFO Broadcast: opCount 0 sendbuff 0x7f1ea9750400 recvbuff 0x7f1ea9750400 count 4096 datatype 0 op 0 root 0 comm 0x555e1af70e30 [nranks=1] stream 0x555e1554da50
gpu01:3541:3541 [0] NCCL INFO AllReduce: opCount 0 sendbuff 0x7f1ea9751400 recvbuff 0x7f1ea9751400 count 512 datatype 7 op 2 root 0 comm 0x555e1af70e30 [nranks=1] stream 0x555e1554da50
gpu01:3541:3541 [0] NCCL INFO AllReduce: opCount 0 sendbuff 0x7f1ea9754400 recvbuff 0x7f1ea9754400 count 1024 datatype 7 op 0 root 0 comm 0x555e1af70e30 [nranks=1] stream 0x555e1554da50
gpu01:3541:3541 [0] NCCL INFO AllReduce: opCount 10 sendbuff 0x7f1ea9752600 recvbuff 0x7f1ea9752600 count 2 datatype 7 op 0 root 0 comm 0x555e2471ebf0 [nranks=2] stream 0x555e15556cd0
gpu01:3541:3541 [0] NCCL INFO AllReduce: opCount 5d sendbuff 0x7f1ea9752400 recvbuff 0x7f1ea9752400 count 1 datatype 2 op 2 root 0 comm 0x555e1553ce10 [nranks=2] stream 0x555e155278b0
gpu01:3541:3541 [0] NCCL INFO Broadcast: opCount 0 sendbuff 0x7f1ea96a0a00 recvbuff 0x7f1ea96a0a00 count 4096 datatype 0 op 0 root 0 comm 0x555e1af70e30 [nranks=1] stream 0x555e1554da50
gpu01:3541:3541 [0] NCCL INFO Broadcast: opCount 0 sendbuff 0x7f1ea96a1a00 recvbuff 0x7f1ea96a1a00 count 4096 datatype 0 op 0 root 0 comm 0x555e1af70e30 [nranks=1] stream 0x555e1554da50
gpu01:3541:3541 [0] NCCL INFO Broadcast: opCount 0 sendbuff 0x7f1ea970f400 recvbuff 0x7f1ea970f400 count 2048 datatype 0 op 0 root 0 comm 0x555e1af70e30 [nranks=1] stream 0x555e1554da50
gpu01:3541:3541 [0] NCCL INFO Broadcast: opCount 0 sendbuff 0x7f1ea970fc00 recvbuff 0x7f1ea970fc00 count 262144 datatype 0 op 0 root 0 comm 0x555e1af70e30 [nranks=1] stream 0x555e1554da50
gpu01:3541:3541 [0] NCCL INFO Broadcast: opCount 0 sendbuff 0x7f1ea974fc00 recvbuff 0x7f1ea974fc00 count 4096 datatype 0 op 0 root 0 comm 0x555e1af70e30 [nranks=1] stream 0x555e1554da50
gpu01:3541:3541 [0] NCCL INFO AllReduce: opCount 0 sendbuff 0x7f1ea9750c00 recvbuff 0x7f1ea9750c00 count 512 datatype 7 op 2 root 0 comm 0x555e1af70e30 [nranks=1] stream 0x555e1554da50
gpu01:3541:3541 [0] NCCL INFO AllReduce: opCount 0 sendbuff 0x7f1ea9754200 recvbuff 0x7f1ea9754200 count 1024 datatype 7 op 0 root 0 comm 0x555e1af70e30 [nranks=1] stream 0x555e1554da50
gpu01:3541:3541 [0] NCCL INFO Broadcast: opCount 0 sendbuff 0x7f1ea96a0a00 recvbuff 0x7f1ea96a0a00 count 4096 datatype 0 op 0 root 0 comm 0x555e1af70e30 [nranks=1] stream 0x555e1554da50
gpu01:3541:3541 [0] NCCL INFO Broadcast: opCount 0 sendbuff 0x7f1ea96a1a00 recvbuff 0x7f1ea96a1a00 count 4096 datatype 0 op 0 root 0 comm 0x555e1af70e30 [nranks=1] stream 0x555e1554da50
gpu01:3541:3541 [0] NCCL INFO Broadcast: opCount 0 sendbuff 0x7f1ea970f400 recvbuff 0x7f1ea970f400 count 2048 datatype 0 op 0 root 0 comm 0x555e1af70e30 [nranks=1] stream 0x555e1554da50
gpu01:3541:3541 [0] NCCL INFO Broadcast: opCount 0 sendbuff 0x7f1ea970fc00 recvbuff 0x7f1ea970fc00 count 262144 datatype 0 op 0 root 0 comm 0x555e1af70e30 [nranks=1] stream 0x555e1554da50
gpu01:3541:3541 [0] NCCL INFO Broadcast: opCount 0 sendbuff 0x7f1ea974fc00 recvbuff 0x7f1ea974fc00 count 4096 datatype 0 op 0 root 0 comm 0x555e1af70e30 [nranks=1] stream 0x555e1554da50
gpu01:3541:3541 [0] NCCL INFO AllReduce: opCount 0 sendbuff 0x7f1ea9750c00 recvbuff 0x7f1ea9750c00 count 512 datatype 7 op 2 root 0 comm 0x555e1af70e30 [nranks=1] stream 0x555e1554da50
gpu01:3541:3541 [0] NCCL INFO AllReduce: opCount 0 sendbuff 0x7f1ea9754400 recvbuff 0x7f1ea9754400 count 1024 datatype 7 op 0 root 0 comm 0x555e1af70e30 [nranks=1] stream 0x555e1554da50
gpu01:3541:3541 [0] NCCL INFO AllReduce: opCount 11 sendbuff 0x7f1ea9752800 recvbuff 0x7f1ea9752800 count 2 datatype 7 op 0 root 0 comm 0x555e2471ebf0 [nranks=2] stream 0x555e15556cd0
gpu01:3541:3541 [0] NCCL INFO AllReduce: opCount 5e sendbuff 0x7f1ea9752600 recvbuff 0x7f1ea9752600 count 1 datatype 2 op 2 root 0 comm 0x555e1553ce10 [nranks=2] stream 0x555e155278b0
gpu01:3541:3541 [0] NCCL INFO Broadcast: opCount 0 sendbuff 0x7f1ea96a0a00 recvbuff 0x7f1ea96a0a00 count 4096 datatype 0 op 0 root 0 comm 0x555e1af70e30 [nranks=1] stream 0x555e1554da50
gpu01:3541:3541 [0] NCCL INFO Broadcast: opCount 0 sendbuff 0x7f1ea96a1a00 recvbuff 0x7f1ea96a1a00 count 4096 datatype 0 op 0 root 0 comm 0x555e1af70e30 [nranks=1] stream 0x555e1554da50
gpu01:3541:3541 [0] NCCL INFO Broadcast: opCount 0 sendbuff 0x7f1ea96a4a00 recvbuff 0x7f1ea96a4a00 count 2048 datatype 0 op 0 root 0 comm 0x555e1af70e30 [nranks=1] stream 0x555e1554da50
gpu01:3541:3541 [0] NCCL INFO Broadcast: opCount 0 sendbuff 0x7f1ea970f400 recvbuff 0x7f1ea970f400 count 262144 datatype 0 op 0 root 0 comm 0x555e1af70e30 [nranks=1] stream 0x555e1554da50
gpu01:3541:3541 [0] NCCL INFO Broadcast: opCount 0 sendbuff 0x7f1ea974f400 recvbuff 0x7f1ea974f400 count 4096 datatype 0 op 0 root 0 comm 0x555e1af70e30 [nranks=1] stream 0x555e1554da50
gpu01:3541:3541 [0] NCCL INFO AllReduce: opCount 0 sendbuff 0x7f1ea9750400 recvbuff 0x7f1ea9750400 count 512 datatype 7 op 2 root 0 comm 0x555e1af70e30 [nranks=1] stream 0x555e1554da50
gpu01:3541:3541 [0] NCCL INFO AllReduce: opCount 0 sendbuff 0x7f1ea9753a00 recvbuff 0x7f1ea9753a00 count 1024 datatype 7 op 0 root 0 comm 0x555e1af70e30 [nranks=1] stream 0x555e1554da50
gpu01:3541:3541 [0] NCCL INFO Broadcast: opCount 0 sendbuff 0x7f1ea96a1000 recvbuff 0x7f1ea96a1000 count 4096 datatype 0 op 0 root 0 comm 0x555e1af70e30 [nranks=1] stream 0x555e1554da50
gpu01:3541:3541 [0] NCCL INFO Broadcast: opCount 0 sendbuff 0x7f1ea970f400 recvbuff 0x7f1ea970f400 count 4096 datatype 0 op 0 root 0 comm 0x555e1af70e30 [nranks=1] stream 0x555e1554da50
gpu01:3541:3541 [0] NCCL INFO Broadcast: opCount 0 sendbuff 0x7f1ea96a4a00 recvbuff 0x7f1ea96a4a00 count 2048 datatype 0 op 0 root 0 comm 0x555e1af70e30 [nranks=1] stream 0x555e1554da50
gpu01:3541:3541 [0] NCCL INFO Broadcast: opCount 0 sendbuff 0x7f1ea9710400 recvbuff 0x7f1ea9710400 count 262144 datatype 0 op 0 root 0 comm 0x555e1af70e30 [nranks=1] stream 0x555e1554da50
gpu01:3541:3541 [0] NCCL INFO Broadcast: opCount 0 sendbuff 0x7f1ea9750400 recvbuff 0x7f1ea9750400 count 4096 datatype 0 op 0 root 0 comm 0x555e1af70e30 [nranks=1] stream 0x555e1554da50
gpu01:3541:3541 [0] NCCL INFO AllReduce: opCount 0 sendbuff 0x7f1ea96a2000 recvbuff 0x7f1ea96a2000 count 512 datatype 7 op 2 root 0 comm 0x555e1af70e30 [nranks=1] stream 0x555e1554da50
gpu01:3541:3541 [0] NCCL INFO AllReduce: opCount 0 sendbuff 0x7f1ea9754200 recvbuff 0x7f1ea9754200 count 1024 datatype 7 op 0 root 0 comm 0x555e1af70e30 [nranks=1] stream 0x555e1554da50
gpu01:3541:3541 [0] NCCL INFO AllReduce: opCount 12 sendbuff 0x7f1ea96a0c00 recvbuff 0x7f1ea96a0c00 count 2 datatype 7 op 0 root 0 comm 0x555e2471ebf0 [nranks=2] stream 0x555e15556cd0
gpu01:3541:3541 [0] NCCL INFO AllReduce: opCount 5f sendbuff 0x7f1ea96a0a00 recvbuff 0x7f1ea96a0a00 count 1 datatype 2 op 2 root 0 comm 0x555e1553ce10 [nranks=2] stream 0x555e155278b0
gpu01:3541:3541 [0] NCCL INFO Broadcast: opCount 0 sendbuff 0x7f1ea96a1600 recvbuff 0x7f1ea96a1600 count 4096 datatype 0 op 0 root 0 comm 0x555e1af70e30 [nranks=1] stream 0x555e1554da50
gpu01:3541:3541 [0] NCCL INFO Broadcast: opCount 0 sendbuff 0x7f1ea970f400 recvbuff 0x7f1ea970f400 count 4096 datatype 0 op 0 root 0 comm 0x555e1af70e30 [nranks=1] stream 0x555e1554da50
gpu01:3541:3541 [0] NCCL INFO Broadcast: opCount 0 sendbuff 0x7f1ea96a4a00 recvbuff 0x7f1ea96a4a00 count 2048 datatype 0 op 0 root 0 comm 0x555e1af70e30 [nranks=1] stream 0x555e1554da50
gpu01:3541:3541 [0] NCCL INFO Broadcast: opCount 0 sendbuff 0x7f1ea9710400 recvbuff 0x7f1ea9710400 count 262144 datatype 0 op 0 root 0 comm 0x555e1af70e30 [nranks=1] stream 0x555e1554da50
gpu01:3541:3541 [0] NCCL INFO Broadcast: opCount 0 sendbuff 0x7f1ea9750400 recvbuff 0x7f1ea9750400 count 4096 datatype 0 op 0 root 0 comm 0x555e1af70e30 [nranks=1] stream 0x555e1554da50
gpu01:3541:3541 [0] NCCL INFO AllReduce: opCount 0 sendbuff 0x7f1ea9751400 recvbuff 0x7f1ea9751400 count 512 datatype 7 op 2 root 0 comm 0x555e1af70e30 [nranks=1] stream 0x555e1554da50
gpu01:3541:3541 [0] NCCL INFO AllReduce: opCount 0 sendbuff 0x7f1ea9753c00 recvbuff 0x7f1ea9753c00 count 1024 datatype 7 op 0 root 0 comm 0x555e1af70e30 [nranks=1] stream 0x555e1554da50
gpu01:3541:3541 [0] NCCL INFO Broadcast: opCount 0 sendbuff 0x7f1ea970f400 recvbuff 0x7f1ea970f400 count 4096 datatype 0 op 0 root 0 comm 0x555e1af70e30 [nranks=1] stream 0x555e1554da50
gpu01:3541:3541 [0] NCCL INFO Broadcast: opCount 0 sendbuff 0x7f1ea9710400 recvbuff 0x7f1ea9710400 count 4096 datatype 0 op 0 root 0 comm 0x555e1af70e30 [nranks=1] stream 0x555e1554da50
gpu01:3541:3541 [0] NCCL INFO Broadcast: opCount 0 sendbuff 0x7f1ea96a4a00 recvbuff 0x7f1ea96a4a00 count 2048 datatype 0 op 0 root 0 comm 0x555e1af70e30 [nranks=1] stream 0x555e1554da50
gpu01:3541:3541 [0] NCCL INFO Broadcast: opCount 0 sendbuff 0x7f1ea9711400 recvbuff 0x7f1ea9711400 count 262144 datatype 0 op 0 root 0 comm 0x555e1af70e30 [nranks=1] stream 0x555e1554da50
gpu01:3541:3541 [0] NCCL INFO Broadcast: opCount 0 sendbuff 0x7f1ea9751400 recvbuff 0x7f1ea9751400 count 4096 datatype 0 op 0 root 0 comm 0x555e1af70e30 [nranks=1] stream 0x555e1554da50
gpu01:3541:3541 [0] NCCL INFO AllReduce: opCount 0 sendbuff 0x7f1ea96a1c00 recvbuff 0x7f1ea96a1c00 count 512 datatype 7 op 2 root 0 comm 0x555e1af70e30 [nranks=1] stream 0x555e1554da50
gpu01:3541:3541 [0] NCCL INFO AllReduce: opCount 0 sendbuff 0x7f1ea9754400 recvbuff 0x7f1ea9754400 count 1024 datatype 7 op 0 root 0 comm 0x555e1af70e30 [nranks=1] stream 0x555e1554da50
gpu01:3541:3541 [0] NCCL INFO AllReduce: opCount 13 sendbuff 0x7f1ea96a1e00 recvbuff 0x7f1ea96a1e00 count 2 datatype 7 op 0 root 0 comm 0x555e2471ebf0 [nranks=2] stream 0x555e15556cd0
gpu01:3541:3541 [0] NCCL INFO AllReduce: opCount 60 sendbuff 0x7f1ea96a1c00 recvbuff 0x7f1ea96a1c00 count 1 datatype 2 op 2 root 0 comm 0x555e1553ce10 [nranks=2] stream 0x555e155278b0
gpu01:3541:3541 [0] NCCL INFO AllGather: opCount 61 sendbuff 0x7f1ea96a2400 recvbuff 0x7f1ea96a2400 count 4 datatype 0 op 0 root 0 comm 0x555e1553ce10 [nranks=2] stream 0x555e155278b0
gpu01:3541:3541 [0] NCCL INFO AllReduce: opCount 62 sendbuff 0x7f1ea96a9200 recvbuff 0x7f1ea96a9200 count 1 datatype 7 op 0 root 0 comm 0x555e1553ce10 [nranks=2] stream 0x555e155278b0
gpu01:3541:3541 [0] NCCL INFO Broadcast: opCount 0 sendbuff 0x7f1ea96a0a00 recvbuff 0x7f1ea96a0a00 count 4096 datatype 0 op 0 root 0 comm 0x555e1af70e30 [nranks=1] stream 0x555e1554da50
gpu01:3541:3541 [0] NCCL INFO Broadcast: opCount 0 sendbuff 0x7f1ea96a1a00 recvbuff 0x7f1ea96a1a00 count 4096 datatype 0 op 0 root 0 comm 0x555e1af70e30 [nranks=1] stream 0x555e1554da50
gpu01:3541:3541 [0] NCCL INFO Broadcast: opCount 0 sendbuff 0x7f1ea96a4a00 recvbuff 0x7f1ea96a4a00 count 2048 datatype 0 op 0 root 0 comm 0x555e1af70e30 [nranks=1] stream 0x555e1554da50
gpu01:3541:3541 [0] NCCL INFO Broadcast: opCount 0 sendbuff 0x7f1ea970f400 recvbuff 0x7f1ea970f400 count 262144 datatype 0 op 0 root 0 comm 0x555e1af70e30 [nranks=1] stream 0x555e1554da50
gpu01:3541:3541 [0] NCCL INFO Broadcast: opCount 0 sendbuff 0x7f1ea974f400 recvbuff 0x7f1ea974f400 count 4096 datatype 0 op 0 root 0 comm 0x555e1af70e30 [nranks=1] stream 0x555e1554da50
gpu01:3541:3541 [0] NCCL INFO AllReduce: opCount 0 sendbuff 0x7f1ea9750400 recvbuff 0x7f1ea9750400 count 512 datatype 7 op 2 root 0 comm 0x555e1af70e30 [nranks=1] stream 0x555e1554da50
gpu01:3541:3541 [0] NCCL INFO AllReduce: opCount 0 sendbuff 0x7f1ea9752e00 recvbuff 0x7f1ea9752e00 count 1024 datatype 7 op 0 root 0 comm 0x555e1af70e30 [nranks=1] stream 0x555e1554da50
gpu01:3541:3541 [0] NCCL INFO Broadcast: opCount 0 sendbuff 0x7f1ea96a0a00 recvbuff 0x7f1ea96a0a00 count 4096 datatype 0 op 0 root 0 comm 0x555e1af70e30 [nranks=1] stream 0x555e1554da50
gpu01:3541:3541 [0] NCCL INFO Broadcast: opCount 0 sendbuff 0x7f1ea96a1a00 recvbuff 0x7f1ea96a1a00 count 4096 datatype 0 op 0 root 0 comm 0x555e1af70e30 [nranks=1] stream 0x555e1554da50
gpu01:3541:3541 [0] NCCL INFO Broadcast: opCount 0 sendbuff 0x7f1ea96a4a00 recvbuff 0x7f1ea96a4a00 count 2048 datatype 0 op 0 root 0 comm 0x555e1af70e30 [nranks=1] stream 0x555e1554da50
gpu01:3541:3541 [0] NCCL INFO Broadcast: opCount 0 sendbuff 0x7f1ea970f400 recvbuff 0x7f1ea970f400 count 262144 datatype 0 op 0 root 0 comm 0x555e1af70e30 [nranks=1] stream 0x555e1554da50
gpu01:3541:3541 [0] NCCL INFO Broadcast: opCount 0 sendbuff 0x7f1ea974f400 recvbuff 0x7f1ea974f400 count 4096 datatype 0 op 0 root 0 comm 0x555e1af70e30 [nranks=1] stream 0x555e1554da50
gpu01:3541:3541 [0] NCCL INFO AllReduce: opCount 0 sendbuff 0x7f1ea9750400 recvbuff 0x7f1ea9750400 count 512 datatype 7 op 2 root 0 comm 0x555e1af70e30 [nranks=1] stream 0x555e1554da50
gpu01:3541:3541 [0] NCCL INFO AllReduce: opCount 0 sendbuff 0x7f1ea9753400 recvbuff 0x7f1ea9753400 count 1024 datatype 7 op 0 root 0 comm 0x555e1af70e30 [nranks=1] stream 0x555e1554da50
gpu01:3541:3541 [0] NCCL INFO AllReduce: opCount 14 sendbuff 0x7f1ea9751600 recvbuff 0x7f1ea9751600 count 2 datatype 7 op 0 root 0 comm 0x555e2471ebf0 [nranks=2] stream 0x555e15556cd0
gpu01:3541:3541 [0] NCCL INFO AllReduce: opCount 63 sendbuff 0x7f1ea9751400 recvbuff 0x7f1ea9751400 count 1 datatype 2 op 2 root 0 comm 0x555e1553ce10 [nranks=2] stream 0x555e155278b0
gpu01:3541:3541 [0] NCCL INFO Broadcast: opCount 0 sendbuff 0x7f1ea96a0a00 recvbuff 0x7f1ea96a0a00 count 4096 datatype 0 op 0 root 0 comm 0x555e1af70e30 [nranks=1] stream 0x555e1554da50
gpu01:3541:3541 [0] NCCL INFO Broadcast: opCount 0 sendbuff 0x7f1ea96a1a00 recvbuff 0x7f1ea96a1a00 count 4096 datatype 0 op 0 root 0 comm 0x555e1af70e30 [nranks=1] stream 0x555e1554da50
gpu01:3541:3541 [0] NCCL INFO Broadcast: opCount 0 sendbuff 0x7f1ea970f400 recvbuff 0x7f1ea970f400 count 2048 datatype 0 op 0 root 0 comm 0x555e1af70e30 [nranks=1] stream 0x555e1554da50
gpu01:3541:3541 [0] NCCL INFO Broadcast: opCount 0 sendbuff 0x7f1ea970fc00 recvbuff 0x7f1ea970fc00 count 262144 datatype 0 op 0 root 0 comm 0x555e1af70e30 [nranks=1] stream 0x555e1554da50
gpu01:3541:3541 [0] NCCL INFO Broadcast: opCount 0 sendbuff 0x7f1ea974fc00 recvbuff 0x7f1ea974fc00 count 4096 datatype 0 op 0 root 0 comm 0x555e1af70e30 [nranks=1] stream 0x555e1554da50
gpu01:3541:3541 [0] NCCL INFO AllReduce: opCount 0 sendbuff 0x7f1ea9751a00 recvbuff 0x7f1ea9751a00 count 512 datatype 7 op 2 root 0 comm 0x555e1af70e30 [nranks=1] stream 0x555e1554da50
gpu01:3541:3541 [0] NCCL INFO AllReduce: opCount 0 sendbuff 0x7f1ea9754200 recvbuff 0x7f1ea9754200 count 1024 datatype 7 op 0 root 0 comm 0x555e1af70e30 [nranks=1] stream 0x555e1554da50
gpu01:3541:3541 [0] NCCL INFO Broadcast: opCount 0 sendbuff 0x7f1ea96a0a00 recvbuff 0x7f1ea96a0a00 count 4096 datatype 0 op 0 root 0 comm 0x555e1af70e30 [nranks=1] stream 0x555e1554da50
gpu01:3541:3541 [0] NCCL INFO Broadcast: opCount 0 sendbuff 0x7f1ea96a1a00 recvbuff 0x7f1ea96a1a00 count 4096 datatype 0 op 0 root 0 comm 0x555e1af70e30 [nranks=1] stream 0x555e1554da50
gpu01:3541:3541 [0] NCCL INFO Broadcast: opCount 0 sendbuff 0x7f1ea970f400 recvbuff 0x7f1ea970f400 count 2048 datatype 0 op 0 root 0 comm 0x555e1af70e30 [nranks=1] stream 0x555e1554da50
gpu01:3541:3541 [0] NCCL INFO Broadcast: opCount 0 sendbuff 0x7f1ea970fc00 recvbuff 0x7f1ea970fc00 count 262144 datatype 0 op 0 root 0 comm 0x555e1af70e30 [nranks=1] stream 0x555e1554da50
gpu01:3541:3541 [0] NCCL INFO Broadcast: opCount 0 sendbuff 0x7f1ea974fc00 recvbuff 0x7f1ea974fc00 count 4096 datatype 0 op 0 root 0 comm 0x555e1af70e30 [nranks=1] stream 0x555e1554da50
gpu01:3541:3541 [0] NCCL INFO AllReduce: opCount 0 sendbuff 0x7f1ea9751c00 recvbuff 0x7f1ea9751c00 count 512 datatype 7 op 2 root 0 comm 0x555e1af70e30 [nranks=1] stream 0x555e1554da50
gpu01:3541:3541 [0] NCCL INFO AllReduce: opCount 0 sendbuff 0x7f1ea9754400 recvbuff 0x7f1ea9754400 count 1024 datatype 7 op 0 root 0 comm 0x555e1af70e30 [nranks=1] stream 0x555e1554da50
gpu01:3541:3541 [0] NCCL INFO AllReduce: opCount 15 sendbuff 0x7f1ea9751800 recvbuff 0x7f1ea9751800 count 2 datatype 7 op 0 root 0 comm 0x555e2471ebf0 [nranks=2] stream 0x555e15556cd0
gpu01:3541:3541 [0] NCCL INFO AllReduce: opCount 64 sendbuff 0x7f1ea9751600 recvbuff 0x7f1ea9751600 count 1 datatype 2 op 2 root 0 comm 0x555e1553ce10 [nranks=2] stream 0x555e155278b0
gpu01:3541:3541 [0] NCCL INFO Broadcast: opCount 0 sendbuff 0x7f1ea96a0a00 recvbuff 0x7f1ea96a0a00 count 4096 datatype 0 op 0 root 0 comm 0x555e1af70e30 [nranks=1] stream 0x555e1554da50
gpu01:3541:3541 [0] NCCL INFO Broadcast: opCount 0 sendbuff 0x7f1ea96a1a00 recvbuff 0x7f1ea96a1a00 count 4096 datatype 0 op 0 root 0 comm 0x555e1af70e30 [nranks=1] stream 0x555e1554da50
gpu01:3541:3541 [0] NCCL INFO Broadcast: opCount 0 sendbuff 0x7f1ea96a4a00 recvbuff 0x7f1ea96a4a00 count 2048 datatype 0 op 0 root 0 comm 0x555e1af70e30 [nranks=1] stream 0x555e1554da50
gpu01:3541:3541 [0] NCCL INFO Broadcast: opCount 0 sendbuff 0x7f1ea970f400 recvbuff 0x7f1ea970f400 count 262144 datatype 0 op 0 root 0 comm 0x555e1af70e30 [nranks=1] stream 0x555e1554da50
gpu01:3541:3541 [0] NCCL INFO Broadcast: opCount 0 sendbuff 0x7f1ea974f400 recvbuff 0x7f1ea974f400 count 4096 datatype 0 op 0 root 0 comm 0x555e1af70e30 [nranks=1] stream 0x555e1554da50
gpu01:3541:3541 [0] NCCL INFO AllReduce: opCount 0 sendbuff 0x7f1ea9750400 recvbuff 0x7f1ea9750400 count 512 datatype 7 op 2 root 0 comm 0x555e1af70e30 [nranks=1] stream 0x555e1554da50
gpu01:3541:3541 [0] NCCL INFO AllReduce: opCount 0 sendbuff 0x7f1ea9753a00 recvbuff 0x7f1ea9753a00 count 1024 datatype 7 op 0 root 0 comm 0x555e1af70e30 [nranks=1] stream 0x555e1554da50
gpu01:3541:3541 [0] NCCL INFO Broadcast: opCount 0 sendbuff 0x7f1ea96a0a00 recvbuff 0x7f1ea96a0a00 count 4096 datatype 0 op 0 root 0 comm 0x555e1af70e30 [nranks=1] stream 0x555e1554da50
gpu01:3541:3541 [0] NCCL INFO Broadcast: opCount 0 sendbuff 0x7f1ea96a1a00 recvbuff 0x7f1ea96a1a00 count 4096 datatype 0 op 0 root 0 comm 0x555e1af70e30 [nranks=1] stream 0x555e1554da50
gpu01:3541:3541 [0] NCCL INFO Broadcast: opCount 0 sendbuff 0x7f1ea96a4a00 recvbuff 0x7f1ea96a4a00 count 2048 datatype 0 op 0 root 0 comm 0x555e1af70e30 [nranks=1] stream 0x555e1554da50
gpu01:3541:3541 [0] NCCL INFO Broadcast: opCount 0 sendbuff 0x7f1ea970f400 recvbuff 0x7f1ea970f400 count 262144 datatype 0 op 0 root 0 comm 0x555e1af70e30 [nranks=1] stream 0x555e1554da50
gpu01:3541:3541 [0] NCCL INFO Broadcast: opCount 0 sendbuff 0x7f1ea974f400 recvbuff 0x7f1ea974f400 count 4096 datatype 0 op 0 root 0 comm 0x555e1af70e30 [nranks=1] stream 0x555e1554da50
gpu01:3541:3541 [0] NCCL INFO AllReduce: opCount 0 sendbuff 0x7f1ea9750400 recvbuff 0x7f1ea9750400 count 512 datatype 7 op 2 root 0 comm 0x555e1af70e30 [nranks=1] stream 0x555e1554da50
gpu01:3541:3541 [0] NCCL INFO AllReduce: opCount 0 sendbuff 0x7f1ea9753e00 recvbuff 0x7f1ea9753e00 count 1024 datatype 7 op 0 root 0 comm 0x555e1af70e30 [nranks=1] stream 0x555e1554da50
gpu01:3541:3541 [0] NCCL INFO AllReduce: opCount 16 sendbuff 0x7f1ea96a0c00 recvbuff 0x7f1ea96a0c00 count 2 datatype 7 op 0 root 0 comm 0x555e2471ebf0 [nranks=2] stream 0x555e15556cd0
gpu01:3541:3541 [0] NCCL INFO AllReduce: opCount 65 sendbuff 0x7f1ea96a0a00 recvbuff 0x7f1ea96a0a00 count 1 datatype 2 op 2 root 0 comm 0x555e1553ce10 [nranks=2] stream 0x555e155278b0
gpu01:3541:3541 [0] NCCL INFO Broadcast: opCount 0 sendbuff 0x7f1ea96a1000 recvbuff 0x7f1ea96a1000 count 4096 datatype 0 op 0 root 0 comm 0x555e1af70e30 [nranks=1] stream 0x555e1554da50
gpu01:3541:3541 [0] NCCL INFO Broadcast: opCount 0 sendbuff 0x7f1ea970f400 recvbuff 0x7f1ea970f400 count 4096 datatype 0 op 0 root 0 comm 0x555e1af70e30 [nranks=1] stream 0x555e1554da50
gpu01:3541:3541 [0] NCCL INFO Broadcast: opCount 0 sendbuff 0x7f1ea96a2000 recvbuff 0x7f1ea96a2000 count 2048 datatype 0 op 0 root 0 comm 0x555e1af70e30 [nranks=1] stream 0x555e1554da50
gpu01:3541:3541 [0] NCCL INFO Broadcast: opCount 0 sendbuff 0x7f1ea9710400 recvbuff 0x7f1ea9710400 count 262144 datatype 0 op 0 root 0 comm 0x555e1af70e30 [nranks=1] stream 0x555e1554da50
gpu01:3541:3541 [0] NCCL INFO Broadcast: opCount 0 sendbuff 0x7f1ea9750400 recvbuff 0x7f1ea9750400 count 4096 datatype 0 op 0 root 0 comm 0x555e1af70e30 [nranks=1] stream 0x555e1554da50
gpu01:3541:3541 [0] NCCL INFO AllReduce: opCount 0 sendbuff 0x7f1ea9751400 recvbuff 0x7f1ea9751400 count 512 datatype 7 op 2 root 0 comm 0x555e1af70e30 [nranks=1] stream 0x555e1554da50
gpu01:3541:3541 [0] NCCL INFO AllReduce: opCount 0 sendbuff 0x7f1ea9753e00 recvbuff 0x7f1ea9753e00 count 1024 datatype 7 op 0 root 0 comm 0x555e1af70e30 [nranks=1] stream 0x555e1554da50
gpu01:3541:3541 [0] NCCL INFO Broadcast: opCount 0 sendbuff 0x7f1ea96a1000 recvbuff 0x7f1ea96a1000 count 4096 datatype 0 op 0 root 0 comm 0x555e1af70e30 [nranks=1] stream 0x555e1554da50
gpu01:3541:3541 [0] NCCL INFO Broadcast: opCount 0 sendbuff 0x7f1ea970f400 recvbuff 0x7f1ea970f400 count 4096 datatype 0 op 0 root 0 comm 0x555e1af70e30 [nranks=1] stream 0x555e1554da50
gpu01:3541:3541 [0] NCCL INFO Broadcast: opCount 0 sendbuff 0x7f1ea96a2000 recvbuff 0x7f1ea96a2000 count 2048 datatype 0 op 0 root 0 comm 0x555e1af70e30 [nranks=1] stream 0x555e1554da50
gpu01:3541:3541 [0] NCCL INFO Broadcast: opCount 0 sendbuff 0x7f1ea9710400 recvbuff 0x7f1ea9710400 count 262144 datatype 0 op 0 root 0 comm 0x555e1af70e30 [nranks=1] stream 0x555e1554da50
gpu01:3541:3541 [0] NCCL INFO Broadcast: opCount 0 sendbuff 0x7f1ea9750400 recvbuff 0x7f1ea9750400 count 4096 datatype 0 op 0 root 0 comm 0x555e1af70e30 [nranks=1] stream 0x555e1554da50
gpu01:3541:3541 [0] NCCL INFO AllReduce: opCount 0 sendbuff 0x7f1ea9751400 recvbuff 0x7f1ea9751400 count 512 datatype 7 op 2 root 0 comm 0x555e1af70e30 [nranks=1] stream 0x555e1554da50
gpu01:3541:3541 [0] NCCL INFO AllReduce: opCount 0 sendbuff 0x7f1ea9753e00 recvbuff 0x7f1ea9753e00 count 1024 datatype 7 op 0 root 0 comm 0x555e1af70e30 [nranks=1] stream 0x555e1554da50
gpu01:3541:3541 [0] NCCL INFO AllReduce: opCount 17 sendbuff 0x7f1ea96a4c00 recvbuff 0x7f1ea96a4c00 count 2 datatype 7 op 0 root 0 comm 0x555e2471ebf0 [nranks=2] stream 0x555e15556cd0
gpu01:3541:3541 [0] NCCL INFO AllReduce: opCount 66 sendbuff 0x7f1ea96a4a00 recvbuff 0x7f1ea96a4a00 count 1 datatype 2 op 2 root 0 comm 0x555e1553ce10 [nranks=2] stream 0x555e155278b0
gpu01:3541:3541 [0] NCCL INFO Broadcast: opCount 0 sendbuff 0x7f1ea96a1600 recvbuff 0x7f1ea96a1600 count 4096 datatype 0 op 0 root 0 comm 0x555e1af70e30 [nranks=1] stream 0x555e1554da50
gpu01:3541:3541 [0] NCCL INFO Broadcast: opCount 0 sendbuff 0x7f1ea970f400 recvbuff 0x7f1ea970f400 count 4096 datatype 0 op 0 root 0 comm 0x555e1af70e30 [nranks=1] stream 0x555e1554da50
gpu01:3541:3541 [0] NCCL INFO Broadcast: opCount 0 sendbuff 0x7f1ea96a0a00 recvbuff 0x7f1ea96a0a00 count 2048 datatype 0 op 0 root 0 comm 0x555e1af70e30 [nranks=1] stream 0x555e1554da50
gpu01:3541:3541 [0] NCCL INFO Broadcast: opCount 0 sendbuff 0x7f1ea9710400 recvbuff 0x7f1ea9710400 count 262144 datatype 0 op 0 root 0 comm 0x555e1af70e30 [nranks=1] stream 0x555e1554da50
gpu01:3541:3541 [0] NCCL INFO Broadcast: opCount 0 sendbuff 0x7f1ea9750400 recvbuff 0x7f1ea9750400 count 4096 datatype 0 op 0 root 0 comm 0x555e1af70e30 [nranks=1] stream 0x555e1554da50
gpu01:3541:3541 [0] NCCL INFO AllReduce: opCount 0 sendbuff 0x7f1ea9751400 recvbuff 0x7f1ea9751400 count 512 datatype 7 op 2 root 0 comm 0x555e1af70e30 [nranks=1] stream 0x555e1554da50
gpu01:3541:3541 [0] NCCL INFO AllReduce: opCount 0 sendbuff 0x7f1ea9753c00 recvbuff 0x7f1ea9753c00 count 1024 datatype 7 op 0 root 0 comm 0x555e1af70e30 [nranks=1] stream 0x555e1554da50
gpu01:3541:3541 [0] NCCL INFO Broadcast: opCount 0 sendbuff 0x7f1ea970f400 recvbuff 0x7f1ea970f400 count 4096 datatype 0 op 0 root 0 comm 0x555e1af70e30 [nranks=1] stream 0x555e1554da50
gpu01:3541:3541 [0] NCCL INFO Broadcast: opCount 0 sendbuff 0x7f1ea9710400 recvbuff 0x7f1ea9710400 count 4096 datatype 0 op 0 root 0 comm 0x555e1af70e30 [nranks=1] stream 0x555e1554da50
gpu01:3541:3541 [0] NCCL INFO Broadcast: opCount 0 sendbuff 0x7f1ea96a0a00 recvbuff 0x7f1ea96a0a00 count 2048 datatype 0 op 0 root 0 comm 0x555e1af70e30 [nranks=1] stream 0x555e1554da50
gpu01:3541:3541 [0] NCCL INFO Broadcast: opCount 0 sendbuff 0x7f1ea9711400 recvbuff 0x7f1ea9711400 count 262144 datatype 0 op 0 root 0 comm 0x555e1af70e30 [nranks=1] stream 0x555e1554da50
gpu01:3541:3541 [0] NCCL INFO Broadcast: opCount 0 sendbuff 0x7f1ea9751400 recvbuff 0x7f1ea9751400 count 4096 datatype 0 op 0 root 0 comm 0x555e1af70e30 [nranks=1] stream 0x555e1554da50
gpu01:3541:3541 [0] NCCL INFO AllReduce: opCount 0 sendbuff 0x7f1ea96a1c00 recvbuff 0x7f1ea96a1c00 count 512 datatype 7 op 2 root 0 comm 0x555e1af70e30 [nranks=1] stream 0x555e1554da50
gpu01:3541:3541 [0] NCCL INFO AllReduce: opCount 0 sendbuff 0x7f1ea9754400 recvbuff 0x7f1ea9754400 count 1024 datatype 7 op 0 root 0 comm 0x555e1af70e30 [nranks=1] stream 0x555e1554da50
gpu01:3541:3541 [0] NCCL INFO AllReduce: opCount 18 sendbuff 0x7f1ea96a1e00 recvbuff 0x7f1ea96a1e00 count 2 datatype 7 op 0 root 0 comm 0x555e2471ebf0 [nranks=2] stream 0x555e15556cd0
gpu01:3541:3541 [0] NCCL INFO AllReduce: opCount 67 sendbuff 0x7f1ea96a1c00 recvbuff 0x7f1ea96a1c00 count 1 datatype 2 op 2 root 0 comm 0x555e1553ce10 [nranks=2] stream 0x555e155278b0
gpu01:3541:3541 [0] NCCL INFO Broadcast: opCount 0 sendbuff 0x7f1ea96a0a00 recvbuff 0x7f1ea96a0a00 count 4096 datatype 0 op 0 root 0 comm 0x555e1af70e30 [nranks=1] stream 0x555e1554da50
gpu01:3541:3541 [0] NCCL INFO Broadcast: opCount 0 sendbuff 0x7f1ea970f400 recvbuff 0x7f1ea970f400 count 4096 datatype 0 op 0 root 0 comm 0x555e1af70e30 [nranks=1] stream 0x555e1554da50
gpu01:3541:3541 [0] NCCL INFO Broadcast: opCount 0 sendbuff 0x7f1ea96a4a00 recvbuff 0x7f1ea96a4a00 count 2048 datatype 0 op 0 root 0 comm 0x555e1af70e30 [nranks=1] stream 0x555e1554da50
gpu01:3541:3541 [0] NCCL INFO Broadcast: opCount 0 sendbuff 0x7f1ea9710400 recvbuff 0x7f1ea9710400 count 262144 datatype 0 op 0 root 0 comm 0x555e1af70e30 [nranks=1] stream 0x555e1554da50
gpu01:3541:3541 [0] NCCL INFO Broadcast: opCount 0 sendbuff 0x7f1ea9750400 recvbuff 0x7f1ea9750400 count 4096 datatype 0 op 0 root 0 comm 0x555e1af70e30 [nranks=1] stream 0x555e1554da50
gpu01:3541:3541 [0] NCCL INFO AllReduce: opCount 0 sendbuff 0x7f1ea9751400 recvbuff 0x7f1ea9751400 count 512 datatype 7 op 2 root 0 comm 0x555e1af70e30 [nranks=1] stream 0x555e1554da50
gpu01:3541:3541 [0] NCCL INFO AllReduce: opCount 0 sendbuff 0x7f1ea9753c00 recvbuff 0x7f1ea9753c00 count 1024 datatype 7 op 0 root 0 comm 0x555e1af70e30 [nranks=1] stream 0x555e1554da50
gpu01:3541:3541 [0] NCCL INFO Broadcast: opCount 0 sendbuff 0x7f1ea970f400 recvbuff 0x7f1ea970f400 count 4096 datatype 0 op 0 root 0 comm 0x555e1af70e30 [nranks=1] stream 0x555e1554da50
gpu01:3541:3541 [0] NCCL INFO Broadcast: opCount 0 sendbuff 0x7f1ea9710400 recvbuff 0x7f1ea9710400 count 4096 datatype 0 op 0 root 0 comm 0x555e1af70e30 [nranks=1] stream 0x555e1554da50
gpu01:3541:3541 [0] NCCL INFO Broadcast: opCount 0 sendbuff 0x7f1ea96a4a00 recvbuff 0x7f1ea96a4a00 count 2048 datatype 0 op 0 root 0 comm 0x555e1af70e30 [nranks=1] stream 0x555e1554da50
gpu01:3541:3541 [0] NCCL INFO Broadcast: opCount 0 sendbuff 0x7f1ea9711400 recvbuff 0x7f1ea9711400 count 262144 datatype 0 op 0 root 0 comm 0x555e1af70e30 [nranks=1] stream 0x555e1554da50
gpu01:3541:3541 [0] NCCL INFO Broadcast: opCount 0 sendbuff 0x7f1ea9751400 recvbuff 0x7f1ea9751400 count 4096 datatype 0 op 0 root 0 comm 0x555e1af70e30 [nranks=1] stream 0x555e1554da50
gpu01:3541:3541 [0] NCCL INFO AllReduce: opCount 0 sendbuff 0x7f1ea96a0c00 recvbuff 0x7f1ea96a0c00 count 512 datatype 7 op 2 root 0 comm 0x555e1af70e30 [nranks=1] stream 0x555e1554da50
gpu01:3541:3541 [0] NCCL INFO AllReduce: opCount 0 sendbuff 0x7f1ea9754400 recvbuff 0x7f1ea9754400 count 1024 datatype 7 op 0 root 0 comm 0x555e1af70e30 [nranks=1] stream 0x555e1554da50
gpu01:3541:3541 [0] NCCL INFO AllReduce: opCount 19 sendbuff 0x7f1ea96a0e00 recvbuff 0x7f1ea96a0e00 count 2 datatype 7 op 0 root 0 comm 0x555e2471ebf0 [nranks=2] stream 0x555e15556cd0
gpu01:3541:3541 [0] NCCL INFO AllReduce: opCount 68 sendbuff 0x7f1ea96a0c00 recvbuff 0x7f1ea96a0c00 count 1 datatype 2 op 2 root 0 comm 0x555e1553ce10 [nranks=2] stream 0x555e155278b0
gpu01:3541:3541 [0] NCCL INFO Broadcast: opCount 0 sendbuff 0x7f1ea96a1200 recvbuff 0x7f1ea96a1200 count 4096 datatype 0 op 0 root 0 comm 0x555e1af70e30 [nranks=1] stream 0x555e1554da50
gpu01:3541:3541 [0] NCCL INFO Broadcast: opCount 0 sendbuff 0x7f1ea970f400 recvbuff 0x7f1ea970f400 count 4096 datatype 0 op 0 root 0 comm 0x555e1af70e30 [nranks=1] stream 0x555e1554da50
gpu01:3541:3541 [0] NCCL INFO Broadcast: opCount 0 sendbuff 0x7f1ea96a2200 recvbuff 0x7f1ea96a2200 count 2048 datatype 0 op 0 root 0 comm 0x555e1af70e30 [nranks=1] stream 0x555e1554da50
gpu01:3541:3541 [0] NCCL INFO Broadcast: opCount 0 sendbuff 0x7f1ea9710400 recvbuff 0x7f1ea9710400 count 262144 datatype 0 op 0 root 0 comm 0x555e1af70e30 [nranks=1] stream 0x555e1554da50
gpu01:3541:3541 [0] NCCL INFO Broadcast: opCount 0 sendbuff 0x7f1ea9750400 recvbuff 0x7f1ea9750400 count 4096 datatype 0 op 0 root 0 comm 0x555e1af70e30 [nranks=1] stream 0x555e1554da50
gpu01:3541:3541 [0] NCCL INFO AllReduce: opCount 0 sendbuff 0x7f1ea9751400 recvbuff 0x7f1ea9751400 count 512 datatype 7 op 2 root 0 comm 0x555e1af70e30 [nranks=1] stream 0x555e1554da50
gpu01:3541:3541 [0] NCCL INFO AllReduce: opCount 0 sendbuff 0x7f1ea9753c00 recvbuff 0x7f1ea9753c00 count 1024 datatype 7 op 0 root 0 comm 0x555e1af70e30 [nranks=1] stream 0x555e1554da50
gpu01:3541:3541 [0] NCCL INFO Broadcast: opCount 0 sendbuff 0x7f1ea96a1400 recvbuff 0x7f1ea96a1400 count 4096 datatype 0 op 0 root 0 comm 0x555e1af70e30 [nranks=1] stream 0x555e1554da50
gpu01:3541:3541 [0] NCCL INFO Broadcast: opCount 0 sendbuff 0x7f1ea970f400 recvbuff 0x7f1ea970f400 count 4096 datatype 0 op 0 root 0 comm 0x555e1af70e30 [nranks=1] stream 0x555e1554da50
gpu01:3541:3541 [0] NCCL INFO Broadcast: opCount 0 sendbuff 0x7f1ea9710400 recvbuff 0x7f1ea9710400 count 2048 datatype 0 op 0 root 0 comm 0x555e1af70e30 [nranks=1] stream 0x555e1554da50
gpu01:3541:3541 [0] NCCL INFO Broadcast: opCount 0 sendbuff 0x7f1ea9710c00 recvbuff 0x7f1ea9710c00 count 262144 datatype 0 op 0 root 0 comm 0x555e1af70e30 [nranks=1] stream 0x555e1554da50
gpu01:3541:3541 [0] NCCL INFO Broadcast: opCount 0 sendbuff 0x7f1ea9750c00 recvbuff 0x7f1ea9750c00 count 4096 datatype 0 op 0 root 0 comm 0x555e1af70e30 [nranks=1] stream 0x555e1554da50
gpu01:3541:3541 [0] NCCL INFO AllReduce: opCount 0 sendbuff 0x7f1ea9751c00 recvbuff 0x7f1ea9751c00 count 512 datatype 7 op 2 root 0 comm 0x555e1af70e30 [nranks=1] stream 0x555e1554da50
gpu01:3541:3541 [0] NCCL INFO AllReduce: opCount 0 sendbuff 0x7f1ea9754400 recvbuff 0x7f1ea9754400 count 1024 datatype 7 op 0 root 0 comm 0x555e1af70e30 [nranks=1] stream 0x555e1554da50
gpu01:3541:3541 [0] NCCL INFO AllReduce: opCount 1a sendbuff 0x7f1ea96a0e00 recvbuff 0x7f1ea96a0e00 count 2 datatype 7 op 0 root 0 comm 0x555e2471ebf0 [nranks=2] stream 0x555e15556cd0
gpu01:3541:3541 [0] NCCL INFO AllReduce: opCount 69 sendbuff 0x7f1ea96a0a00 recvbuff 0x7f1ea96a0a00 count 1 datatype 2 op 2 root 0 comm 0x555e1553ce10 [nranks=2] stream 0x555e155278b0
gpu01:3541:3541 [0] NCCL INFO Broadcast: opCount 0 sendbuff 0x7f1ea96a1400 recvbuff 0x7f1ea96a1400 count 4096 datatype 0 op 0 root 0 comm 0x555e1af70e30 [nranks=1] stream 0x555e1554da50
gpu01:3541:3541 [0] NCCL INFO Broadcast: opCount 0 sendbuff 0x7f1ea970fa00 recvbuff 0x7f1ea970fa00 count 4096 datatype 0 op 0 root 0 comm 0x555e1af70e30 [nranks=1] stream 0x555e1554da50
gpu01:3541:3541 [0] NCCL INFO Broadcast: opCount 0 sendbuff 0x7f1ea96a4a00 recvbuff 0x7f1ea96a4a00 count 2048 datatype 0 op 0 root 0 comm 0x555e1af70e30 [nranks=1] stream 0x555e1554da50
gpu01:3541:3541 [0] NCCL INFO Broadcast: opCount 0 sendbuff 0x7f1ea9710a00 recvbuff 0x7f1ea9710a00 count 262144 datatype 0 op 0 root 0 comm 0x555e1af70e30 [nranks=1] stream 0x555e1554da50
gpu01:3541:3541 [0] NCCL INFO Broadcast: opCount 0 sendbuff 0x7f1ea9750a00 recvbuff 0x7f1ea9750a00 count 4096 datatype 0 op 0 root 0 comm 0x555e1af70e30 [nranks=1] stream 0x555e1554da50
gpu01:3541:3541 [0] NCCL INFO AllReduce: opCount 0 sendbuff 0x7f1ea9751a00 recvbuff 0x7f1ea9751a00 count 512 datatype 7 op 2 root 0 comm 0x555e1af70e30 [nranks=1] stream 0x555e1554da50
gpu01:3541:3541 [0] NCCL INFO AllReduce: opCount 0 sendbuff 0x7f1ea9754200 recvbuff 0x7f1ea9754200 count 1024 datatype 7 op 0 root 0 comm 0x555e1af70e30 [nranks=1] stream 0x555e1554da50
gpu01:3541:3541 [0] NCCL INFO Broadcast: opCount 0 sendbuff 0x7f1ea96a1600 recvbuff 0x7f1ea96a1600 count 4096 datatype 0 op 0 root 0 comm 0x555e1af70e30 [nranks=1] stream 0x555e1554da50
gpu01:3541:3541 [0] NCCL INFO Broadcast: opCount 0 sendbuff 0x7f1ea970fa00 recvbuff 0x7f1ea970fa00 count 4096 datatype 0 op 0 root 0 comm 0x555e1af70e30 [nranks=1] stream 0x555e1554da50
gpu01:3541:3541 [0] NCCL INFO Broadcast: opCount 0 sendbuff 0x7f1ea96a4a00 recvbuff 0x7f1ea96a4a00 count 2048 datatype 0 op 0 root 0 comm 0x555e1af70e30 [nranks=1] stream 0x555e1554da50
gpu01:3541:3541 [0] NCCL INFO Broadcast: opCount 0 sendbuff 0x7f1ea9710a00 recvbuff 0x7f1ea9710a00 count 262144 datatype 0 op 0 root 0 comm 0x555e1af70e30 [nranks=1] stream 0x555e1554da50
gpu01:3541:3541 [0] NCCL INFO Broadcast: opCount 0 sendbuff 0x7f1ea9750a00 recvbuff 0x7f1ea9750a00 count 4096 datatype 0 op 0 root 0 comm 0x555e1af70e30 [nranks=1] stream 0x555e1554da50
gpu01:3541:3541 [0] NCCL INFO AllReduce: opCount 0 sendbuff 0x7f1ea9751a00 recvbuff 0x7f1ea9751a00 count 512 datatype 7 op 2 root 0 comm 0x555e1af70e30 [nranks=1] stream 0x555e1554da50
gpu01:3541:3541 [0] NCCL INFO AllReduce: opCount 0 sendbuff 0x7f1ea9754200 recvbuff 0x7f1ea9754200 count 1024 datatype 7 op 0 root 0 comm 0x555e1af70e30 [nranks=1] stream 0x555e1554da50
gpu01:3541:3541 [0] NCCL INFO AllReduce: opCount 1b sendbuff 0x7f1ea96a1800 recvbuff 0x7f1ea96a1800 count 2 datatype 7 op 0 root 0 comm 0x555e2471ebf0 [nranks=2] stream 0x555e15556cd0
gpu01:3541:3541 [0] NCCL INFO AllReduce: opCount 6a sendbuff 0x7f1ea96a1600 recvbuff 0x7f1ea96a1600 count 1 datatype 2 op 2 root 0 comm 0x555e1553ce10 [nranks=2] stream 0x555e155278b0
gpu01:3541:3541 [0] NCCL INFO Broadcast: opCount 0 sendbuff 0x7f1ea970f400 recvbuff 0x7f1ea970f400 count 4096 datatype 0 op 0 root 0 comm 0x555e1af70e30 [nranks=1] stream 0x555e1554da50
gpu01:3541:3541 [0] NCCL INFO Broadcast: opCount 0 sendbuff 0x7f1ea9710400 recvbuff 0x7f1ea9710400 count 4096 datatype 0 op 0 root 0 comm 0x555e1af70e30 [nranks=1] stream 0x555e1554da50
gpu01:3541:3541 [0] NCCL INFO Broadcast: opCount 0 sendbuff 0x7f1ea96a0a00 recvbuff 0x7f1ea96a0a00 count 2048 datatype 0 op 0 root 0 comm 0x555e1af70e30 [nranks=1] stream 0x555e1554da50
gpu01:3541:3541 [0] NCCL INFO Broadcast: opCount 0 sendbuff 0x7f1ea9711400 recvbuff 0x7f1ea9711400 count 262144 datatype 0 op 0 root 0 comm 0x555e1af70e30 [nranks=1] stream 0x555e1554da50
gpu01:3541:3541 [0] NCCL INFO Broadcast: opCount 0 sendbuff 0x7f1ea9751400 recvbuff 0x7f1ea9751400 count 4096 datatype 0 op 0 root 0 comm 0x555e1af70e30 [nranks=1] stream 0x555e1554da50
gpu01:3541:3541 [0] NCCL INFO AllReduce: opCount 0 sendbuff 0x7f1ea96a1c00 recvbuff 0x7f1ea96a1c00 count 512 datatype 7 op 2 root 0 comm 0x555e1af70e30 [nranks=1] stream 0x555e1554da50
gpu01:3541:3541 [0] NCCL INFO AllReduce: opCount 0 sendbuff 0x7f1ea9754400 recvbuff 0x7f1ea9754400 count 1024 datatype 7 op 0 root 0 comm 0x555e1af70e30 [nranks=1] stream 0x555e1554da50
gpu01:3541:3541 [0] NCCL INFO Broadcast: opCount 0 sendbuff 0x7f1ea970f400 recvbuff 0x7f1ea970f400 count 4096 datatype 0 op 0 root 0 comm 0x555e1af70e30 [nranks=1] stream 0x555e1554da50
gpu01:3541:3541 [0] NCCL INFO Broadcast: opCount 0 sendbuff 0x7f1ea9710400 recvbuff 0x7f1ea9710400 count 4096 datatype 0 op 0 root 0 comm 0x555e1af70e30 [nranks=1] stream 0x555e1554da50
gpu01:3541:3541 [0] NCCL INFO Broadcast: opCount 0 sendbuff 0x7f1ea96a0a00 recvbuff 0x7f1ea96a0a00 count 2048 datatype 0 op 0 root 0 comm 0x555e1af70e30 [nranks=1] stream 0x555e1554da50
gpu01:3541:3541 [0] NCCL INFO Broadcast: opCount 0 sendbuff 0x7f1ea9711400 recvbuff 0x7f1ea9711400 count 262144 datatype 0 op 0 root 0 comm 0x555e1af70e30 [nranks=1] stream 0x555e1554da50
gpu01:3541:3541 [0] NCCL INFO Broadcast: opCount 0 sendbuff 0x7f1ea9751400 recvbuff 0x7f1ea9751400 count 4096 datatype 0 op 0 root 0 comm 0x555e1af70e30 [nranks=1] stream 0x555e1554da50
gpu01:3541:3541 [0] NCCL INFO AllReduce: opCount 0 sendbuff 0x7f1ea96a1c00 recvbuff 0x7f1ea96a1c00 count 512 datatype 7 op 2 root 0 comm 0x555e1af70e30 [nranks=1] stream 0x555e1554da50
gpu01:3541:3541 [0] NCCL INFO AllReduce: opCount 0 sendbuff 0x7f1ea9754400 recvbuff 0x7f1ea9754400 count 1024 datatype 7 op 0 root 0 comm 0x555e1af70e30 [nranks=1] stream 0x555e1554da50
gpu01:3541:3541 [0] NCCL INFO AllReduce: opCount 1c sendbuff 0x7f1ea96a4c00 recvbuff 0x7f1ea96a4c00 count 2 datatype 7 op 0 root 0 comm 0x555e2471ebf0 [nranks=2] stream 0x555e15556cd0
gpu01:3541:3541 [0] NCCL INFO AllReduce: opCount 6b sendbuff 0x7f1ea96a4a00 recvbuff 0x7f1ea96a4a00 count 1 datatype 2 op 2 root 0 comm 0x555e1553ce10 [nranks=2] stream 0x555e155278b0
gpu01:3541:3541 [0] NCCL INFO Broadcast: opCount 0 sendbuff 0x7f1ea96a0a00 recvbuff 0x7f1ea96a0a00 count 4096 datatype 0 op 0 root 0 comm 0x555e1af70e30 [nranks=1] stream 0x555e1554da50
gpu01:3541:3541 [0] NCCL INFO Broadcast: opCount 0 sendbuff 0x7f1ea970f400 recvbuff 0x7f1ea970f400 count 4096 datatype 0 op 0 root 0 comm 0x555e1af70e30 [nranks=1] stream 0x555e1554da50
gpu01:3541:3541 [0] NCCL INFO Broadcast: opCount 0 sendbuff 0x7f1ea96a2200 recvbuff 0x7f1ea96a2200 count 2048 datatype 0 op 0 root 0 comm 0x555e1af70e30 [nranks=1] stream 0x555e1554da50
gpu01:3541:3541 [0] NCCL INFO Broadcast: opCount 0 sendbuff 0x7f1ea9710400 recvbuff 0x7f1ea9710400 count 262144 datatype 0 op 0 root 0 comm 0x555e1af70e30 [nranks=1] stream 0x555e1554da50
gpu01:3541:3541 [0] NCCL INFO Broadcast: opCount 0 sendbuff 0x7f1ea9750400 recvbuff 0x7f1ea9750400 count 4096 datatype 0 op 0 root 0 comm 0x555e1af70e30 [nranks=1] stream 0x555e1554da50
gpu01:3541:3541 [0] NCCL INFO AllReduce: opCount 0 sendbuff 0x7f1ea9751400 recvbuff 0x7f1ea9751400 count 512 datatype 7 op 2 root 0 comm 0x555e1af70e30 [nranks=1] stream 0x555e1554da50
gpu01:3541:3541 [0] NCCL INFO AllReduce: opCount 0 sendbuff 0x7f1ea9753c00 recvbuff 0x7f1ea9753c00 count 1024 datatype 7 op 0 root 0 comm 0x555e1af70e30 [nranks=1] stream 0x555e1554da50
gpu01:3541:3541 [0] NCCL INFO Broadcast: opCount 0 sendbuff 0x7f1ea96a0a00 recvbuff 0x7f1ea96a0a00 count 4096 datatype 0 op 0 root 0 comm 0x555e1af70e30 [nranks=1] stream 0x555e1554da50
gpu01:3541:3541 [0] NCCL INFO Broadcast: opCount 0 sendbuff 0x7f1ea970f400 recvbuff 0x7f1ea970f400 count 4096 datatype 0 op 0 root 0 comm 0x555e1af70e30 [nranks=1] stream 0x555e1554da50
gpu01:3541:3541 [0] NCCL INFO Broadcast: opCount 0 sendbuff 0x7f1ea96a2200 recvbuff 0x7f1ea96a2200 count 2048 datatype 0 op 0 root 0 comm 0x555e1af70e30 [nranks=1] stream 0x555e1554da50
gpu01:3541:3541 [0] NCCL INFO Broadcast: opCount 0 sendbuff 0x7f1ea9710400 recvbuff 0x7f1ea9710400 count 262144 datatype 0 op 0 root 0 comm 0x555e1af70e30 [nranks=1] stream 0x555e1554da50
gpu01:3541:3541 [0] NCCL INFO Broadcast: opCount 0 sendbuff 0x7f1ea9750400 recvbuff 0x7f1ea9750400 count 4096 datatype 0 op 0 root 0 comm 0x555e1af70e30 [nranks=1] stream 0x555e1554da50
gpu01:3541:3541 [0] NCCL INFO AllReduce: opCount 0 sendbuff 0x7f1ea9751400 recvbuff 0x7f1ea9751400 count 512 datatype 7 op 2 root 0 comm 0x555e1af70e30 [nranks=1] stream 0x555e1554da50
gpu01:3541:3541 [0] NCCL INFO AllReduce: opCount 0 sendbuff 0x7f1ea9754400 recvbuff 0x7f1ea9754400 count 1024 datatype 7 op 0 root 0 comm 0x555e1af70e30 [nranks=1] stream 0x555e1554da50
gpu01:3541:3541 [0] NCCL INFO AllReduce: opCount 1d sendbuff 0x7f1ea9752600 recvbuff 0x7f1ea9752600 count 2 datatype 7 op 0 root 0 comm 0x555e2471ebf0 [nranks=2] stream 0x555e15556cd0
gpu01:3541:3541 [0] NCCL INFO AllReduce: opCount 6c sendbuff 0x7f1ea9752400 recvbuff 0x7f1ea9752400 count 1 datatype 2 op 2 root 0 comm 0x555e1553ce10 [nranks=2] stream 0x555e155278b0
gpu01:3541:3541 [0] NCCL INFO AllGather: opCount 6d sendbuff 0x7f1ea96a4c00 recvbuff 0x7f1ea96a4c00 count 4 datatype 0 op 0 root 0 comm 0x555e1553ce10 [nranks=2] stream 0x555e155278b0
