gpu01:35:35 [1] NCCL INFO AllReduce: opCount 0 sendbuffgpu01:34:34 [0] NCCL INFO AllReduce: opCount 0 sendbuff 0x7f0d4ba00200 recvbuff 0x7f0d4ba00200 count 1 datatype 1 opgpu01:35:35 [1] NCCL INFO AllReduce: opCount 1 sendbuff 0x7fbda9a00000 recvbuff 0x7fbda9a00000 count 1 datatype 1 op 0 root 0 comm 0x4bde3240 [nranks=4] stream 0x4bde6740
gpu01:35:35 [1] NCCL INFO AllReduce: opCount 2 sendbuff 0x7fbda9a00000 recvbuff 0x7fbda9a00000 count 1 datatype 8 op 3 root 0 comm 0x4bde3240 [nranks=4] stream 0x4bde6740
gpu01:35:35 [1] NCCL INFO AllReduce: opCount 3 sendbuffgpu01:34:34 [0] NCCL INFO AllReduce: opCount 3 sendbuff 0x7f0d4ba00200 recvbuff 0x7f0d4ba00200 count 1 datatype 1 opgpu01:35:35 [1] NCCL INFO AllReduce: opCount 4 sendbuffgpu01:34:34 [0] NCCL INFO AllReduce: opCount 4 sendbuff 0x7f0d4ba00400 recvbuff 0x7f0d4ba00400 count 1 datatype 1 opgpu01:35:35 [1] NCCL INFO AllGather: opCount 5 sendbuffgpu01:34:34 [0] NCCL INFO AllGather: opCount 5 sendbuff 0x7f0d4ba00600 recvbuff 0x7f0d4ba44c00 count 8 datatype 0 opgpu01:35:35 [1] NCCL INFO AllGather: opCount 6 sendbuffgpu01:34:34 [0] NCCL INFO AllGather: opCount 6 sendbuff 0x7f0d4ba00400 recvbuff 0x7f0d4ba44e00 count 62 datatype 0 opgpu01:35:35 [1] NCCL INFO AllGather: opCount 7 sendbuffgpu01:34:34 [0] NCCL INFO AllGather: opCount 7 sendbuff 0x7f0d4ba44c00 recvbuff 0x7f0d4ba45000 count 8 datatype 0 opgpu01:35:35 [1] NCCL INFO AllGather: opCount 8 sendbuffgpu01:34:34 [0] NCCL INFO AllGather: opCount 8 sendbuff 0x7f0d4ba44a00 recvbuff 0x7f0d4ba45200 count 62 datatype 0 opgpu01:35:35 [1] NCCL INFO AllReduce: opCount 9 sendbuffgpu01:34:34 [0] NCCL INFO AllReduce: opCount 9 sendbuff 0x7f0d4ba00200 recvbuff 0x7f0d4ba00200 count 1 datatype 1 opgpu01:35:35 [1] NCCL INFO AllReduce: opCount a sendbuffgpu01:34:34 [0] NCCL INFO AllReduce: opCount a sendbuff 0x7f0d4ba44a00 recvbuff 0x7f0d4ba44a00 count 1 datatype 1 opgpu01:35:35 [1] NCCL INFO AllReduce: opCount b sendbuffgpu01:34:34 [0] NCCL INFO AllReduce: opCount b sendbuff 0x7f0d4ba00200 recvbuff 0x7f0d4ba00200 count 1 datatype 1 opgpu01:35:35 [1] NCCL INFO AllReduce: opCount c sendbuff 0x7fbda9a44a00 recvbuff 0x7fbda9a44a00 count 1 datatype 1 op 0 root 0 comm 0x4bde3240 [nranks=4] stream 0x4bde6740
gpu01:35:35 [1] NCCL INFO AllReduce: opCount d sendbuffgpu01:34:34 [0] NCCL INFO AllReduce: opCount d sendbuff 0x7f0d4ba00200 recvbuff 0x7f0d4ba00200 count 1 datatype 1 opgpu01:35:35 [1] NCCL INFO Broadcast: opCount e sendbuff 0x7fbda9a00200 recvbuff 0x7fbda9a00200 count 24 datatype 0 op 0 root 0 comm 0x4bde3240 [nranks=4] stream 0x4bde6740
gpu01:35:35 [1] NCCL INFO AllReduce: opCount f sendbuff 0x7fbda9a44a00 recvbuff 0x7fbda9a44a00 count 1 datatype 1 op 0 root 0 comm 0x4bde3240 [nranks=4] stream 0x4bde6740
gpu01:35:35 [1] NCCL INFO AllReduce: opCount 10 sendbufgpu01:34:34 [0] NCCL INFO AllReduce: opCount 10 sendbuff 0x7f0d4ba00200 recvbuff 0x7f0d4ba00200 count 1 datatype 1 opgpu01:35:35 [1] NCCL INFO AllGather: opCount 11 sendbuff 0x7fbda9a00208 recvbuff 0x7fbda9a00200 count 8 datatype 0 op 0 root 0 comm 0x4bde3240 [nranks=4] stream 0x4bde6740
gpu01:35:35 [1] NCCL INFO AllReduce: opCount 12 sendbuff 0x7fbda9a44a00 recvbuff 0x7fbda9a44a00 count 1 datatype 1 op 0 root 0 comm 0x4bde3240 [nranks=4] stream 0x4bde6740
gpu01:35:35 [1] NCCL INFO AllReduce: opCount 13 sendbufgpu01:34:34 [0] NCCL INFO AllReduce: opCount 13 sendbuff 0x7f0d4ba00200 recvbuff 0x7f0d4ba00200 count 1 datatype 1 opgpu01:35:35 [1] NCCL INFO NCCL version 2.19.3+cuda11.8
gpu01:35:35 [1] NCCL INFO Broadcast: opCount 0 sendbuff 0x7fbda9a44c00 recvbuff 0x7fbda9a44c00 count 32768 datatype 0 op 0 root 0 comm 0x52df2220 [nranks=1] stream 0x4bdf27a0
gpu01:35:35 [1] NCCL INFO Broadcast: opCount 0 sendbuff 0x7fbda9a4cc00 recvbuff 0x7fbda9a4cc00 count 32768 datatype 0 op 0 root 0 comm 0x52df2220 [nranks=1] stream 0x4bdf27a0
gpu01:35:35 [1] NCCL INFO Broadcast: opCount 0 sendbuff 0x7fbda9a54c00 recvbuff 0x7fbda9a54c00 count 16384 datatype 0 op 0 root 0 comm 0x52df2220 [nranks=1] stream 0x4bdf27a0
gpu01:35:35 [1] NCCL INFO Broadcast: opCount 0 sendbuff 0x7fbcc8000000 recvbuff 0x7fbcc8000000 count 8388608 datatype 0 op 0 root 0 comm 0x52df2220 [nranks=1] stream 0x4bdf27a0
gpu01:35:35 [1] NCCL INFO Broadcast: opCount 0 sendbuff 0x7fbda9a58c00 recvbuff 0x7fbda9a58c00 count 32768 datatype 0 op 0 root 0 comm 0x52df2220 [nranks=1] stream 0x4bdf27a0
gpu01:35:35 [1] NCCL INFO AllReduce: opCount 0 sendbuff 0x7fbbebd14000 recvbuff 0x7fbbebd14000 count 4096 datatype 7 op 2 root 0 comm 0x52df2220 [nranks=1] stream 0x4bdgpu01:34:34 [0] NCCL INFO AllReduce: opCount 0 sendbuff 0x409b28000 recvbuff 0x409b28000 count 8192 datatype 7 op 0 root 0 comm 0x32444200 [nranks=1] stream 0x2c7dd910
gpu01:34:34 [0] NCCL INFO Broadcast: opCount 0 sendbuff 0x7f0d4bbe4c00 recvbuff 0x7f0d4bbe4c00 count 32768 datatype 0 op 0 root 0 comm 0x32444200 [nranks=1] stream 0x2c7dd910
gpu01:34:34 [0] NCCL INFO Broadcast: opCount 0 sendbuff 0x7f0d4bbecc00 recvbuff 0x7f0d4bbecc00 count 32768 datatype 0 op 0 root 0 comm 0x32444200 [nranks=1] stream 0x2c7dd910
gpu01:34:34 [0] NCCL INFO Broadcast: opCount 0 sendbuff 0x7f0d4bbf4c00 recvbuff 0x7f0d4bbf4c00 count 16384 datatype 0 op 0 root 0 comm 0x32444200 [nranks=1] stream 0x2c7dd910
gpu01:34:34 [0] NCCL INFO Broadcast: opCount 0 sendbuff 0x7f0d75200000 recvbuff 0x7f0d75200000 count 8388608 datatype 0 op 0 root 0 comm 0x32444200 [nranks=1] stream 0x2c7dd910
gpu01:34:34 [0] NCCL INFO Broadcast: opCount 0 sendbuff 0x7f0d4ba44c00 recvbuff 0x7f0d4ba44c00 count 32768 datatype 0 op 0 root 0 comm 0x32444200 [nranks=1] stream 0x2c7dd910
gpu01:34:34 [0] NCCL INFO AllReduce: opCount 0 sendbuff 0x409b14400 recvbuff 0x409b14400 count 4096 datatype 7 op 2 root 0 comm 0x32444200 [nranks=1] stream 0x2c7dd910
gpu01:34:34 [0] NCCL INFO AllReduce: opCount 0 sendbuff 0x409b28400 recvbuff 0x409b28400 count 8192 datatype 7 op 0 root 0 comm 0x32444200 [nranks=1] stream 0x2c7dd910
gpu01:34:34 [0] NCCL INFO Broadcast: opCount 0 sendbuff 0x409b0c400 recvbuff 0x409b0c400 count 32768 datatype 0 op 0 root 0 comm 0x32444200 [nranks=1] stream 0x2c7dd910
gpu01:34:34 [0] NCCL INFO Broadcast: opCount 0 sendbuff 0x409b14400 recvbuff 0x409b14400 count 32768 datatype 0 op 0 root 0 comm 0x32444200 [nranks=1] stream 0x2c7dd910
gpu01:34:34 [0] NCCL INFO Broadcast: opCount 0 sendbuff 0x409b1c400 recvbuff 0x409b1c400 count 16384 datatype 0 op 0 root 0 comm 0x32444200 [nranks=1] stream 0x2c7dd910
gpu01:34:34 [0] NCCL INFO Broadcast: opCount 0 sendbuff 0x7f0d75200000 recvbuff 0x7f0d75200000 count 8388608 datatype 0 op 0 root 0 comm 0x32444200 [nranks=1] stream 0x2c7dd910
gpu01:34:34 [0] NCCL INFO Broadcast: opCount 0 sendbuff 0x7f0d4bbe4c00 recvbuff 0x7f0d4bbe4c00 count 32768 datatype 0 op 0 root 0 comm 0x32444200 [nranks=1] stream 0x2c7dd910
gpu01:34:34 [0] NCCL INFO AllReduce: opCount 0 sendbuff 0x7f0d4bad8c00 recvbuff 0x7f0d4bad8c00 count 4096 datatype 7 op 2 root 0 comm 0x32444200 [nranks=1] stream 0x2c7dd910
gpu01:34:34 [0] NCCL INFO AllReduce: opCount 0 sendbuff 0x409b28a00 recvbuff 0x409b28a00 count 8192 datatype 7 op 0 root 0 comm 0x32444200 [nranks=1] stream 0x2c7dd910
gpu01:34:34 [0] NCCL INFO Broadcast: opCount 0 sendbuff 0x409b0c400 recvbuff 0x409b0c400 count 32768 datatype 0 op 0 root 0 comm 0x32444200 [nranks=1] stream 0x2c7dd910
gpu01:34:34 [0] NCCL INFO Broadcast: opCount 0 sendbuff 0x409b14400 recvbuff 0x409b14400 count 32768 datatype 0 op 0 root 0 comm 0x32444200 [nranks=1] stream 0x2c7dd910
gpu01:34:34 [0] NCCL INFO Broadcast: opCount 0 sendbuff 0x409b1c400 recvbuff 0x409b1c400 count 16384 datatype 0 op 0 root 0 comm 0x32444200 [nranks=1] stream 0x2c7dd910
gpu01:34:34 [0] NCCL INFO Broadcast: opCount 0 sendbuff 0x7f0d75200000 recvbuff 0x7f0d75200000 count 8388608 datatype 0 op 0 root 0 comm 0x32444200 [nranks=1] stream 0x2c7dd910
gpu01:34:34 [0] NCCL INFO Broadcast: opCount 0 sendbuff 0x7f0d4bbe4c00 recvbuff 0x7f0d4bbe4c00 count 32768 datatype 0 op 0 root 0 comm 0x32444200 [nranks=1] stream 0x2c7dd910
gpu01:34:34 [0] NCCL INFO AllReduce: opCount 0 sendbuff 0x7f0d4bad8c00 recvbuff 0x7f0d4bad8c00 count 4096 datatype 7 op 2 root 0 comm 0x32444200 [nranks=1] stream 0x2c7dd910
gpu01:34:34 [0] NCCL INFO AllReduce: opCount 0 sendbuff 0x409b28c00 recvbuff 0x409b28c00 count 8192 datatype 7 op 0 root 0 comm 0x32444200 [nranks=1] stream 0x2c7dd910
gpu01:34:34 [0] NCCL INFO Broadcast: opCount 0 sendbuff 0x409b0c400 recvbuff 0x409b0c400 count 32768 datatype 0 op 0 root 0 comm 0x32444200 [nranks=1] stream 0x2c7dd910
gpu01:34:34 [0] NCCL INFO Broadcast: opCount 0 sendbuff 0x409b14400 recvbuff 0x409b14400 count 32768 datatype 0 op 0 root 0 comm 0x32444200 [nranks=1] stream 0x2c7dd910
gpu01:34:34 [0] NCCL INFO Broadcast: opCount 0 sendbuff 0x409b1c400 recvbuff 0x409b1c400 count 16384 datatype 0 op 0 root 0 comm 0x32444200 [nranks=1] stream 0x2c7dd910
gpu01:34:34 [0] NCCL INFO Broadcast: opCount 0 sendbuff 0x7f0d75200000 recvbuff 0x7f0d75200000 count 8388608 datatype 0 op 0 root 0 comm 0x32444200 [nranks=1] stream 0x2c7dd910
gpu01:34:34 [0] NCCL INFO Broadcast: opCount 0 sendbuff 0x7f0d4bbe4c00 recvbuff 0x7f0d4bbe4c00 count 32768 datatype 0 op 0 root 0 comm 0x32444200 [nranks=1] stream 0x2c7dd910
gpu01:34:34 [0] NCCL INFO AllReduce: opCount 0 sendbuff 0x7f0d4bad8c00 recvbuff 0x7f0d4bad8c00 count 4096 datatype 7 op 2 root 0 comm 0x32444200 [nranks=1] stream 0x2c7dd910
gpu01:34:34 [0] NCCL INFO AllReduce: opCount 0 sendbuff 0x409b28e00 recvbuff 0x409b28e00 count 8192 datatype 7 op 0 root 0 comm 0x32444200 [nranks=1] stream 0x2c7dd910
gpu01:34:34 [0] NCCL INFO Broadcast: opCount 0 sendbuff 0x409b0c400 recvbuff 0x409b0c400 count 32768 datatype 0 op 0 root 0 comm 0x32444200 [nranks=1] stream 0x2c7dd910
gpu01:34:34 [0] NCCL INFO Broadcast: opCount 0 sendbuff 0x409b14400 recvbuff 0x409b14400 count 32768 datatype 0 op 0 root 0 comm 0x32444200 [nranks=1] stream 0x2c7dd910
gpu01:34:34 [0] NCCL INFO Broadcast: opCount 0 sendbuff 0x409b1c400 recvbuff 0x409b1c400 count 16384 datatype 0 op 0 root 0 comm 0x32444200 [nranks=1] stream 0x2c7dd910
gpu01:34:34 [0] NCCL INFO Broadcast: opCount 0 sendbuff 0x7f0d75200000 recvbuff 0x7f0d75200000 count 8388608 datatype 0 op 0 root 0 comm 0x32444200 [nranks=1] stream 0x2c7dd910
gpu01:34:34 [0] NCCL INFO Broadcast: opCount 0 sendbuff 0x7f0d4bbe4c00 recvbuff 0x7f0d4bbe4c00 count 32768 datatype 0 op 0 root 0 comm 0x32444200 [nranks=1] stream 0x2c7dd910
gpu01:34:34 [0] NCCL INFO AllReduce: opCount 0 sendbuff 0x7f0d4bad8c00 recvbuff 0x7f0d4bad8c00 count 4096 datatype 7 op 2 root 0 comm 0x32444200 [nranks=1] stream 0x2c7dd910
gpu01:34:34 [0] NCCL INFO AllReduce: opCount 0 sendbuff 0x409b29000 recvbuff 0x409b29000 count 8192 datatype 7 op 0 root 0 comm 0x32444200 [nranks=1] stream 0x2c7dd910
gpu01:34:34 [0] NCCL INFO Broadcast: opCount 0 sendbuff 0x409b0c400 recvbuff 0x409b0c400 count 32768 datatype 0 op 0 root 0 comm 0x32444200 [nranks=1] stream 0x2c7dd910
gpu01:34:34 [0] NCCL INFO Broadcast: opCount 0 sendbuff 0x409b14400 recvbuff 0x409b14400 count 32768 datatype 0 op 0 root 0 comm 0x32444200 [nranks=1] stream 0x2c7dd910
gpu01:34:34 [0] NCCL INFO Broadcast: opCount 0 sendbuff 0x409b1c400 recvbuff 0x409b1c400 count 16384 datatype 0 op 0 root 0 comm 0x32444200 [nranks=1] stream 0x2c7dd910
gpu01:34:34 [0] NCCL INFO Broadcast: opCount 0 sendbuff 0x7f0d75200000 recvbuff 0x7f0d75200000 count 8388608 datatype 0 op 0 root 0 comm 0x32444200 [nranks=1] stream 0x2c7dd910
gpu01:34:34 [0] NCCL INFO Broadcast: opCount 0 sendbuff 0x7f0d4bbe4c00 recvbuff 0x7f0d4bbe4c00 count 32768 datatype 0 op 0 root 0 comm 0x32444200 [nranks=1] stream 0x2c7dd910
gpu01:34:34 [0] NCCL INFO AllReduce: opCount 0 sendbuff 0x7f0d4bad8c00 recvbuff 0x7f0d4bad8c00 count 4096 datatype 7 op 2 root 0 comm 0x32444200 [nranks=1] stream 0x2c7dd910
gpu01:34:34 [0] NCCL INFO AllReduce: opCount 0 sendbuff 0x409b29200 recvbuff 0x409b29200 count 8192 datatype 7 op 0 root 0 comm 0x32444200 [nranks=1] stream 0x2c7dd910
gpu01:34:34 [0] NCCL INFO Broadcast: opCount 0 sendbuff 0x409b0c400 recvbuff 0x409b0c400 count 32768 datatype 0 op 0 root 0 comm 0x32444200 [nranks=1] stream 0x2c7dd910
gpu01:34:34 [0] NCCL INFO Broadcast: opCount 0 sendbuff 0x409b14400 recvbuff 0x409b14400 count 32768 datatype 0 op 0 root 0 comm 0x32444200 [nranks=1] stream 0x2c7dd910
gpu01:34:34 [0] NCCL INFO Broadcast: opCount 0 sendbuff 0x409b1c400 recvbuff 0x409b1c400 count 16384 datatype 0 op 0 root 0 comm 0x32444200 [nranks=1] stream 0x2c7dd910
gpu01:34:34 [0] NCCL INFO Broadcast: opCount 0 sendbuff 0x7f0d75200000 recvbuff 0x7f0d75200000 count 8388608 datatype 0 op 0 root 0 comm 0x32444200 [nranks=1] stream 0x2c7dd910
gpu01:34:34 [0] NCCL INFO Broadcast: opCount 0 sendbuff 0x7f0d4bbe4c00 recvbuff 0x7f0d4bbe4c00 count 32768 datatype 0 op 0 root 0 comm 0x32444200 [nranks=1] stream 0x2c7dd910
gpu01:34:34 [0] NCCL INFO AllReduce: opCount 0 sendbuff 0x7f0d4bad8c00 recvbuff 0x7f0d4bad8c00 count 4096 datatype 7 op 2 root 0 comm 0x32444200 [nranks=1] stream 0x2c7dd910
gpu01:34:34 [0] NCCL INFO AllReduce: opCount 0 sendbuff 0x409b29400 recvbuff 0x409b29400 count 8192 datatype 7 op 0 root 0 comm 0x32444200 [nranks=1] stream 0x2c7dd910
gpu01:34:34 [0] NCCL INFO Broadcast: opCount 0 sendbuff 0x409b0c400 recvbuff 0x409b0c400 count 32768 datatype 0 op 0 root 0 comm 0x32444200 [nranks=1] stream 0x2c7dd910
gpu01:34:34 [0] NCCL INFO Broadcast: opCount 0 sendbuff 0x409b14400 recvbuff 0x409b14400 count 32768 datatype 0 op 0 root 0 comm 0x32444200 [nranks=1] stream 0x2c7dd910
gpu01:34:34 [0] NCCL INFO Broadcast: opCount 0 sendbuff 0x409b1c400 recvbuff 0x409b1c400 count 16384 datatype 0 op 0 root 0 comm 0x32444200 [nranks=1] stream 0x2c7dd910
gpu01:34:34 [0] NCCL INFO Broadcast: opCount 0 sendbuff 0x7f0d75200000 recvbuff 0x7f0d75200000 count 8388608 datatype 0 op 0 root 0 comm 0x32444200 [nranks=1] stream 0x2c7dd910
gpu01:34:34 [0] NCCL INFO Broadcast: opCount 0 sendbuff 0x7f0d4bbe4c00 recvbuff 0x7f0d4bbe4c00 count 32768 datatype 0 op 0 root 0 comm 0x32444200 [nranks=1] stream 0x2c7dd910
gpu01:34:34 [0] NCCL INFO AllReduce: opCount 0 sendbuff 0x7f0d4bad8c00 recvbuff 0x7f0d4bad8c00 count 4096 datatype 7 op 2 root 0 comm 0x32444200 [nranks=1] stream 0x2c7dd910
gpu01:34:34 [0] NCCL INFO AllReduce: opCount 0 sendbuff 0x409b29600 recvbuff 0x409b29600 count 8192 datatype 7 op 0 root 0 comm 0x32444200 [nranks=1] stream 0x2c7dd910
gpu01:34:34 [0] NCCL INFO Broadcast: opCount 0 sendbuff 0x409b0c400 recvbuff 0x409b0c400 count 32768 datatype 0 op 0 root 0 comm 0x32444200 [nranks=1] stream 0x2c7dd910
gpu01:34:34 [0] NCCL INFO Broadcast: opCount 0 sendbuff 0x409b14400 recvbuff 0x409b14400 count 32768 datatype 0 op 0 root 0 comm 0x32444200 [nranks=1] stream 0x2c7dd910
gpu01:34:34 [0] NCCL INFO Broadcast: opCount 0 sendbuff 0x409b1c400 recvbuff 0x409b1c400 count 16384 datatype 0 op 0 root 0 comm 0x32444200 [nranks=1] stream 0x2c7dd910
gpu01:34:34 [0] NCCL INFO Broadcast: opCount 0 sendbuff 0x7f0d75200000 recvbuff 0x7f0d75200000 count 8388608 datatype 0 op 0 root 0 comm 0x32444200 [nranks=1] stream 0x2c7dd910
gpu01:34:34 [0] NCCL INFO Broadcast: opCount 0 sendbuff 0x7f0d4bbe4c00 recvbuff 0x7f0d4bbe4c00 count 32768 datatype 0 op 0 root 0 comm 0x32444200 [nranks=1] stream 0x2c7dd910
gpu01:34:34 [0] NCCL INFO AllReduce: opCount 0 sendbuff 0x7f0d4bad8c00 recvbuff 0x7f0d4bad8c00 count 4096 datatype 7 op 2 root 0 comm 0x32444200 [nranks=1] stream 0x2c7dd910
gpu01:34:34 [0] NCCL INFO AllReduce: opCount 0 sendbuff 0x409b29800 recvbuff 0x409b29800 count 8192 datatype 7 op 0 root 0 comm 0x32444200 [nranks=1] stream 0x2c7dd910
gpu01:34:34 [0] NCCL INFO Broadcast: opCount 0 sendbuff 0x409b0c400 recvbuff 0x409b0c400 count 32768 datatype 0 op 0 root 0 comm 0x32444200 [nranks=1] stream 0x2c7dd910
gpu01:34:34 [0] NCCL INFO Broadcast: opCount 0 sendbuff 0x409b14400 recvbuff 0x409b14400 count 32768 datatype 0 op 0 root 0 comm 0x32444200 [nranks=1] stream 0x2c7dd910
gpu01:34:34 [0] NCCL INFO Broadcast: opCount 0 sendbuff 0x409b1c400 recvbuff 0x409b1c400 count 16384 datatype 0 op 0 root 0 comm 0x32444200 [nranks=1] stream 0x2c7dd910
gpu01:34:34 [0] NCCL INFO Broadcast: opCount 0 sendbuff 0x7f0d75200000 recvbuff 0x7f0d75200000 count 8388608 datatype 0 op 0 root 0 comm 0x32444200 [nranks=1] stream 0x2c7dd910
gpu01:34:34 [0] NCCL INFO Broadcast: opCount 0 sendbuff 0x7f0d4bbe4c00 recvbuff 0x7f0d4bbe4c00 count 32768 datatype 0 op 0 root 0 comm 0x32444200 [nranks=1] stream 0x2c7dd910
gpu01:34:34 [0] NCCL INFO AllReduce: opCount 0 sendbuff 0x7f0d4bad8c00 recvbuff 0x7f0d4bad8c00 count 4096 datatype 7 op 2 root 0 comm 0x32444200 [nranks=1] stream 0x2c7dd910
gpu01:34:34 [0] NCCL INFO AllReduce: opCount 0 sendbuff 0x409b29a00 recvbuff 0x409b29a00 count 8192 datatype 7 op 0 root 0 comm 0x32444200 [nranks=1] stream 0x2c7dd910
gpu01:34:34 [0] NCCL INFO Broadcast: opCount 0 sendbuff 0x409b0c400 recvbuff 0x409b0c400 count 32768 datatype 0 op 0 root 0 comm 0x32444200 [nranks=1] stream 0x2c7dd910
gpu01:34:34 [0] NCCL INFO Broadcast: opCount 0 sendbuff 0x409b14400 recvbuff 0x409b14400 count 32768 datatype 0 op 0 root 0 comm 0x32444200 [nranks=1] stream 0x2c7dd910
gpu01:34:34 [0] NCCL INFO Broadcast: opCount 0 sendbuff 0x409b1c400 recvbuff 0x409b1c400 count 16384 datatype 0 op 0 root 0 comm 0x32444200 [nranks=1] stream 0x2c7dd910
gpu01:34:34 [0] NCCL INFO Broadcast: opCount 0 sendbuff 0x7f0d75200000 recvbuff 0x7f0d75200000 count 8388608 datatype 0 op 0 root 0 comm 0x32444200 [nranks=1] stream 0x2c7dd910
gpu01:34:34 [0] NCCL INFO Broadcast: opCount 0 sendbuff 0x7f0d4bbe4c00 recvbuff 0x7f0d4bbe4c00 count 32768 datatype 0 op 0 root 0 comm 0x32444200 [nranks=1] stream 0x2c7dd910
gpu01:34:34 [0] NCCL INFO AllReduce: opCount 0 sendbuff 0x7f0d4bad8c00 recvbuff 0x7f0d4bad8c00 count 4096 datatype 7 op 2 root 0 comm 0x32444200 [nranks=1] stream 0x2c7dd910
gpu01:34:34 [0] NCCL INFO AllReduce: opCount 0 sendbuff 0x409b29c00 recvbuff 0x409b29c00 count 8192 datatype 7 op 0 root 0 comm 0x32444200 [nranks=1] stream 0x2c7dd910
gpu01:34:34 [0] NCCL INFO Broadcast: opCount 0 sendbuff 0x409b0c400 recvbuff 0x409b0c400 count 32768 datatype 0 op 0 root 0 comm 0x32444200 [nranks=1] stream 0x2c7dd910
gpu01:34:34 [0] NCCL INFO Broadcast: opCount 0 sendbuff 0x409b14400 recvbuff 0x409b14400 count 32768 datatype 0 op 0 root 0 comm 0x32444200 [nranks=1] stream 0x2c7dd910
gpu01:34:34 [0] NCCL INFO Broadcast: opCount 0 sendbuff 0x409b1c400 recvbuff 0x409b1c400 count 16384 datatype 0 op 0 root 0 comm 0x32444200 [nranks=1] stream 0x2c7dd910
gpu01:34:34 [0] NCCL INFO Broadcast: opCount 0 sendbuff 0x7f0d75200000 recvbuff 0x7f0d75200000 count 8388608 datatype 0 op 0 root 0 comm 0x32444200 [nranks=1] stream 0x2c7dd910
gpu01:34:34 [0] NCCL INFO Broadcast: opCount 0 sendbuff 0x7f0d4bbe4c00 recvbuff 0x7f0d4bbe4c00 count 32768 datatype 0 op 0 root 0 comm 0x32444200 [nranks=1] stream 0x2c7dd910
gpu01:34:34 [0] NCCL INFO AllReduce: opCount 0 sendbuff 0x7f0d4bad8c00 recvbuff 0x7f0d4bad8c00 count 4096 datatype 7 op 2 root 0 comm 0x32444200 [nranks=1] stream 0x2c7dd910
gpu01:34:34 [0] NCCL INFO AllReduce: opCount 0 sendbuff 0x409b29e00 recvbuff 0x409b29e00 count 8192 datatype 7 op 0 root 0 comm 0x32444200 [nranks=1] stream 0x2c7dd910
gpu01:34:34 [0] NCCL INFO Broadcast: opCount 0 sendbuff 0x409b0c400 recvbuff 0x409b0c400 count 32768 datatype 0 op 0 root 0 comm 0x32444200 [nranks=1] stream 0x2c7dd910
gpu01:34:34 [0] NCCL INFO Broadcast: opCount 0 sendbuff 0x409b14400 recvbuff 0x409b14400 count 32768 datatype 0 op 0 root 0 comm 0x32444200 [nranks=1] stream 0x2c7dd910
gpu01:34:34 [0] NCCL INFO Broadcast: opCount 0 sendbuff 0x409b1c400 recvbuff 0x409b1c400 count 16384 datatype 0 op 0 root 0 comm 0x32444200 [nranks=1] stream 0x2c7dd910
gpu01:34:34 [0] NCCL INFO Broadcast: opCount 0 sendbuff 0x7f0d75200000 recvbuff 0x7f0d75200000 count 8388608 datatype 0 op 0 root 0 comm 0x32444200 [nranks=1] stream 0x2c7dd910
gpu01:34:34 [0] NCCL INFO Broadcast: opCount 0 sendbuff 0x7f0d4bbe4c00 recvbuff 0x7f0d4bbe4c00 count 32768 datatype 0 op 0 root 0 comm 0x32444200 [nranks=1] stream 0x2c7dd910
gpu01:34:34 [0] NCCL INFO AllReduce: opCount 0 sendbuff 0x7f0d4bad8c00 recvbuff 0x7f0d4bad8c00 count 4096 datatype 7 op 2 root 0 comm 0x32444200 [nranks=1] stream 0x2c7dd910
gpu01:34:34 [0] NCCL INFO AllReduce: opCount 0 sendbuff 0x409b2a000 recvbuff 0x409b2a000 count 8192 datatype 7 op 0 root 0 comm 0x32444200 [nranks=1] stream 0x2c7dd910
gpu01:34:34 [0] NCCL INFO Broadcast: opCount 0 sendbuff 0x409b0c400 recvbuff 0x409b0c400 count 32768 datatype 0 op 0 root 0 comm 0x32444200 [nranks=1] stream 0x2c7dd910
gpu01:34:34 [0] NCCL INFO Broadcast: opCount 0 sendbuff 0x409b14400 recvbuff 0x409b14400 count 32768 datatype 0 op 0 root 0 comm 0x32444200 [nranks=1] stream 0x2c7dd910
gpu01:34:34 [0] NCCL INFO Broadcast: opCount 0 sendbuff 0x409b1c400 recvbuff 0x409b1c400 count 16384 datatype 0 op 0 root 0 comm 0x32444200 [nranks=1] stream 0x2c7dd910
gpu01:34:34 [0] NCCL INFO Broadcast: opCount 0 sendbuff 0x7f0d75200000 recvbuff 0x7f0d75200000 count 8388608 datatype 0 op 0 root 0 comm 0x32444200 [nranks=1] stream 0x2c7dd910
gpu01:34:34 [0] NCCL INFO Broadcast: opCount 0 sendbuff 0x7f0d4bbe4c00 recvbuff 0x7f0d4bbe4c00 count 32768 datatype 0 op 0 root 0 comm 0x32444200 [nranks=1] stream 0x2c7dd910
gpu01:34:34 [0] NCCL INFO AllReduce: opCount 0 sendbuff 0x7f0d4bad8c00 recvbuff 0x7f0d4bad8c00 count 4096 datatype 7 op 2 root 0 comm 0x32444200 [nranks=1] stream 0x2c7dd910
gpu01:34:34 [0] NCCL INFO AllReduce: opCount 0 sendbuff 0x409b2a200 recvbuff 0x409b2a200 count 8192 datatype 7 op 0 root 0 comm 0x32444200 [nranks=1] stream 0x2c7dd910
gpu01:34:34 [0] NCCL INFO Broadcast: opCount 0 sendbuff 0x409b0c400 recvbuff 0x409b0c400 count 32768 datatype 0 op 0 root 0 comm 0x32444200 [nranks=1] stream 0x2c7dd910
gpu01:34:34 [0] NCCL INFO Broadcast: opCount 0 sendbuff 0x409b14400 recvbuff 0x409b14400 count 32768 datatype 0 op 0 root 0 comm 0x32444200 [nranks=1] stream 0x2c7dd910
gpu01:34:34 [0] NCCL INFO Broadcast: opCount 0 sendbuff 0x409b1c400 recvbuff 0x409b1c400 count 16384 datatype 0 op 0 root 0 comm 0x32444200 [nranks=1] stream 0x2c7dd910
gpu01:34:34 [0] NCCL INFO Broadcast: opCount 0 sendbuff 0x7f0d75200000 recvbuff 0x7f0d75200000 count 8388608 datatype 0 op 0 root 0 comm 0x32444200 [nranks=1] stream 0x2c7dd910
gpu01:34:34 [0] NCCL INFO Broadcast: opCount 0 sendbuff 0x7f0d4bbe4c00 recvbuff 0x7f0d4bbe4c00 count 32768 datatype 0 op 0 root 0 comm 0x32444200 [nranks=1] stream 0x2c7dd910
gpu01:34:34 [0] NCCL INFO AllReduce: opCount 0 sendbuff 0x7f0d4bad8c00 recvbuff 0x7f0d4bad8c00 count 4096 datatype 7 op 2 root 0 comm 0x32444200 [nranks=1] stream 0x2c7dd910
gpu01:34:34 [0] NCCL INFO AllReduce: opCount 0 sendbuff 0x409b2a400 recvbuff 0x409b2a400 count 8192 datatype 7 op 0 root 0 comm 0x32444200 [nranks=1] stream 0x2c7dd910
gpu01:34:34 [0] NCCL INFO Broadcast: opCount 0 sendbuff 0x409b0c400 recvbuff 0x409b0c400 count 32768 datatype 0 op 0 root 0 comm 0x32444200 [nranks=1] stream 0x2c7dd910
gpu01:34:34 [0] NCCL INFO Broadcast: opCount 0 sendbuff 0x409b14400 recvbuff 0x409b14400 count 32768 datatype 0 op 0 root 0 comm 0x32444200 [nranks=1] stream 0x2c7dd910
gpu01:34:34 [0] NCCL INFO Broadcast: opCount 0 sendbuff 0x409b1c400 recvbuff 0x409b1c400 count 16384 datatype 0 op 0 root 0 comm 0x32444200 [nranks=1] stream 0x2c7dd910
gpu01:34:34 [0] NCCL INFO Broadcast: opCount 0 sendbuff 0x7f0d75200000 recvbuff 0x7f0d75200000 count 8388608 datatype 0 op 0 root 0 comm 0x32444200 [nranks=1] stream 0x2c7dd910
gpu01:34:34 [0] NCCL INFO Broadcast: opCount 0 sendbuff 0x7f0d4bbe4c00 recvbuff 0x7f0d4bbe4c00 count 32768 datatype 0 op 0 root 0 comm 0x32444200 [nranks=1] stream 0x2c7dd910
gpu01:34:34 [0] NCCL INFO AllReduce: opCount 0 sendbuff 0x7f0d4bad8c00 recvbuff 0x7f0d4bad8c00 count 4096 datatype 7 op 2 root 0 comm 0x32444200 [nranks=1] stream 0x2c7dd910
gpu01:34:34 [0] NCCL INFO AllReduce: opCount 0 sendbuff 0x409b2a600 recvbuff 0x409b2a600 count 8192 datatype 7 op 0 root 0 comm 0x32444200 [nranks=1] stream 0x2c7dd910
gpu01:34:34 [0] NCCL INFO Broadcast: opCount 0 sendbuff 0x409b0c400 recvbuff 0x409b0c400 count 32768 datatype 0 op 0 root 0 comm 0x32444200 [nranks=1] stream 0x2c7dd910
gpu01:34:34 [0] NCCL INFO Broadcast: opCount 0 sendbuff 0x409b14400 recvbuff 0x409b14400 count 32768 datatype 0 op 0 root 0 comm 0x32444200 [nranks=1] stream 0x2c7dd910
gpu01:34:34 [0] NCCL INFO Broadcast: opCount 0 sendbuff 0x409b1c400 recvbuff 0x409b1c400 count 16384 datatype 0 op 0 root 0 comm 0x32444200 [nranks=1] stream 0x2c7dd910
gpu01:34:34 [0] NCCL INFO Broadcast: opCount 0 sendbuff 0x7f0d75200000 recvbuff 0x7f0d75200000 count 8388608 datatype 0 op 0 root 0 comm 0x32444200 [nranks=1] stream 0x2c7dd910
gpu01:34:34 [0] NCCL INFO Broadcast: opCount 0 sendbuff 0x7f0d4bbe4c00 recvbuff 0x7f0d4bbe4c00 count 32768 datatype 0 op 0 root 0 comm 0x32444200 [nranks=1] stream 0x2c7dd910
gpu01:34:34 [0] NCCL INFO AllReduce: opCount 0 sendbuff 0x7f0d4bad8c00 recvbuff 0x7f0d4bad8c00 count 4096 datatype 7 op 2 root 0 comm 0x32444200 [nranks=1] stream 0x2c7dd910
gpu01:34:34 [0] NCCL INFO AllReduce: opCount 0 sendbuff 0x409b2a800 recvbuff 0x409b2a800 count 8192 datatype 7 op 0 root 0 comm 0x32444200 [nranks=1] stream 0x2c7dd910
gpu01:34:34 [0] NCCL INFO Broadcast: opCount 0 sendbuff 0x409b0c400 recvbuff 0x409b0c400 count 32768 datatype 0 op 0 root 0 comm 0x32444200 [nranks=1] stream 0x2c7dd910
gpu01:34:34 [0] NCCL INFO Broadcast: opCount 0 sendbuff 0x409b14400 recvbuff 0x409b14400 count 32768 datatype 0 op 0 root 0 comm 0x32444200 [nranks=1] stream 0x2c7dd910
gpu01:34:34 [0] NCCL INFO Broadcast: opCount 0 sendbuff 0x409b1c400 recvbuff 0x409b1c400 count 16384 datatype 0 op 0 root 0 comm 0x32444200 [nranks=1] stream 0x2c7dd910
gpu01:34:34 [0] NCCL INFO Broadcast: opCount 0 sendbuff 0x7f0d75200000 recvbuff 0x7f0d75200000 count 8388608 datatype 0 op 0 root 0 comm 0x32444200 [nranks=1] stream 0x2c7dd910
gpu01:34:34 [0] NCCL INFO Broadcast: opCount 0 sendbuff 0x7f0d4bbe4c00 recvbuff 0x7f0d4bbe4c00 count 32768 datatype 0 op 0 root 0 comm 0x32444200 [nranks=1] stream 0x2c7dd910
gpu01:34:34 [0] NCCL INFO AllReduce: opCount 0 sendbuff 0x7f0d4bad8c00 recvbuff 0x7f0d4bad8c00 count 4096 datatype 7 op 2 root 0 comm 0x32444200 [nranks=1] stream 0x2c7dd910
gpu01:34:34 [0] NCCL INFO AllReduce: opCount 0 sendbuff 0x409b2aa00 recvbuff 0x409b2aa00 count 8192 datatype 7 op 0 root 0 comm 0x32444200 [nranks=1] stream 0x2c7dd910
gpu01:34:34 [0] NCCL INFO Broadcast: opCount 0 sendbuff 0x409b0c400 recvbuff 0x409b0c400 count 32768 datatype 0 op 0 root 0 comm 0x32444200 [nranks=1] stream 0x2c7dd910
gpu01:34:34 [0] NCCL INFO Broadcast: opCount 0 sendbuff 0x409b14400 recvbuff 0x409b14400 count 32768 datatype 0 op 0 root 0 comm 0x32444200 [nranks=1] stream 0x2c7dd910
gpu01:34:34 [0] NCCL INFO Broadcast: opCount 0 sendbuff 0x409b1c400 recvbuff 0x409b1c400 count 16384 datatype 0 op 0 root 0 comm 0x32444200 [nranks=1] stream 0x2c7dd910
gpu01:34:34 [0] NCCL INFO Broadcast: opCount 0 sendbuff 0x7f0d75200000 recvbuff 0x7f0d75200000 count 8388608 datatype 0 op 0 root 0 comm 0x32444200 [nranks=1] stream 0x2c7dd910
gpu01:34:34 [0] NCCL INFO Broadcast: opCount 0 sendbuff 0x7f0d4bbe4c00 recvbuff 0x7f0d4bbe4c00 count 32768 datatype 0 op 0 root 0 comm 0x32444200 [nranks=1] stream 0x2c7dd910
gpu01:34:34 [0] NCCL INFO AllReduce: opCount 0 sendbuff 0x7f0d4bad8c00 recvbuff 0x7f0d4bad8c00 count 4096 datatype 7 op 2 root 0 comm 0x32444200 [nranks=1] stream 0x2c7dd910
gpu01:34:34 [0] NCCL INFO AllReduce: opCount 0 sendbuff 0x409b2ac00 recvbuff 0x409b2ac00 count 8192 datatype 7 op 0 root 0 comm 0x32444200 [nranks=1] stream 0x2c7dd910
gpu01:34:34 [0] NCCL INFO Broadcast: opCount 0 sendbuff 0x409b0c400 recvbuff 0x409b0c400 count 32768 datatype 0 op 0 root 0 comm 0x32444200 [nranks=1] stream 0x2c7dd910
gpu01:34:34 [0] NCCL INFO Broadcast: opCount 0 sendbuff 0x409b14400 recvbuff 0x409b14400 count 32768 datatype 0 op 0 root 0 comm 0x32444200 [nranks=1] stream 0x2c7dd910
gpu01:34:34 [0] NCCL INFO Broadcast: opCount 0 sendbuff 0x409b1c400 recvbuff 0x409b1c400 count 16384 datatype 0 op 0 root 0 comm 0x32444200 [nranks=1] stream 0x2c7dd910
gpu01:34:34 [0] NCCL INFO Broadcast: opCount 0 sendbuff 0x7f0d75200000 recvbuff 0x7f0d75200000 count 8388608 datatype 0 op 0 root 0 comm 0x32444200 [nranks=1] stream 0x2c7dd910
gpu01:34:34 [0] NCCL INFO Broadcast: opCount 0 sendbuff 0x7f0d4bbe4c00 recvbuff 0x7f0d4bbe4c00 count 32768 datatype 0 op 0 root 0 comm 0x32444200 [nranks=1] stream 0x2c7dd910
gpu01:34:34 [0] NCCL INFO AllReduce: opCount 0 sendbuff 0x7f0d4bad8c00 recvbuff 0x7f0d4bad8c00 count 4096 datatype 7 op 2 root 0 comm 0x32444200 [nranks=1] stream 0x2c7dd910
gpu01:34:34 [0] NCCL INFO AllReduce: opCount 0 sendbuff 0x409b2ae00 recvbuff 0x409b2ae00 count 8192 datatype 7 op 0 root 0 comm 0x32444200 [nranks=1] stream 0x2c7dd910
gpu01:34:34 [0] NCCL INFO Broadcast: opCount 0 sendbuff 0x409b0c400 recvbuff 0x409b0c400 count 32768 datatype 0 op 0 root 0 comm 0x32444200 [nranks=1] stream 0x2c7dd910
gpu01:34:34 [0] NCCL INFO Broadcast: opCount 0 sendbuff 0x409b14400 recvbuff 0x409b14400 count 32768 datatype 0 op 0 root 0 comm 0x32444200 [nranks=1] stream 0x2c7dd910
gpu01:34:34 [0] NCCL INFO Broadcast: opCount 0 sendbuff 0x409b1c400 recvbuff 0x409b1c400 count 16384 datatype 0 op 0 root 0 comm 0x32444200 [nranks=1] stream 0x2c7dd910
gpu01:34:34 [0] NCCL INFO Broadcast: opCount 0 sendbuff 0x7f0d75200000 recvbuff 0x7f0d75200000 count 8388608 datatype 0 op 0 root 0 comm 0x32444200 [nranks=1] stream 0x2c7dd910
gpu01:34:34 [0] NCCL INFO Broadcast: opCount 0 sendbuff 0x7f0d4bbe4c00 recvbuff 0x7f0d4bbe4c00 count 32768 datatype 0 op 0 root 0 comm 0x32444200 [nranks=1] stream 0x2c7dd910
gpu01:34:34 [0] NCCL INFO AllReduce: opCount 0 sendbuff 0x7f0d4bad8c00 recvbuff 0x7f0d4bad8c00 count 4096 datatype 7 op 2 root 0 comm 0x32444200 [nranks=1] stream 0x2c7dd910
gpu01:34:34 [0] NCCL INFO AllReduce: opCount 0 sendbuff 0x409b2b000 recvbuff 0x409b2b000 count 8192 datatype 7 op 0 root 0 comm 0x32444200 [nranks=1] stream 0x2c7dd910
gpu01:34:34 [0] NCCL INFO Broadcast: opCount 0 sendbuff 0x409b0c400 recvbuff 0x409b0c400 count 32768 datatype 0 op 0 root 0 comm 0x32444200 [nranks=1] stream 0x2c7dd910
gpu01:34:34 [0] NCCL INFO Broadcast: opCount 0 sendbuff 0x409b14400 recvbuff 0x409b14400 count 32768 datatype 0 op 0 root 0 comm 0x32444200 [nranks=1] stream 0x2c7dd910
gpu01:34:34 [0] NCCL INFO Broadcast: opCount 0 sendbuff 0x409b1c400 recvbuff 0x409b1c400 count 16384 datatype 0 op 0 root 0 comm 0x32444200 [nranks=1] stream 0x2c7dd910
gpu01:34:34 [0] NCCL INFO Broadcast: opCount 0 sendbuff 0x7f0d75200000 recvbuff 0x7f0d75200000 count 8388608 datatype 0 op 0 root 0 comm 0x32444200 [nranks=1] stream 0x2c7dd910
gpu01:34:34 [0] NCCL INFO Broadcast: opCount 0 sendbuff 0x7f0d4bbe4c00 recvbuff 0x7f0d4bbe4c00 count 32768 datatype 0 op 0 root 0 comm 0x32444200 [nranks=1] stream 0x2c7dd910
gpu01:34:34 [0] NCCL INFO AllReduce: opCount 0 sendbuff 0x7f0d4bad8c00 recvbuff 0x7f0d4bad8c00 count 4096 datatype 7 op 2 root 0 comm 0x32444200 [nranks=1] stream 0x2c7dd910
gpu01:34:34 [0] NCCL INFO AllReduce: opCount 0 sendbuff 0x409b2b200 recvbuff 0x409b2b200 count 8192 datatype 7 op 0 root 0 comm 0x32444200 [nranks=1] stream 0x2c7dd910
gpu01:34:34 [0] NCCL INFO Broadcast: opCount 0 sendbuff 0x409b0c400 recvbuff 0x409b0c400 count 32768 datatype 0 op 0 root 0 comm 0x32444200 [nranks=1] stream 0x2c7dd910
gpu01:34:34 [0] NCCL INFO Broadcast: opCount 0 sendbuff 0x409b14400 recvbuff 0x409b14400 count 32768 datatype 0 op 0 root 0 comm 0x32444200 [nranks=1] stream 0x2c7dd910
gpu01:34:34 [0] NCCL INFO Broadcast: opCount 0 sendbuff 0x409b1c400 recvbuff 0x409b1c400 count 16384 datatype 0 op 0 root 0 comm 0x32444200 [nranks=1] stream 0x2c7dd910
gpu01:34:34 [0] NCCL INFO Broadcast: opCount 0 sendbuff 0x7f0d75200000 recvbuff 0x7f0d75200000 count 8388608 datatype 0 op 0 root 0 comm 0x32444200 [nranks=1] stream 0x2c7dd910
gpu01:34:34 [0] NCCL INFO Broadcast: opCount 0 sendbuff 0x7f0d4bbe4c00 recvbuff 0x7f0d4bbe4c00 count 32768 datatype 0 op 0 root 0 comm 0x32444200 [nranks=1] stream 0x2c7dd910
gpu01:34:34 [0] NCCL INFO AllReduce: opCount 0 sendbuff 0x7f0d4bad8c00 recvbuff 0x7f0d4bad8c00 count 4096 datatype 7 op 2 root 0 comm 0x32444200 [nranks=1] stream 0x2c7dd910
gpu01:34:34 [0] NCCL INFO AllReduce: opCount 0 sendbuff 0x409b2b400 recvbuff 0x409b2b400 count 8192 datatype 7 op 0 root 0 comm 0x32444200 [nranks=1] stream 0x2c7dd910
gpu01:34:34 [0] NCCL INFO Broadcast: opCount 0 sendbuff 0x409b0c400 recvbuff 0x409b0c400 count 32768 datatype 0 op 0 root 0 comm 0x32444200 [nranks=1] stream 0x2c7dd910
gpu01:34:34 [0] NCCL INFO Broadcast: opCount 0 sendbuff 0x409b14400 recvbuff 0x409b14400 count 32768 datatype 0 op 0 root 0 comm 0x32444200 [nranks=1] stream 0x2c7dd910
gpu01:34:34 [0] NCCL INFO Broadcast: opCount 0 sendbuff 0x409b1c400 recvbuff 0x409b1c400 count 16384 datatype 0 op 0 root 0 comm 0x32444200 [nranks=1] stream 0x2c7dd910
gpu01:34:34 [0] NCCL INFO Broadcast: opCount 0 sendbuff 0x7f0d75200000 recvbuff 0x7f0d75200000 count 8388608 datatype 0 op 0 root 0 comm 0x32444200 [nranks=1] stream 0x2c7dd910
gpu01:34:34 [0] NCCL INFO Broadcast: opCount 0 sendbuff 0x7f0d4bbe4c00 recvbuff 0x7f0d4bbe4c00 count 32768 datatype 0 op 0 root 0 comm 0x32444200 [nranks=1] stream 0x2c7dd910
gpu01:34:34 [0] NCCL INFO AllReduce: opCount 0 sendbuff 0x7f0d4bad8c00 recvbuff 0x7f0d4bad8c00 count 4096 datatype 7 op 2 root 0 comm 0x32444200 [nranks=1] stream 0x2c7dd910
gpu01:34:34 [0] NCCL INFO AllReduce: opCount 0 sendbuff 0x409b2b600 recvbuff 0x409b2b600 count 8192 datatype 7 op 0 root 0 comm 0x32444200 [nranks=1] stream 0x2c7dd910
gpu01:34:34 [0] NCCL INFO Broadcast: opCount 0 sendbuff 0x409b0c400 recvbuff 0x409b0c400 count 32768 datatype 0 op 0 root 0 comm 0x32444200 [nranks=1] stream 0x2c7dd910
gpu01:34:34 [0] NCCL INFO Broadcast: opCount 0 sendbuff 0x409b14400 recvbuff 0x409b14400 count 32768 datatype 0 op 0 root 0 comm 0x32444200 [nranks=1] stream 0x2c7dd910
gpu01:34:34 [0] NCCL INFO Broadcast: opCount 0 sendbuff 0x409b1c400 recvbuff 0x409b1c400 count 16384 datatype 0 op 0 root 0 comm 0x32444200 [nranks=1] stream 0x2c7dd910
gpu01:34:34 [0] NCCL INFO Broadcast: opCount 0 sendbuff 0x7f0d75200000 recvbuff 0x7f0d75200000 count 8388608 datatype 0 op 0 root 0 comm 0x32444200 [nranks=1] stream 0x2c7dd910
gpu01:34:34 [0] NCCL INFO Broadcast: opCount 0 sendbuff 0x7f0d4bbe4c00 recvbuff 0x7f0d4bbe4c00 count 32768 datatype 0 op 0 root 0 comm 0x32444200 [nranks=1] stream 0x2c7dd910
gpu01:34:34 [0] NCCL INFO AllReduce: opCount 0 sendbuff 0x7f0d4bad8c00 recvbuff 0x7f0d4bad8c00 count 4096 datatype 7 op 2 root 0 comm 0x32444200 [nranks=1] stream 0x2c7dd910
gpu01:34:34 [0] NCCL INFO AllReduce: opCount 0 sendbuff 0x409b2b800 recvbuff 0x409b2b800 count 8192 datatype 7 op 0 root 0 comm 0x32444200 [nranks=1] stream 0x2c7dd910
gpu01:34:34 [0] NCCL INFO Broadcast: opCount 0 sendbuff 0x409b0c400 recvbuff 0x409b0c400 count 32768 datatype 0 op 0 root 0 comm 0x32444200 [nranks=1] stream 0x2c7dd910
gpu01:34:34 [0] NCCL INFO Broadcast: opCount 0 sendbuff 0x409b14400 recvbuff 0x409b14400 count 32768 datatype 0 op 0 root 0 comm 0x32444200 [nranks=1] stream 0x2c7dd910
gpu01:34:34 [0] NCCL INFO Broadcast: opCount 0 sendbuff 0x409b1c400 recvbuff 0x409b1c400 count 16384 datatype 0 op 0 root 0 comm 0x32444200 [nranks=1] stream 0x2c7dd910
gpu01:34:34 [0] NCCL INFO Broadcast: opCount 0 sendbuff 0x7f0d75200000 recvbuff 0x7f0d75200000 count 8388608 datatype 0 op 0 root 0 comm 0x32444200 [nranks=1] stream 0x2c7dd910
gpu01:34:34 [0] NCCL INFO Broadcast: opCount 0 sendbuff 0x7f0d4bbe4c00 recvbuff 0x7f0d4bbe4c00 count 32768 datatype 0 op 0 root 0 comm 0x32444200 [nranks=1] stream 0x2c7dd910
gpu01:34:34 [0] NCCL INFO AllReduce: opCount 0 sendbuff 0x7f0d4bad8c00 recvbuff 0x7f0d4bad8c00 count 4096 datatype 7 op 2 root 0 comm 0x32444200 [nranks=1] stream 0x2c7dd910
gpu01:34:34 [0] NCCL INFO AllReduce: opCount 0 sendbuff 0x409b2ba00 recvbuff 0x409b2ba00 count 8192 datatype 7 op 0 root 0 comm 0x32444200 [nranks=1] stream 0x2c7dd910
gpu01:34:34 [0] NCCL INFO Broadcast: opCount 0 sendbuff 0x409b0c400 recvbuff 0x409b0c400 count 32768 datatype 0 op 0 root 0 comm 0x32444200 [nranks=1] stream 0x2c7dd910
gpu01:34:34 [0] NCCL INFO Broadcast: opCount 0 sendbuff 0x409b14400 recvbuff 0x409b14400 count 32768 datatype 0 op 0 root 0 comm 0x32444200 [nranks=1] stream 0x2c7dd910
gpu01:34:34 [0] NCCL INFO Broadcast: opCount 0 sendbuff 0x409b1c400 recvbuff 0x409b1c400 count 16384 datatype 0 op 0 root 0 comm 0x32444200 [nranks=1] stream 0x2c7dd910
gpu01:34:34 [0] NCCL INFO Broadcast: opCount 0 sendbuff 0x7f0d75200000 recvbuff 0x7f0d75200000 count 8388608 datatype 0 op 0 root 0 comm 0x32444200 [nranks=1] stream 0x2c7dd910
gpu01:34:34 [0] NCCL INFO Broadcast: opCount 0 sendbuff 0x7f0d4bbe4c00 recvbuff 0x7f0d4bbe4c00 count 32768 datatype 0 op 0 root 0 comm 0x32444200 [nranks=1] stream 0x2c7dd910
gpu01:34:34 [0] NCCL INFO AllReduce: opCount 0 sendbuff 0x7f0d4bad8c00 recvbuff 0x7f0d4bad8c00 count 4096 datatype 7 op 2 root 0 comm 0x32444200 [nranks=1] stream 0x2c7dd910
gpu01:34:34 [0] NCCL INFO AllReduce: opCount 0 sendbuff 0x409b2bc00 recvbuff 0x409b2bc00 count 8192 datatype 7 op 0 root 0 comm 0x32444200 [nranks=1] stream 0x2c7dd910
gpu01:34:34 [0] NCCL INFO Broadcast: opCount 0 sendbuff 0x409b0c400 recvbuff 0x409b0c400 count 32768 datatype 0 op 0 root 0 comm 0x32444200 [nranks=1] stream 0x2c7dd910
gpu01:34:34 [0] NCCL INFO Broadcast: opCount 0 sendbuff 0x409b14400 recvbuff 0x409b14400 count 32768 datatype 0 op 0 root 0 comm 0x32444200 [nranks=1] stream 0x2c7dd910
gpu01:34:34 [0] NCCL INFO Broadcast: opCount 0 sendbuff 0x409b1c400 recvbuff 0x409b1c400 count 16384 datatype 0 op 0 root 0 comm 0x32444200 [nranks=1] stream 0x2c7dd910
gpu01:34:34 [0] NCCL INFO Broadcast: opCount 0 sendbuff 0x7f0d75200000 recvbuff 0x7f0d75200000 count 8388608 datatype 0 op 0 root 0 comm 0x32444200 [nranks=1] stream 0x2c7dd910
gpu01:34:34 [0] NCCL INFO Broadcast: opCount 0 sendbuff 0x7f0d4bbe4c00 recvbuff 0x7f0d4bbe4c00 count 32768 datatype 0 op 0 root 0 comm 0x32444200 [nranks=1] stream 0x2c7dd910
gpu01:34:34 [0] NCCL INFO AllReduce: opCount 0 sendbuff 0x7f0d4bad8c00 recvbuff 0x7f0d4bad8c00 count 4096 datatype 7 op 2 root 0 comm 0x32444200 [nranks=1] stream 0x2c7dd910
gpu01:34:34 [0] NCCL INFO AllReduce: opCount 0 sendbuff 0x409b2be00 recvbuff 0x409b2be00 count 8192 datatype 7 op 0 root 0 comm 0x32444200 [nranks=1] stream 0x2c7dd910
gpu01:34:34 [0] NCCL INFO Broadcast: opCount 0 sendbuff 0x409b0c400 recvbuff 0x409b0c400 count 32768 datatype 0 op 0 root 0 comm 0x32444200 [nranks=1] stream 0x2c7dd910
gpu01:34:34 [0] NCCL INFO Broadcast: opCount 0 sendbuff 0x409b14400 recvbuff 0x409b14400 count 32768 datatype 0 op 0 root 0 comm 0x32444200 [nranks=1] stream 0x2c7dd910
gpu01:34:34 [0] NCCL INFO Broadcast: opCount 0 sendbuff 0x409b1c400 recvbuff 0x409b1c400 count 16384 datatype 0 op 0 root 0 comm 0x32444200 [nranks=1] stream 0x2c7dd910
gpu01:34:34 [0] NCCL INFO Broadcast: opCount 0 sendbuff 0x7f0d75200000 recvbuff 0x7f0d75200000 count 8388608 datatype 0 op 0 root 0 comm 0x32444200 [nranks=1] stream 0x2c7dd910
gpu01:34:34 [0] NCCL INFO Broadcast: opCount 0 sendbuff 0x7f0d4bbe4c00 recvbuff 0x7f0d4bbe4c00 count 32768 datatype 0 op 0 root 0 comm 0x32444200 [nranks=1] stream 0x2c7dd910
gpu01:34:34 [0] NCCL INFO AllReduce: opCount 0 sendbuff 0x7f0d4bad8c00 recvbuff 0x7f0d4bad8c00 count 4096 datatype 7 op 2 root 0 comm 0x32444200 [nranks=1] stream 0x2c7dd910
gpu01:34:34 [0] NCCL INFO AllReduce: opCount 0 sendbuff 0x409b2c000 recvbuff 0x409b2c000 count 8192 datatype 7 op 0 root 0 comm 0x32444200 [nranks=1] stream 0x2c7dd910
gpu01:34:34 [0] NCCL INFO Broadcast: opCount 0 sendbuff 0x409b0c400 recvbuff 0x409b0c400 count 32768 datatype 0 op 0 root 0 comm 0x32444200 [nranks=1] stream 0x2c7dd910
gpu01:34:34 [0] NCCL INFO Broadcast: opCount 0 sendbuff 0x409b14400 recvbuff 0x409b14400 count 32768 datatype 0 op 0 root 0 comm 0x32444200 [nranks=1] stream 0x2c7dd910
gpu01:34:34 [0] NCCL INFO Broadcast: opCount 0 sendbuff 0x409b1c400 recvbuff 0x409b1c400 count 16384 datatype 0 op 0 root 0 comm 0x32444200 [nranks=1] stream 0x2c7dd910
gpu01:34:34 [0] NCCL INFO Broadcast: opCount 0 sendbuff 0x7f0d75200000 recvbuff 0x7f0d75200000 count 8388608 datatype 0 op 0 root 0 comm 0x32444200 [nranks=1] stream 0x2c7dd910
gpu01:34:34 [0] NCCL INFO Broadcast: opCount 0 sendbuff 0x7f0d4bbe4c00 recvbuff 0x7f0d4bbe4c00 count 32768 datatype 0 op 0 root 0 comm 0x32444200 [nranks=1] stream 0x2c7dd910
gpu01:34:34 [0] NCCL INFO AllReduce: opCount 0 sendbuff 0x7f0d4bad8c00 recvbuff 0x7f0d4bad8c00 count 4096 datatype 7 op 2 root 0 comm 0x32444200 [nranks=1] stream 0x2c7dd910
gpu01:34:34 [0] NCCL INFO AllReduce: opCount 0 sendbuff 0x409b2c200 recvbuff 0x409b2c200 count 8192 datatype 7 op 0 root 0 comm 0x32444200 [nranks=1] stream 0x2c7dd910
gpu01:34:34 [0] NCCL INFO Broadcast: opCount 0 sendbuff 0x409b0c400 recvbuff 0x409b0c400 count 32768 datatype 0 op 0 root 0 comm 0x32444200 [nranks=1] stream 0x2c7dd910
gpu01:34:34 [0] NCCL INFO Broadcast: opCount 0 sendbuff 0x409b14400 recvbuff 0x409b14400 count 32768 datatype 0 op 0 root 0 comm 0x32444200 [nranks=1] stream 0x2c7dd910
gpu01:34:34 [0] NCCL INFO Broadcast: opCount 0 sendbuff 0x409b1c400 recvbuff 0x409b1c400 count 16384 datatype 0 op 0 root 0 comm 0x32444200 [nranks=1] stream 0x2c7dd910
gpu01:34:34 [0] NCCL INFO Broadcast: opCount 0 sendbuff 0x7f0d75200000 recvbuff 0x7f0d75200000 count 8388608 datatype 0 op 0 root 0 comm 0x32444200 [nranks=1] stream 0x2c7dd910
gpu01:34:34 [0] NCCL INFO Broadcast: opCount 0 sendbuff 0x7f0d4bbe4c00 recvbuff 0x7f0d4bbe4c00 count 32768 datatype 0 op 0 root 0 comm 0x32444200 [nranks=1] stream 0x2c7dd910
gpu01:34:34 [0] NCCL INFO AllReduce: opCount 0 sendbuff 0x7f0d4bad8c00 recvbuff 0x7f0d4bad8c00 count 4096 datatype 7 op 2 root 0 comm 0x32444200 [nranks=1] stream 0x2c7dd910
gpu01:34:34 [0] NCCL INFO AllReduce: opCount 0 sendbuff 0x409b2c400 recvbuff 0x409b2c400 count 8192 datatype 7 op 0 root 0 comm 0x32444200 [nranks=1] stream 0x2c7dd910
omm 0x52df2220 [nranks=1] stream 0x4bdf27a0
gpu01:35:35 [1] NCCL INFO Broadcast: opCount 0 sendbuff 0x7fbcc8000000 recvbuff 0x7fbcc8000000 count 8388608 datatype 0 op 0 root 0 comm 0x52df2220 [nranks=1] stream 0x4bdf27a0
gpu01:35:35 [1] NCCL INFO Broadcast: opCount 0 sendbuff 0x7fbda9be4c00 recvbuff 0x7fbda9be4c00 count 32768 datatype 0 op 0 root 0 comm 0x52df2220 [nranks=1] stream 0x4bdf27a0
gpu01:35:35 [1] NCCL INFO AllReduce: opCount 0 sendbuff 0x7fbda9ad8c00 recvbuff 0x7fbda9ad8c00 count 4096 datatype 7 op 2 root 0 comm 0x52df2220 [nranks=1] stream 0x4bdf27a0
gpu01:35:35 [1] NCCL INFO AllReduce: opCount 0 sendbuff 0x7fbbebd2c400 recvbuff 0x7fbbebd2c400 count 8192 datatype 7 op 0 root 0 comm 0x52df2220 [nranks=1] stream 0x4bdf27a0
